#
# There is insufficient memory for the Java Runtime Environment to continue.
# Native memory allocation (mmap) failed to map 65536 bytes for Failed to commit metaspace.
# Possible reasons:
#   The system is out of physical RAM or swap space
#   The process is running with CompressedOops enabled, and the Java Heap may be blocking the growth of the native heap
# Possible solutions:
#   Reduce memory load on the system
#   Increase physical memory or swap space
#   Check if swap backing store is full
#   Decrease Java heap size (-Xmx/-Xms)
#   Decrease Java thread stack sizes (-Xss)
#   Set larger code cache with -XX:ReservedCodeCacheSize=
#   JVM is running with Unscaled Compressed Oops mode in which the Java heap is
#     placed in the first 4GB address space. The Java Heap base address is the
#     maximum limit for the native heap growth. Please use -XX:HeapBaseMinAddress
#     to set the Java Heap base and to place the Java Heap above 4GB virtual address.
# This output file may be truncated or incomplete.
#
#  Out of Memory Error (virtualSpaceNode.cpp:110), pid=21956, tid=27184
#
# JRE version: Java(TM) SE Runtime Environment (20.0.2+9) (build 20.0.2+9-78)
# Java VM: Java HotSpot(TM) 64-Bit Server VM (20.0.2+9-78, mixed mode, sharing, tiered, compressed oops, compressed class ptrs, g1 gc, windows-amd64)
# No core dump will be written. Minidumps are not enabled by default on client versions of Windows
#

---------------  S U M M A R Y ------------

Command Line: -Dfile.encoding=UTF-8 -Dstdout.encoding=UTF-8 -Dstderr.encoding=UTF-8 -XX:+ShowCodeDetailsInExceptionMessages com.spiral.technologie.Application

Host: Intel(R) Core(TM) i3-1005G1 CPU @ 1.20GHz, 4 cores, 3G,  Windows 11 , 64 bit Build 22621 (10.0.22621.3235)
Time: Wed May  1 19:15:27 2024 Paris, Madrid (heure duild 22621 (10.0.22621.3235) elapsed time: 4.171157 seconds (0d 0h 0m 4s)

---------------  T H R E A D  ---------------

Current thread (0x000001ccba441230):  JavaThread "main" [_thread_in_vm, id=27184, stack(0x0000007064200000,0x0000007064300000)]

Stack: [0x0000007064200000,0x0000007064300000]
Native frames: (J=compiled Java code, j=interpreted, Vv=VM code, C=native code)
V  [jvm.dll+0x6bc25a]
V  [jvm.dll+0x84971a]
V  [jvm.dll+0x84b315]
V  [jvm.dll+0x84ba13]
V  [jvm.dll+0x280e4f]
V  [jvm.dll+0x84565b]
V  [jvm.dll+0x660616]
V  [jvm.dll+0x66067a]
V  [jvm.dll+0x662f53]
V  [jvm.dll+0x662e1e]
V  [jvm.dll+0x66102e]
V  [jvm.dll+0x26dde1]
V  [jvm.dll+0x21c177]
V  [jvm.dll+0x211a50]
V  [jvm.dll+0x59c7cc]
V  [jvm.dll+0x22303a]
V  [jvm.dll+0x7c38c4]
V  [jvm.dll+0x7c4a0f]
V  [jvm.dll+0x7c4fbf]
V  [jvm.dll+0x7c4c68]
V  [jvm.dll+0x2705bb]
V  [jvm.dll+0x3d89fe]
C  0x000001cccb2301df

Java frames: (J=compiled Java code, j=interpreted, Vv=VM code)
j  java.lang.StackStreamFactory.makeStackTraverser(Ljava/lang/StackWalker;Ljava/util/function/Function;)Ljava/lang/StackStreamFactory$StackFrameTraverser;+17 java.base@20.0.2
j  java.lang.StackWalker.walk(Ljava/util/function/Function;)Ljava/lang/Object;+7 java.base@20.0.2
j  org.springframework.boot.SpringApplication.deduceMainApplicationClass()Ljava/lang/Class;+12
j  org.springframework.boot.SpringApplication.<init>(Lorg/springframework/core/io/ResourceLoader;[Ljava/lang/Class;)V+150
j  org.springframework.boot.SpringApplication.<init>([Ljava/lang/Class;)V+3
j  org.springframework.boot.SpringApplication.run([Ljava/lang/Class;[Ljava/lang/String;)Lorg/springframework/context/ConfigurableApplicationContext;+5
j  org.springframework.boot.SpringApplication.run(Ljava/lang/Class;[Ljava/lang/String;)Lorg/springframework/context/ConfigurableApplicationContext;+9
j  com.spiral.technologie.Application.main([Ljava/lang/String;)V+3
v  ~StubRoutines::call_stub 0x000001cccb2010e7

---------------  P R O C E S S  ---------------

Threads class SMR info:
_java_thread_list=0x000001cd1c081780, length=11, elements={
0x000001ccba441230, 0x000001ccd6e10da0, 0x000001ccd6e12910, 0x000001ccd6e15840,
0x000001ccd6e18490, 0x000001ccd6e1afd0, 0x000001ccd6e1ba00, 0x000001ccd6e1da80,
0x000001ccd6e89c50, 0x000001cd1c0a0140, 0x000001cd1c0b62c0
}

Java Threads: ( => current thread )
=>0x000001ccba441230 JavaThread "main" [_thread_in_vm, id=27184, stack(0x0000007064200000,0x0000007064300000)]
  0x000001ccd6e10da0 JavaThread "Reference Handler" daemon [_thread_blocked, id=25256, stack(0x0000007064900000,0x0000007064a00000)]
  0x000001ccd6e12910 JavaThread "Finalizer" daemon [_thread_blocked, id=14760, stack(0x0000007064a00000,0x0000007064b00000)]
  0x000001ccd6e15840 JavaThread "Signal Dispatcher" daemon [_thread_blocked, id=4072, stack(0x0000007064b00000,0x0000007064c00000)]
  0x000001ccd6e18490 JavaThread "Attach Listener" daemon [_thread_blocked, id=21544, stack(0x0000007064c00000,0x0000007064d00000)]
  0x000001ccd6e1afd0 JavaThread "Service Thread" daemon [_thread_blocked, id=27500, stack(0x0000007064d00000,0x0000007064e00000)]
  0x000001ccd6e1ba00 JavaThread "Monitor Deflation Thread" daemon [_thread_blocked, id=20732, stack(0x0000007064e00000,0x0000007064f00000)]
  0x000001ccd6e1da80 JavaThread "C2 CompilerThread0" daemon [_thread_blocked, id=13584, stack(0x0000007064f00000,0x0000007065000000)]
  0x000001ccd6e89c50 JavaThread "C1 CompilerThread0" daemon [_thread_blocked, id=20204, stack(0x0000007065000000,0x0000007065100000)]
  0x000001cd1c0a0140 JavaThread "Notification Thread" daemon [_thread_blocked, id=18568, stack(0x0000007065100000,0x0000007065200000)]
  0x000001cd1c0b62c0 JavaThread "Common-Cleaner" daemon [_thread_blocked, id=22664, stack(0x0000007065300000,0x0000007065400000)]

Other Threads:
  0x000001ccd6dff150 VMThread "VM Thread" [stack: 0x0000007064800000,0x0000007064900000] [id=14392]
  0x000001cd1c0a66b0 WatcherThread "VM Periodic Task Thread" [stack: 0x0000007065200000,0x0000007065300000] [id=5436]
  0x000001ccba482040 WorkerThread "GC Thread#0" [stack: 0x0000007064300000,0x0000007064400000] [id=4304]
  0x000001cd1cbfebd0 WorkerThread "GC Thread#1" [stack: 0x0000007065400000,0x0000007065500000] [id=20564]
  0x000001cd1c8446d0 WorkerThread "GC Thread#2" [stack: 0x0000007065500000,0x0000007065600000] [id=20836]
  0x000001cd1c8595b0 WorkerThread "GC Thread#3" [stack: 0x0000007065600000,0x0000007065700000] [id=21228]
  0x000001ccba48a9d0 ConcurrentGCThread "G1 Main Marker" [stack: 0x0000007064400000,0x0000007064500000] [id=16940]
  0x000001ccba48b400 WorkerThread "G1 Conc#0" [stack: 0x0000007064500000,0x0000007064600000] [id=2264]
  0x000001ccba4dc560 ConcurrentGCThread "G1 Refine#0" [stack: 0x0000007064600000,0x0000007064700000] [id=13308]
  0x000001ccba4dd000 ConcurrentGCThread "G1 Service" [stack: 0x0000007064700000,0x0000007064800000] [id=17992]

Threads with active compile tasks:

VM state: not at safepoint (normal execution)

VM Mutex/Monitor currently owned by a thread:  ([mutex/lock_event])
[0x000001ccba28b9e0] Metaspace_lock - owner thread: 0x000001ccba441230

Heap address: 0x00000000c3000000, size: 976 MB, Compressed Oops mode: 32-bit

CDS archive(s) mapped at: [0x000001ccd7000000-0x000001ccd7c60000-0x000001ccd7c60000), size 12976128, SharedBaseAddress: 0x000001ccd7000000, ArchiveRelocationMode: 1.
Compressed class space mapped at: 0x000001ccd8000000-0x000001cd18000000, reserved size: 1073741824
Narrow klass base: 0x000001ccd7000000, Narrow klass shift: 0, Narrow klass range: 0x100000000

GC Precious Log:
 CardTable entry size: 512
 Card Set container configuration: InlinePtr #cards 5 size 8 Array Of Cards #cards 12 size 40 Howl #buckets 4 coarsen threshold 1843 Howl Bitmap #cards 512 size 80 coarsen threshold 460 Card regions per heap region 1 cards per card region 2048
 CPUs: 4 total, 4 available
 Memory: 3901M
 Large Page Support: Disabled
 NUMA Support: Disabled
 Compressed Oops: Enabled (32-bit)
 Heap Region Size: 1M
 Heap Min Capacity: 8M
 Heap Initial Capacity: 62M
 Heap Max Capacity: 976M
 Pre-touch: Disabled
 Parallel Workers: 4
 Concurrent Workers: 1
 Concurrent Refinement Workers: 4
 Periodic GC: Disabled

Heap:
 garbage-first heap   total 63488K, used 8960K [0x00000000c3000000, 0x0000000100000000)
  region size 1024K, 5 young (5120K), 2 survivors (2048K)
 Metaspace       used 3828K, committed 3904K, reserved 1114112K
  class space    used 410K, committed 448K, reserved 1048576K

Heap Regions: E=young(eden), S=young(survivor), O=old, HS=humongous(starts), HC=humongous(continues), CS=collection set, F=free, OA=open archive, CA=closed archive, TAMS=top-at-mark-start, PB=parsable bottom
|   0|0x00000000c3000000, 0x00000000c3100000, 0x00000000c3100000|100%| O|  |TAMS 0x00000000c3000000| PB 0x00000000c3000000| Untracked 
|   1|0x00000000c3100000, 0x00000000c3200000, 0x00000000c3200000|100%| O|  |TAMS 0x00000000c3100000| PB 0x00000000c3100000| Untracked 
|   2|0x00000000c3200000, 0x00000000c3300000, 0x00000000c3300000|100%| O|  |TAMS 0x00000000c3200000| PB 0x00000000c3200000| Untracked 
|   3|0x00000000c3300000, 0x00000000c3400000, 0x00000000c3400000|100%| O|  |TAMS 0x00000000c3300000| PB 0x00000000c3300000| Untracked 
|   4|0x00000000c3400000, 0x00000000c34c0000, 0x00000000c3500000| 75%| O|  |TAMS 0x00000000c3400000| PB 0x00000000c3400000| Untracked 
|   5|0x00000000c3500000, 0x00000000c3500000, 0x00000000c3600000|  0%| F|  |TAMS 0x00000000c3500000| PB 0x00000000c3500000| Untracked 
|   6|0x00000000c3600000, 0x00000000c3600000, 0x00000000c3700000|  0%| F|  |TAMS 0x00000000c3600000| PB 0x00000000c3600000| Untracked 
|   7|0x00000000c3700000, 0x00000000c3700000, 0x00000000c3800000|  0%| F|  |TAMS 0x00000000c3700000| PB 0x00000000c3700000| Untracked 
|   8|0x00000000c3800000, 0x00000000c3800000, 0x00000000c3900000|  0%| F|  |TAMS 0x00000000c3800000| PB 0x00000000c3800000| Untracked 
|   9|0x00000000c3900000, 0x00000000c3900000, 0x00000000c3a00000|  0%| F|  |TAMS 0x00000000c3900000| PB 0x00000000c3900000| Untracked 
|  10|0x00000000c3a00000, 0x00000000c3a00000, 0x00000000c3b00000|  0%| F|  |TAMS 0x00000000c3a00000| PB 0x00000000c3a00000| Untracked 
|  11|0x00000000c3b00000, 0x00000000c3b00000, 0x00000000c3c00000|  0%| F|  |TAMS 0x00000000c3b00000| PB 0x00000000c3b00000| Untracked 
|  12|0x00000000c3c00000, 0x00000000c3c00000, 0x00000000c3d00000|  0%| F|  |TAMS 0x00000000c3c00000| PB 0x00000000c3c00000| Untracked 
|  13|0x00000000c3d00000, 0x00000000c3d00000, 0x00000000c3e00000|  0%| F|  |TAMS 0x00000000c3d00000| PB 0x00000000c3d00000| Untracked 
|  14|0x00000000c3e00000, 0x00000000c3e00000, 0x00000000c3f00000|  0%| F|  |TAMS 0x00000000c3e00000| PB 0x00000000c3e00000| Untracked 
|  15|0x00000000c3f00000, 0x00000000c3f00000, 0x00000000c4000000|  0%| F|  |TAMS 0x00000000c3f00000| PB 0x00000000c3f00000| Untracked 
|  16|0x00000000c4000000, 0x00000000c4000000, 0x00000000c4100000|  0%| F|  |TAMS 0x00000000c4000000| PB 0x00000000c4000000| Untracked 
|  17|0x00000000c4100000, 0x00000000c4100000, 0x00000000c4200000|  0%| F|  |TAMS 0x00000000c4100000| PB 0x00000000c4100000| Untracked 
|  18|0x00000000c4200000, 0x00000000c4200000, 0x00000000c4300000|  0%| F|  |TAMS 0x00000000c4200000| PB 0x00000000c4200000| Untracked 
|  19|0x00000000c4300000, 0x00000000c4300000, 0x00000000c4400000|  0%| F|  |TAMS 0x00000000c4300000| PB 0x00000000c4300000| Untracked 
|  20|0x00000000c4400000, 0x00000000c4400000, 0x00000000c4500000|  0%| F|  |TAMS 0x00000000c4400000| PB 0x00000000c4400000| Untracked 
|  21|0x00000000c4500000, 0x00000000c4500000, 0x00000000c4600000|  0%| F|  |TAMS 0x00000000c4500000| PB 0x00000000c4500000| Untracked 
|  22|0x00000000c4600000, 0x00000000c4600000, 0x00000000c4700000|  0%| F|  |TAMS 0x00000000c4600000| PB 0x00000000c4600000| Untracked 
|  23|0x00000000c4700000, 0x00000000c4700000, 0x00000000c4800000|  0%| F|  |TAMS 0x00000000c4700000| PB 0x00000000c4700000| Untracked 
|  24|0x00000000c4800000, 0x00000000c4800000, 0x00000000c4900000|  0%| F|  |TAMS 0x00000000c4800000| PB 0x00000000c4800000| Untracked 
|  25|0x00000000c4900000, 0x00000000c4900000, 0x00000000c4a00000|  0%| F|  |TAMS 0x00000000c4900000| PB 0x00000000c4900000| Untracked 
|  26|0x00000000c4a00000, 0x00000000c4a00000, 0x00000000c4b00000|  0%| F|  |TAMS 0x00000000c4a00000| PB 0x00000000c4a00000| Untracked 
|  27|0x00000000c4b00000, 0x00000000c4b00000, 0x00000000c4c00000|  0%| F|  |TAMS 0x00000000c4b00000| PB 0x00000000c4b00000| Untracked 
|  28|0x00000000c4c00000, 0x00000000c4c00000, 0x00000000c4d00000|  0%| F|  |TAMS 0x00000000c4c00000| PB 0x00000000c4c00000| Untracked 
|  29|0x00000000c4d00000, 0x00000000c4d00000, 0x00000000c4e00000|  0%| F|  |TAMS 0x00000000c4d00000| PB 0x00000000c4d00000| Untracked 
|  30|0x00000000c4e00000, 0x00000000c4e00000, 0x00000000c4f00000|  0%| F|  |TAMS 0x00000000c4e00000| PB 0x00000000c4e00000| Untracked 
|  31|0x00000000c4f00000, 0x00000000c4f00000, 0x00000000c5000000|  0%| F|  |TAMS 0x00000000c4f00000| PB 0x00000000c4f00000| Untracked 
|  32|0x00000000c5000000, 0x00000000c5000000, 0x00000000c5100000|  0%| F|  |TAMS 0x00000000c5000000| PB 0x00000000c5000000| Untracked 
|  33|0x00000000c5100000, 0x00000000c5100000, 0x00000000c5200000|  0%| F|  |TAMS 0x00000000c5100000| PB 0x00000000c5100000| Untracked 
|  34|0x00000000c5200000, 0x00000000c5200000, 0x00000000c5300000|  0%| F|  |TAMS 0x00000000c5200000| PB 0x00000000c5200000| Untracked 
|  35|0x00000000c5300000, 0x00000000c5300000, 0x00000000c5400000|  0%| F|  |TAMS 0x00000000c5300000| PB 0x00000000c5300000| Untracked 
|  36|0x00000000c5400000, 0x00000000c5400000, 0x00000000c5500000|  0%| F|  |TAMS 0x00000000c5400000| PB 0x00000000c5400000| Untracked 
|  37|0x00000000c5500000, 0x00000000c5500000, 0x00000000c5600000|  0%| F|  |TAMS 0x00000000c5500000| PB 0x00000000c5500000| Untracked 
|  38|0x00000000c5600000, 0x00000000c5600000, 0x00000000c5700000|  0%| F|  |TAMS 0x00000000c5600000| PB 0x00000000c5600000| Untracked 
|  39|0x00000000c5700000, 0x00000000c5700000, 0x00000000c5800000|  0%| F|  |TAMS 0x00000000c5700000| PB 0x00000000c5700000| Untracked 
|  40|0x00000000c5800000, 0x00000000c5800000, 0x00000000c5900000|  0%| F|  |TAMS 0x00000000c5800000| PB 0x00000000c5800000| Untracked 
|  41|0x00000000c5900000, 0x00000000c5900000, 0x00000000c5a00000|  0%| F|  |TAMS 0x00000000c5900000| PB 0x00000000c5900000| Untracked 
|  42|0x00000000c5a00000, 0x00000000c5a00000, 0x00000000c5b00000|  0%| F|  |TAMS 0x00000000c5a00000| PB 0x00000000c5a00000| Untracked 
|  43|0x00000000c5b00000, 0x00000000c5b00000, 0x00000000c5c00000|  0%| F|  |TAMS 0x00000000c5b00000| PB 0x00000000c5b00000| Untracked 
|  44|0x00000000c5c00000, 0x00000000c5c00000, 0x00000000c5d00000|  0%| F|  |TAMS 0x00000000c5c00000| PB 0x00000000c5c00000| Untracked 
|  45|0x00000000c5d00000, 0x00000000c5d00000, 0x00000000c5e00000|  0%| F|  |TAMS 0x00000000c5d00000| PB 0x00000000c5d00000| Untracked 
|  46|0x00000000c5e00000, 0x00000000c5e00000, 0x00000000c5f00000|  0%| F|  |TAMS 0x00000000c5e00000| PB 0x00000000c5e00000| Untracked 
|  47|0x00000000c5f00000, 0x00000000c6000000, 0x00000000c6000000|100%| S|CS|TAMS 0x00000000c5f00000| PB 0x00000000c5f00000| Complete 
|  48|0x00000000c6000000, 0x00000000c6100000, 0x00000000c6100000|100%| S|CS|TAMS 0x00000000c6000000| PB 0x00000000c6000000| Complete 
|  49|0x00000000c6100000, 0x00000000c6100000, 0x00000000c6200000|  0%| F|  |TAMS 0x00000000c6100000| PB 0x00000000c6100000| Untracked 
|  50|0x00000000c6200000, 0x00000000c6200000, 0x00000000c6300000|  0%| F|  |TAMS 0x00000000c6200000| PB 0x00000000c6200000| Untracked 
|  51|0x00000000c6300000, 0x00000000c6300000, 0x00000000c6400000|  0%| F|  |TAMS 0x00000000c6300000| PB 0x00000000c6300000| Untracked 
|  52|0x00000000c6400000, 0x00000000c6400000, 0x00000000c6500000|  0%| F|  |TAMS 0x00000000c6400000| PB 0x00000000c6400000| Untracked 
|  53|0x00000000c6500000, 0x00000000c6500000, 0x00000000c6600000|  0%| F|  |TAMS 0x00000000c6500000| PB 0x00000000c6500000| Untracked 
|  54|0x00000000c6600000, 0x00000000c6600000, 0x00000000c6700000|  0%| F|  |TAMS 0x00000000c6600000| PB 0x00000000c6600000| Untracked 
|  55|0x00000000c6700000, 0x00000000c6700000, 0x00000000c6800000|  0%| F|  |TAMS 0x00000000c6700000| PB 0x00000000c6700000| Untracked 
|  56|0x00000000c6800000, 0x00000000c6800000, 0x00000000c6900000|  0%| F|  |TAMS 0x00000000c6800000| PB 0x00000000c6800000| Untracked 
|  57|0x00000000c6900000, 0x00000000c6900000, 0x00000000c6a00000|  0%| F|  |TAMS 0x00000000c6900000| PB 0x00000000c6900000| Untracked 
|  58|0x00000000c6a00000, 0x00000000c6a00000, 0x00000000c6b00000|  0%| F|  |TAMS 0x00000000c6a00000| PB 0x00000000c6a00000| Untracked 
|  59|0x00000000c6b00000, 0x00000000c6bd7518, 0x00000000c6c00000| 84%| E|  |TAMS 0x00000000c6b00000| PB 0x00000000c6b00000| Complete 
|  60|0x00000000c6c00000, 0x00000000c6d00000, 0x00000000c6d00000|100%| E|CS|TAMS 0x00000000c6c00000| PB 0x00000000c6c00000| Complete 
|  61|0x00000000c6d00000, 0x00000000c6e00000, 0x00000000c6e00000|100%| E|CS|TAMS 0x00000000c6d00000| PB 0x00000000c6d00000| Complete 

Card table byte_map: [0x000001ccd34f0000,0x000001ccd36e0000] _byte_map_base: 0x000001ccd2ed8000

Marking Bits: (CMBitMap*) 0x000001ccba482670
 Bits: [0x000001ccd38d0000, 0x000001ccd4810000)

Polling page: 0x000001ccba4f0000

Metaspace:

Usage:
  Non-class:      3.34 MB used.
      Class:    410.09 KB used.
       Both:      3.74 MB used.

Virtual space:
  Non-class space:       64.00 MB reserved,       3.38 MB (  5%) committed,  1 nodes.
      Class space:        1.00 GB reserved,     448.00 KB ( <1%) committed,  1 nodes.
             Both:        1.06 GB reserved,       3.81 MB ( <1%) committed. 

Chunk freelists:
   Non-Class:  2.50 MB
       Class:  3.50 MB
        Both:  6.00 MB

MaxMetaspaceSize: unlimited
CompressedClassSpaceSize: 1.00 GB
Initial GC threshold: 21.00 MB
Current GC threshold: 21.00 MB
CDS: on
MetaspaceReclaimPolicy: balanced
 - commit_granule_bytes: 65536.
 - commit_granule_words: 8192.
 - virtual_space_node_default_size: 8388608.
 - enlarge_chunks_in_place: 1.
 - new_chunks_are_fully_committed: 0.
 - uncommit_free_chunks: 1.
 - use_allocation_guard: 0.


Internal statistics:

num_allocs_failed_limit: 0.
num_arena_births: 92.
num_arena_deaths: 0.
num_vsnodes_births: 2.
num_vsnodes_deaths: 0.
num_space_committed: 61.
num_space_uncommitted: 0.
num_chunks_returned_to_freelist: 0.
num_chunks_taken_from_freelist: 214.
num_chunk_merges: 0.
num_chunk_splits: 114.
num_chunks_enlarged: 51.
num_inconsistent_stats: 0.

CodeHeap 'non-profiled nmethods': size=120000Kb used=334Kb max_used=334Kb free=119666Kb
 bounds [0x000001cccb7a0000, 0x000001cccba10000, 0x000001ccd2cd0000]
CodeHeap 'profiled nmethods': size=120000Kb used=1568Kb max_used=1568Kb free=118431Kb
 bounds [0x000001ccc3cd0000, 0x000001ccc3f40000, 0x000001cccb200000]
CodeHeap 'non-nmethods': size=5760Kb used=1517Kb max_used=1530Kb free=4242Kb
 bounds [0x000001cccb200000, 0x000001cccb470000, 0x000001cccb7a0000]
 total_blobs=1362 nmethods=906 adapters=367
 compilation: enabled
              stopped_count=0, restarted_count=0
 full_count=0

Compilation events (20 events):
Event: 4.096 Thread 0x000001ccd6e89c50  898       3       java.lang.Character::isWhitespace (5 bytes)
Event: 4.096 Thread 0x000001ccd6e89c50 nmethod 898 0x000001ccc3e53990 code [0x000001ccc3e53b40, 0x000001ccc3e53d90]
Event: 4.096 Thread 0x000001ccd6e89c50  899       3       java.lang.Character::isWhitespace (9 bytes)
Event: 4.097 Thread 0x000001ccd6e89c50 nmethod 899 0x000001ccc3e53e90 code [0x000001ccc3e54040, 0x000001ccc3e54228]
Event: 4.098 Thread 0x000001ccd6e89c50  900       1       java.util.concurrent.atomic.AtomicInteger::get (5 bytes)
Event: 4.098 Thread 0x000001ccd6e89c50 nmethod 900 0x000001cccb7f3110 code [0x000001cccb7f3280, 0x000001cccb7f3348]
Event: 4.126 Thread 0x000001ccd6e89c50  901       3       java.util.ArrayList::grow (60 bytes)
Event: 4.127 Thread 0x000001ccd6e89c50 nmethod 901 0x000001ccc3e54310 code [0x000001ccc3e54500, 0x000001ccc3e54b48]
Event: 4.146 Thread 0x000001ccd6e89c50  902       3       java.lang.invoke.MethodHandleNatives::refKindIsField (32 bytes)
Event: 4.146 Thread 0x000001ccd6e89c50 nmethod 902 0x000001ccc3e54d90 code [0x000001ccc3e54f20, 0x000001ccc3e55078]
Event: 4.148 Thread 0x000001ccd6e89c50  903       3       java.lang.invoke.MethodType::toMethodDescriptorString (28 bytes)
Event: 4.148 Thread 0x000001ccd6e89c50 nmethod 903 0x000001ccc3e55110 code [0x000001ccc3e552a0, 0x000001ccc3e55478]
Event: 4.158 Thread 0x000001ccd6e89c50  904       3       java.lang.Integer::valueOf (32 bytes)
Event: 4.158 Thread 0x000001ccd6e89c50 nmethod 904 0x000001ccc3e55510 code [0x000001ccc3e556c0, 0x000001ccc3e559e0]
Event: 4.161 Thread 0x000001ccd6e89c50  906       3       jdk.internal.org.objectweb.asm.SymbolTable::addConstantNameAndType (137 bytes)
Event: 4.162 Thread 0x000001ccd6e89c50 nmethod 906 0x000001ccc3e55b10 code [0x000001ccc3e55d40, 0x000001ccc3e56438]
Event: 4.162 Thread 0x000001ccd6e89c50  907       3       jdk.internal.org.objectweb.asm.SymbolTable$Entry::<init> (20 bytes)
Event: 4.162 Thread 0x000001ccd6e89c50 nmethod 907 0x000001ccc3e56890 code [0x000001ccc3e56a20, 0x000001ccc3e56b70]
Event: 4.163 Thread 0x000001ccd6e89c50  908       3       java.lang.invoke.DirectMethodHandle::<init> (148 bytes)
Event: 4.164 Thread 0x000001ccd6e89c50 nmethod 908 0x000001ccc3e56c90 code [0x000001ccc3e56f40, 0x000001ccc3e57de0]

GC Heap History (2 events):
Event: 3.535 GC heap before
{Heap before GC invocations=0 (full 0):
 garbage-first heap   total 63488K, used 12288K [0x00000000c3000000, 0x0000000100000000)
  region size 1024K, 13 young (13312K), 0 survivors (0K)
 Metaspace       used 2932K, committed 3136K, reserved 1114112K
  class space    used 288K, committed 384K, reserved 1048576K
}
Event: 3.641 GC heap after
{Heap after GC invocations=1 (full 0):
 garbage-first heap   total 63488K, used 6912K [0x00000000c3000000, 0x0000000100000000)
  region size 1024K, 2 young (2048K), 2 survivors (2048K)
 Metaspace       used 2932K, committed 3136K, reserved 1114112K
  class space    used 288K, committed 384K, reserved 1048576K
}

Dll operation events (6 events):
Event: 0.016 Loaded shared library C:\Program Files\Java\jdk-20\bin\java.dll
Event: 0.086 Loaded shared library C:\Program Files\Java\jdk-20\bin\jsvml.dll
Event: 0.740 Loaded shared library C:\Program Files\Java\jdk-20\bin\net.dll
Event: 0.926 Loaded shared library C:\Program Files\Java\jdk-20\bin\nio.dll
Event: 0.940 Loaded shared library C:\Program Files\Java\jdk-20\bin\zip.dll
Event: 1.983 Loaded shared library C:\Program Files\Java\jdk-20\bin\jimage.dll

Deoptimization events (20 events):
Event: 1.793 Thread 0x000001ccba441230 DEOPT PACKING pc=0x000001ccc3d32850 sp=0x00000070642fc920
Event: 1.793 Thread 0x000001ccba441230 DEOPT UNPACKING pc=0x000001cccb26e462 sp=0x00000070642fbda0 mode 0
Event: 2.068 Thread 0x000001ccba441230 Uncommon trap: trap_request=0xffffff45 fr.pc=0x000001cccb7ab2f0 relative=0x0000000000000070
Event: 2.068 Thread 0x000001ccba441230 Uncommon trap: reason=unstable_if action=reinterpret pc=0x000001cccb7ab2f0 method=java.io.WinNTFileSystem.isSlash(C)Z @ 9 c2
Event: 2.068 Thread 0x000001ccba441230 DEOPT PACKING pc=0x000001cccb7ab2f0 sp=0x00000070642fdd90
Event: 2.068 Thread 0x000001ccba441230 DEOPT UNPACKING pc=0x000001cccb21d2a2 sp=0x00000070642fdd18 mode 2
Event: 2.351 Thread 0x000001ccba441230 Uncommon trap: trap_request=0xffffff45 fr.pc=0x000001cccb7c710c relative=0x00000000000002ec
Event: 2.351 Thread 0x000001ccba441230 Uncommon trap: reason=unstable_if action=reinterpret pc=0x000001cccb7c710c method=java.io.BufferedReader.implRead()I @ 12 c2
Event: 2.351 Thread 0x000001ccba441230 DEOPT PACKING pc=0x000001cccb7c710c sp=0x00000070642fcee0
Event: 2.351 Thread 0x000001ccba441230 DEOPT UNPACKING pc=0x000001cccb21d2a2 sp=0x00000070642fcdb8 mode 2
Event: 3.531 Thread 0x000001ccba441230 DEOPT PACKING pc=0x000001ccc3cddeae sp=0x00000070642f91b0
Event: 3.531 Thread 0x000001ccba441230 DEOPT UNPACKING pc=0x000001cccb26e462 sp=0x00000070642f8628 mode 0
Event: 3.647 Thread 0x000001ccd6e10da0 Uncommon trap: trap_request=0xffffff45 fr.pc=0x000001cccb7c67c0 relative=0x0000000000000040
Event: 3.647 Thread 0x000001ccd6e10da0 Uncommon trap: reason=unstable_if action=reinterpret pc=0x000001cccb7c67c0 method=java.util.concurrent.locks.AbstractQueuedSynchronizer.signalNext(Ljava/util/concurrent/locks/AbstractQueuedSynchronizer$Node;)V @ 1 c2
Event: 3.647 Thread 0x000001ccd6e10da0 DEOPT PACKING pc=0x000001cccb7c67c0 sp=0x00000070649ff320
Event: 3.647 Thread 0x000001ccd6e10da0 DEOPT UNPACKING pc=0x000001cccb21d2a2 sp=0x00000070649ff2b0 mode 2
Event: 3.647 Thread 0x000001ccd6e10da0 Uncommon trap: trap_request=0xffffff45 fr.pc=0x000001cccb7c6bc4 relative=0x0000000000000144
Event: 3.647 Thread 0x000001ccd6e10da0 Uncommon trap: reason=unstable_if action=reinterpret pc=0x000001cccb7c6bc4 method=java.util.concurrent.locks.ReentrantLock$NonfairSync.initialTryLock()Z @ 10 c2
Event: 3.647 Thread 0x000001ccd6e10da0 DEOPT PACKING pc=0x000001cccb7c6bc4 sp=0x00000070649ff300
Event: 3.647 Thread 0x000001ccd6e10da0 DEOPT UNPACKING pc=0x000001cccb21d2a2 sp=0x00000070649ff2a8 mode 2

Classes loaded (20 events):
Event: 4.092 Loading class sun/reflect/generics/reflectiveObjects/TypeVariableImpl done
Event: 4.093 Loading class java/lang/reflect/ParameterizedType
Event: 4.093 Loading class java/lang/reflect/ParameterizedType done
Event: 4.093 Loading class java/lang/reflect/WildcardType
Event: 4.094 Loading class java/lang/reflect/WildcardType done
Event: 4.096 Loading class sun/reflect/generics/tree/TypeVariableSignature
Event: 4.096 Loading class sun/reflect/generics/tree/TypeVariableSignature done
Event: 4.097 Loading class sun/reflect/generics/reflectiveObjects/ParameterizedTypeImpl
Event: 4.097 Loading class sun/reflect/generics/reflectiveObjects/ParameterizedTypeImpl done
Event: 4.156 Loading class java/util/concurrent/CountDownLatch
Event: 4.156 Loading class java/util/concurrent/CountDownLatch done
Event: 4.156 Loading class java/util/concurrent/CountDownLatch$Sync
Event: 4.156 Loading class java/util/concurrent/CountDownLatch$Sync done
Event: 4.159 Loading class java/lang/StackWalker$Option
Event: 4.159 Loading class java/lang/StackWalker$Option done
Event: 4.163 Loading class java/lang/StackStreamFactory
Event: 4.165 Loading class java/lang/StackStreamFactory done
Event: 4.165 Loading class java/lang/StackWalker$ExtendedOption
Event: 4.166 Loading class java/lang/StackWalker$ExtendedOption done
Event: 4.166 Loading class java/lang/StackStreamFactory$StackFrameTraverser

Classes unloaded (0 events):
No events

Classes redefined (0 events):
No events

Internal exceptions (7 events):
Event: 2.346 Thread 0x000001ccba441230 Exception <a 'java/lang/ClassNotFoundException'{0x00000000c64a3288}: javax/smartcardio/CardPermission> (0x00000000c64a3288) 
thrown [s\open\src\hotspot\share\classfile\systemDictionary.cpp, line 305]
Event: 2.354 Thread 0x000001ccba441230 Exception <a 'java/io/FileNotFoundException'{0x00000000c64b1990}> (0x00000000c64b1990) 
thrown [s\open\src\hotspot\share\prims\jni.cpp, line 519]
Event: 2.760 Thread 0x000001ccba441230 Exception <a 'java/lang/NoSuchMethodError'{0x00000000c63356d0}: 'java.lang.Object java.lang.invoke.DirectMethodHandle$Holder.invokeSpecial(java.lang.Object, java.lang.Object, java.lang.Object, long, java.lang.Object)'> (0x00000000c63356d0) 
thrown [s\open\src\hotspot\share\interpreter\linkResolver.cpp, line 773]
Event: 2.762 Thread 0x000001ccba441230 Exception <a 'java/lang/NoSuchMethodError'{0x00000000c6339020}: 'java.lang.Object java.lang.invoke.Invokers$Holder.linkToTargetMethod(java.lang.Object, long, java.lang.Object, java.lang.Object)'> (0x00000000c6339020) 
thrown [s\open\src\hotspot\share\interpreter\linkResolver.cpp, line 773]
Event: 3.241 Thread 0x000001ccba441230 Exception <a 'java/lang/NoSuchMethodError'{0x00000000c612d9e0}: 'void java.lang.invoke.DirectMethodHandle$Holder.invokeStatic(java.lang.Object, java.lang.Object, java.lang.Object, java.lang.Object)'> (0x00000000c612d9e0) 
thrown [s\open\src\hotspot\share\interpreter\linkResolver.cpp, line 773]
Event: 3.687 Thread 0x000001ccba441230 Exception <a 'java/lang/NoSuchMethodError'{0x00000000c6d32e98}: 'int java.lang.invoke.DirectMethodHandle$Holder.invokeStaticInit(java.lang.Object, java.lang.Object)'> (0x00000000c6d32e98) 
thrown [s\open\src\hotspot\share\interpreter\linkResolver.cpp, line 773]
Event: 3.723 Thread 0x000001ccba441230 Exception <a 'java/lang/NoSuchMethodError'{0x00000000c6dc8cf8}: 'void java.lang.invoke.DirectMethodHandle$Holder.invokeInterface(java.lang.Object, java.lang.Object, java.lang.Object, java.lang.Object)'> (0x00000000c6dc8cf8) 
thrown [s\open\src\hotspot\share\interpreter\linkResolver.cpp, line 773]

VM Operations (20 events):
Event: 1.206 Executing VM operation: HandshakeAllThreads
Event: 1.206 Executing VM operation: HandshakeAllThreads done
Event: 1.972 Executing VM operation: HandshakeAllThreads
Event: 1.972 Executing VM operation: HandshakeAllThreads done
Event: 2.067 Executing VM operation: HandshakeAllThreads
Event: 2.067 Executing VM operation: HandshakeAllThreads done
Event: 2.358 Executing VM operation: HandshakeAllThreads
Event: 2.358 Executing VM operation: HandshakeAllThreads done
Event: 2.358 Executing VM operation: Cleanup
Event: 2.378 Executing VM operation: Cleanup done
Event: 3.107 Executing VM operation: HandshakeAllThreads
Event: 3.107 Executing VM operation: HandshakeAllThreads done
Event: 3.198 Executing VM operation: HandshakeAllThreads
Event: 3.198 Executing VM operation: HandshakeAllThreads done
Event: 3.534 Executing VM operation: G1CollectForAllocation
Event: 3.645 Executing VM operation: G1CollectForAllocation done
Event: 4.156 Executing VM operation: HandshakeAllThreads
Event: 4.156 Executing VM operation: HandshakeAllThreads done
Event: 4.156 Executing VM operation: HandshakeAllThreads
Event: 4.156 Executing VM operation: HandshakeAllThreads done

Events (11 events):
Event: 0.087 Thread 0x000001ccba441230 Thread added: 0x000001ccba441230
Event: 0.172 Thread 0x000001ccd6e10da0 Thread added: 0x000001ccd6e10da0
Event: 0.172 Thread 0x000001ccd6e12910 Thread added: 0x000001ccd6e12910
Event: 0.172 Thread 0x000001ccd6e15840 Thread added: 0x000001ccd6e15840
Event: 0.172 Thread 0x000001ccd6e18490 Thread added: 0x000001ccd6e18490
Event: 0.172 Thread 0x000001ccd6e1afd0 Thread added: 0x000001ccd6e1afd0
Event: 0.172 Thread 0x000001ccd6e1ba00 Thread added: 0x000001ccd6e1ba00
Event: 0.173 Thread 0x000001ccd6e1da80 Thread added: 0x000001ccd6e1da80
Event: 0.207 Thread 0x000001ccd6e89c50 Thread added: 0x000001ccd6e89c50
Event: 0.709 Thread 0x000001cd1c0a0140 Thread added: 0x000001cd1c0a0140
Event: 0.718 Thread 0x000001cd1c0b62c0 Thread added: 0x000001cd1c0b62c0


Dynamic libraries:
0x00007ff7dbde0000 - 0x00007ff7dbdf0000 	C:\Program Files\Java\jdk-20\bin\javaw.exe
0x00007ff84af10000 - 0x00007ff84b126000 	C:\WINDOWS\SYSTEM32\ntdll.dll
0x00007ff84a720000 - 0x00007ff84a7e4000 	C:\WINDOWS\System32\KERNEL32.DLL
0x00007ff848710000 - 0x00007ff848ab6000 	C:\WINDOWS\System32\KERNELBASE.dll
0x00007ff8485f0000 - 0x00007ff848701000 	C:\WINDOWS\System32\ucrtbase.dll
0x00007ff83c7b0000 - 0x00007ff83c7c9000 	C:\Program Files\Java\jdk-20\bin\jli.dll
0x00007ff84a940000 - 0x00007ff84a9f2000 	C:\WINDOWS\System32\ADVAPI32.dll
0x00007ff848ff0000 - 0x00007ff849097000 	C:\WINDOWS\System32\msvcrt.dll
0x00007ff849bd0000 - 0x00007ff849c78000 	C:\WINDOWS\System32\sechost.dll
0x00007ff848460000 - 0x00007ff848488000 	C:\WINDOWS\System32\bcrypt.dll
0x00007ff84a820000 - 0x00007ff84a935000 	C:\WINDOWS\System32\RPCRT4.dll
0x00007ff848e40000 - 0x00007ff848fed000 	C:\WINDOWS\System32\USER32.dll
0x00007ff848490000 - 0x00007ff8484b6000 	C:\WINDOWS\System32\win32u.dll
0x00007ff84a7f0000 - 0x00007ff84a819000 	C:\WINDOWS\System32\GDI32.dll
0x00007ff848ac0000 - 0x00007ff848bd8000 	C:\WINDOWS\System32\gdi32full.dll
0x00007ff848250000 - 0x00007ff8482ea000 	C:\WINDOWS\System32\msvcp_win.dll
0x00007ff832390000 - 0x00007ff832623000 	C:\WINDOWS\WinSxS\amd64_microsoft.windows.common-controls_6595b64144ccf1df_6.0.22621.3235_none_270f74e173860f98\COMCTL32.dll
0x00007ff840fd0000 - 0x00007ff840fda000 	C:\WINDOWS\SYSTEM32\VERSION.dll
0x00007ff83bff0000 - 0x00007ff83c00b000 	C:\Program Files\Java\jdk-20\bin\VCRUNTIME140.dll
0x00007ff84abb0000 - 0x00007ff84abe1000 	C:\WINDOWS\System32\IMM32.DLL
0x00007ff83f500000 - 0x00007ff83f50c000 	C:\Program Files\Java\jdk-20\bin\vcruntime140_1.dll
0x00007ff816b80000 - 0x00007ff816c0e000 	C:\Program Files\Java\jdk-20\bin\msvcp140.dll
0x00007fff9ac90000 - 0x00007fff9b928000 	C:\Program Files\Java\jdk-20\bin\server\jvm.dll
0x00007fffe7320000 - 0x00007fffe7329000 	C:\WINDOWS\SYSTEM32\WSOCK32.dll
0x00007ff8496d0000 - 0x00007ff849741000 	C:\WINDOWS\System32\WS2_32.dll
0x00007ff841440000 - 0x00007ff841474000 	C:\WINDOWS\SYSTEM32\WINMM.dll
0x00007ff847290000 - 0x00007ff8472a8000 	C:\WINDOWS\SYSTEM32\kernel.appcore.dll
0x00007ff83f490000 - 0x00007ff83f49a000 	C:\Program Files\Java\jdk-20\bin\jimage.dll
0x00007ff845c90000 - 0x00007ff845ec3000 	C:\WINDOWS\SYSTEM32\DBGHELP.DLL
0x00007ff849340000 - 0x00007ff8496c8000 	C:\WINDOWS\System32\combase.dll
0x00007ff84abf0000 - 0x00007ff84acc7000 	C:\WINDOWS\System32\OLEAUT32.dll
0x00007ff840200000 - 0x00007ff840232000 	C:\WINDOWS\SYSTEM32\dbgcore.DLL
0x00007ff848be0000 - 0x00007ff848c5a000 	C:\WINDOWS\System32\bcryptPrimitives.dll
0x00007ff825980000 - 0x00007ff8259a6000 	C:\Program Files\Java\jdk-20\bin\java.dll
0x00007ff814c90000 - 0x00007ff814d67000 	C:\Program Files\Java\jdk-20\bin\jsvml.dll
0x00007ff849ca0000 - 0x00007ff84a4fd000 	C:\WINDOWS\System32\SHELL32.dll
0x00007ff8461b0000 - 0x00007ff846aa8000 	C:\WINDOWS\SYSTEM32\windows.storage.dll
0x00007ff846070000 - 0x00007ff8461ae000 	C:\WINDOWS\SYSTEM32\wintypes.dll
0x00007ff84ad30000 - 0x00007ff84ae23000 	C:\WINDOWS\System32\SHCORE.dll
0x00007ff8490a0000 - 0x00007ff8490fe000 	C:\WINDOWS\System32\shlwapi.dll
0x00007ff848180000 - 0x00007ff8481a6000 	C:\WINDOWS\SYSTEM32\profapi.dll
0x00007ff824d10000 - 0x00007ff824d23000 	C:\Program Files\Java\jdk-20\bin\net.dll
0x00007ff841480000 - 0x00007ff8415b7000 	C:\WINDOWS\SYSTEM32\WINHTTP.dll
0x00007ff847710000 - 0x00007ff847779000 	C:\WINDOWS\system32\mswsock.dll
0x00007ff824bc0000 - 0x00007ff824bd6000 	C:\Program Files\Java\jdk-20\bin\nio.dll
0x00007ff8249a0000 - 0x00007ff8249b8000 	C:\Program Files\Java\jdk-20\bin\zip.dll

dbghelp: loaded successfully - version: 4.0.5 - missing functions: none
symbol engine: initialized successfully - sym options: 0x614 - pdb path: .;C:\Program Files\Java\jdk-20\bin;C:\WINDOWS\SYSTEM32;C:\WINDOWS\WinSxS\amd64_microsoft.windows.common-controls_6595b64144ccf1df_6.0.22621.3235_none_270f74e173860f98;C:\Program Files\Java\jdk-20\bin\server

VM Arguments:
jvm_args: -Dfile.encoding=UTF-8 -Dstdout.encoding=UTF-8 -Dstderr.encoding=UTF-8 -XX:+ShowCodeDetailsInExceptionMessages 
java_command: com.spiral.technologie.Application
java_class_path (initial): C:\Users\ASUS\Downloads\publication\publication\target\classes;C:\Users\ASUS\.m2\repository\org\camunda\bpm\springboot\camunda-bpm-spring-boot-starter-webapp\7.21.0\camunda-bpm-spring-boot-starter-webapp-7.21.0.jar;C:\Users\ASUS\.m2\repository\org\camunda\bpm\springboot\camunda-bpm-spring-boot-starter-webapp-core\7.21.0\camunda-bpm-spring-boot-starter-webapp-core-7.21.0.jar;C:\Users\ASUS\.m2\repository\org\camunda\bpm\springboot\camunda-bpm-spring-boot-starter\7.21.0\camunda-bpm-spring-boot-starter-7.21.0.jar;C:\Users\ASUS\.m2\repository\org\camunda\bpm\camunda-engine-spring-6\7.21.0\camunda-engine-spring-6-7.21.0.jar;C:\Users\ASUS\.m2\repository\org\camunda\bpm\camunda-engine\7.21.0\camunda-engine-7.21.0.jar;C:\Users\ASUS\.m2\repository\org\camunda\bpm\model\camunda-bpmn-model\7.21.0\camunda-bpmn-model-7.21.0.jar;C:\Users\ASUS\.m2\repository\org\camunda\bpm\model\camunda-xml-model\7.21.0\camunda-xml-model-7.21.0.jar;C:\Users\ASUS\.m2\repository\org\camunda\bpm\model\camunda-cmmn-model\7.21.0\camunda-cmmn-model-7.21.0.jar;C:\Users\ASUS\.m2\repository\org\camunda\bpm\juel\camunda-juel\7.21.0\camunda-juel-7.21.0.jar;C:\Users\ASUS\.m2\repository\org\camunda\bpm\dmn\camunda-engine-dmn\7.21.0\camunda-engine-dmn-7.21.0.jar;C:\Users\ASUS\.m2\repository\org\camunda\commons\camunda-commons-utils\1.13.0\camunda-commons-utils-1.13.0.jar;C:\Users\ASUS\.m2\repository\org\camunda\bpm\model\camunda-dmn-model\7.21.0\camunda-dmn-model-7.21.0.jar;C:\Users\ASUS\.m2\repository\org\camunda\bpm\dmn\camunda-engine-feel-api\7.21.0\camunda-engine-feel-api-7.21.0.jar;C:\Users\ASUS\.m2\repository\org\camunda\bpm\dmn\camunda-engine-feel-juel\7.21.0\camunda-engine-feel-juel-7.21.0.jar;C:\Users\ASUS\.m2\repository\org\camunda\bpm\dmn\camunda-engine-feel-scala\7.21.0\camunda-engine-feel-scala-7.21.0.jar;C:\Users\ASUS\.m2\repository\org\camunda\feel\feel-engine\1.17.5\feel-engine-1.17.5-scala-shaded.jar;C:\Users\ASUS\.m2\repository\org\camunda\commons\camunda-commons-typed-values\7.21.0\camunda-commons-typed-values-7.21.0.jar;C:\Users\ASUS\.m2\repository\org\mybatis\mybatis\3.5.15\mybatis-3.5.15.jar;C:\Users\ASUS\.m2\repository\joda-time\joda-time\2.12.5\joda-time-2.12.5.jar;C:\Users\ASUS\.m2\repository\org\camunda\connect\camunda-connect-core\1.6.0\camunda-connect-core-1.6.0.jar;C:\Users\ASUS\.m2\repository\org\camunda\connect\camunda-connect-connectors-all\1.6.0\camunda-connect-connectors-all-1.6.0.jar;C:\Users\ASUS\.m2\repository\org\springframework\spring-orm\6.1.3\spring-orm-6.1.3.jar;C:\Users\ASUS\.m2\repository\org\apache\commons\commons-lang3\3.13.0\commons-lang3-3.13.0.jar;C:\Users\ASUS\.m2\repository\com\fasterxml\uuid\java-uuid-generator\4.3.0\java-uuid-generator-4.3.0.jar;C:\Users\ASUS\.m2\repository\com\sun\xml\bind\jaxb-impl\4.0.4\jaxb-impl-4.0.4.jar;C:\Users\ASUS\.m2\repository\com\sun\xml\bind\jaxb-core\4.0.4\jaxb-core-4.0.4.jar;C:\Users\ASUS\.m2\repository\org\eclipse\angus\angus-activation\2.0.1\angus-activation-2.0.1.jar;C:\Users\ASUS\.m2\repository\org\camunda\bpm\webapp\camunda-webapp-jakarta\7.21.0\camunda-webapp-jakarta-7.21.0-classes.jar;C:\Users\ASUS\.m2\repository\com\fasterxml\jackson\jakarta\rs\jackson-jakarta-rs-json-provider\2.15.3\jackson-jakarta-rs-json-provider-2.15.3.jar;C:\Users\ASUS\.m2\repository\com\fasterxml\jackson\jakarta\rs\jackson-jakarta-rs-base\2.15.3\jackson-jakarta-rs-base-2.15.3.jar;C:\Users\ASUS\.m2\repository\com\fasterxml\jackson\module\jackson-module-jakarta-xmlbind-annotations\2.15.3\jackson-module-jakarta-xmlbind-annotations-2.15.3.jar;C:\Users\ASUS\.m2\repository\org\camunda\bpm\camunda-engine-rest-core-jakarta\7.21.0\camunda-engine-rest-core-jakarta-7.21.0.jar;C:\Users\ASUS\.m2\repository\commons-fileupload\commons-fileupload\1.5\commons-fileupload-1.5.jar;C:\Users\ASUS\.m2\repository\commons-io\commons-io\2.8.0\commons-io-2.8.0.jar;C:\Users\ASUS\.m2\repository\org\camunda\commons\camunda-commons-logging\1.13.0\camunda-commons-logging-1.13.0.jar;C:\Users\ASUS\.m2\repository\org\springframework\boot\spring-boot-starter-jersey\3.2.2\spring-boot-starter-jersey-3.2.2.jar;C:\Users\ASUS\.m2\repository\org\springframework\boot\spring-boot-starter-validation\3.2.2\spring-boot-starter-validation-3.2.2.jar;C:\Users\ASUS\.m2\repository\org\hibernate\validator\hibernate-validator\8.0.1.Final\hibernate-validator-8.0.1.Final.jar;C:\Users\ASUS\.m2\repository\com\fasterxml\classmate\1.6.0\classmate-1.6.0.jar;C:\Users\ASUS\.m2\repository\org\glassfish\jersey\containers\jersey-container-servlet-core\3.1.5\jersey-container-servlet-core-3.1.5.jar;C:\Users\ASUS\.m2\repository\jakarta\inject\jakarta.inject-api\2.0.1\jakarta.inject-api-2.0.1.jar;C:\Users\ASUS\.m2\repository\org\glassfish\jersey\core\jersey-common\3.1.5\jersey-common-3.1.5.jar;C:\Users\ASUS\.m2\repository\org\glassfish\hk2\osgi-resource-locator\1.0.3\osgi-resource-locator-1.0.3.jar;C:\Users\ASUS\.m2\repository\jakarta\ws\rs\jakarta.ws.rs-api\3.1.0\jakarta.ws.rs-api-3.1.0.jar;C:\Users\ASUS\.m2\repository\org\glassfish\jersey\containers\jersey-container-servlet\3.1.5\jersey-container-servlet-3.1.5.jar;C:\Users\ASUS\.m2\repository\org\glassfish\jersey\core\jersey-server\3.1.5\jersey-server-3.1.5.jar;C:\Users\ASUS\.m2\repository\org\glassfish\jersey\core\jersey-client\3.1.5\jersey-client-3.1.5.jar;C:\Users\ASUS\.m2\repository\jakarta\validation\jakarta.validation-api\3.0.2\jakarta.validation-api-3.0.2.jar;C:\Users\ASUS\.m2\repository\org\glassfish\jersey\ext\jersey-bean-validation\3.1.5\jersey-bean-validation-3.1.5.jar;C:\Users\ASUS\.m2\repository\org\jboss\logging\jboss-logging\3.5.3.Final\jboss-logging-3.5.3.Final.jar;C:\Users\ASUS\.m2\repository\org\glassfish\jersey\ext\jersey-spring6\3.1.5\jersey-spring6-3.1.5.jar;C:\Users\ASUS\.m2\repository\org\glassfish\jersey\inject\jersey-hk2\3.1.5\jersey-hk2-3.1.5.jar;C:\Users\ASUS\.m2\repository\org\glassfish\hk2\hk2-locator\3.0.5\hk2-locator-3.0.5.jar;C:\Users\ASUS\.m2\repository\org\glassfish\hk2\external\aopalliance-repackaged\3.0.5\aopalliance-repackaged-3.0.5.jar;C:\Users\ASUS\.m2\repository\org\javassist\javassist\3.29.2-GA\javassist-3.29.2-GA.jar;C:\Users\ASUS\.m2\repository\org\glassfish\hk2\hk2\3.0.5\hk2-3.0.5.jar;C:\Users\ASUS\.m2\repository\org\glassfish\hk2\hk2-utils\3.0.5\hk2-utils-3.0.5.jar;C:\Users\ASUS\.m2\repository\org\glassfish\hk2\hk2-api\3.0.5\hk2-api-3.0.5.jar;C:\Users\ASUS\.m2\repository\org\glassfish\hk2\hk2-core\3.0.5\hk2-core-3.0.5.jar;C:\Users\ASUS\.m2\repository\org\glassfish\hk2\hk2-runlevel\3.0.5\hk2-runlevel-3.0.5.jar;C:\Users\ASUS\.m2\repository\org\glassfish\hk2\class-model\3.0.5\class-model-3.0.5.jar;C:\Users\ASUS\.m2\repository\org\ow2\asm\asm-analysis\9.6\asm-analysis-9.6.jar;C:\Users\ASUS\.m2\repository\org\ow2\asm\asm-commons\9.6\asm-commons-9.6.jar;C:\Users\ASUS\.m2\repository\org\ow2\asm\asm-tree\9.6\asm-tree-9.6.jar;C:\Users\ASUS\.m2\repository\org\ow2\asm\asm-util\9.6\asm-util-9.6.jar;C:\Users\ASUS\.m2\repository\org\glassfish\hk2\spring-bridge\3.0.5\spring-bridge-3.0.5.jar;C:\Users\ASUS\.m2\repository\org\glassfish\jersey\media\jersey-media-json-jackson\3.1.5\jersey-media-json-jackson-3.1.5.jar;C:\Users\ASUS\.m2\repository\org\glassfish\jersey\ext\jersey-entity-filtering\3.1.5\jersey-entity-filtering-3.1.5.jar;C:\Users\ASUS\.m2\repository\jakarta\xml\bind\jakarta.xml.bind-api\4.0.1\jakarta.xml.bind-api-4.0.1.jar;C:\Users\ASUS\.m2\repository\jakarta\activation\jakarta.activation-api\2.1.2\jakarta.activation-api-2.1.2.jar;C:\Users\ASUS\.m2\repository\org\camunda\bpm\webapp\camunda-webapp-webjar\7.21.0\camunda-webapp-webjar-7.21.0.jar;C:\Users\ASUS\.m2\repository\org\springframework\boot\spring-boot-starter-web\3.2.2\spring-boot-starter-web-3.2.2.jar;C:\Users\ASUS\.m2\repository\org\springframework\boot\spring-boot-starter\3.2.2\spring-boot-starter-3.2.2.jar;C:\Users\ASUS\.m2\repository\org\springframework\boot\spring-boot\3.2.2\spring-boot-3.2.2.jar;C:\Users\ASUS\.m2\repository\org\springframework\boot\spring-boot-autoconfigure\3.2.2\spring-boot-autoconfigure-3.2.2.jar;C:\Users\ASUS\.m2\repository\org\springframework\boot\spring-boot-starter-logging\3.2.2\spring-boot-starter-logging-3.2.2.jar;C:\Users\ASUS\.m2\repository\ch\qos\logback\logback-classic\1.4.14\logback-classic-1.4.14.jar;C:\Users\ASUS\.m2\repository\ch\qos\logback\logback-core\1.4.14\logback-core-1.4.14.jar;C:\Users\ASUS\.m2\repository\org\apache\logging\log4j\log4j-to-slf4j\2.21.1\log4j-to-slf4j-2.21.1.jar;C:\Users\ASUS\.m2\repository\org\apache\logging\log4j\log4j-api\2.21.1\log4j-api-2.21.1.jar;C:\Users\ASUS\.m2\repository\org\slf4j\jul-to-slf4j\2.0.11\jul-to-slf4j-2.0.11.jar;C:\Users\ASUS\.m2\repository\jakarta\annotation\jakarta.annotation-api\2.1.1\jakarta.annotation-api-2.1.1.jar;C:\Users\ASUS\.m2\repository\org\springframework\spring-core\6.1.3\spring-core-6.1.3.jar;C:\Users\ASUS\.m2\repository\org\springframework\spring-jcl\6.1.3\spring-jcl-6.1.3.jar;C:\Users\ASUS\.m2\repository\org\yaml\snakeyaml\2.2\snakeyaml-2.2.jar;C:\Users\ASUS\.m2\repository\org\springframework\boot\spring-boot-starter-json\3.2.2\spring-boot-starter-json-3.2.2.jar;C:\Users\ASUS\.m2\repository\com\fasterxml\jackson\core\jackson-databind\2.15.3\jackson-databind-2.15.3.jar;C:\Users\ASUS\.m2\repository\com\fasterxml\jackson\core\jackson-annotations\2.15.3\jackson-annotations-2.15.3.jar;C:\Users\ASUS\.m2\repository\com\fasterxml\jackson\core\jackson-core\2.15.3\jackson-core-2.15.3.jar;C:\Users\ASUS\.m2\repository\com\fasterxml\jackson\datatype\jackson-datatype-jdk8\2.15.3\jackson-datatype-jdk8-2.15.3.jar;C:\Users\ASUS\.m2\repository\com\fasterxml\jackson\datatype\jackson-datatype-jsr310\2.15.3\jackson-datatype-jsr310-2.15.3.jar;C:\Users\ASUS\.m2\repository\com\fasterxml\jackson\module\jackson-module-parameter-names\2.15.3\jackson-module-parameter-names-2.15.3.jar;C:\Users\ASUS\.m2\repository\org\springframework\boot\spring-boot-starter-tomcat\3.2.2\spring-boot-starter-tomcat-3.2.2.jar;C:\Users\ASUS\.m2\repository\org\apache\tomcat\embed\tomcat-embed-core\10.1.18\tomcat-embed-core-10.1.18.jar;C:\Users\ASUS\.m2\repository\org\apache\tomcat\embed\tomcat-embed-el\10.1.18\tomcat-embed-el-10.1.18.jar;C:\Users\ASUS\.m2\repository\org\apache\tomcat\embed\tomcat-embed-websocket\10.1.18\tomcat-embed-websocket-10.1.18.jar;C:\Users\ASUS\.m2\repository\org\springframework\spring-web\6.1.3\spring-web-6.1.3.jar;C:\Users\ASUS\.m2\repository\org\springframework\spring-beans\6.1.3\spring-beans-6.1.3.jar;C:\Users\ASUS\.m2\repository\io\micrometer\micrometer-observation\1.12.2\micrometer-observation-1.12.2.jar;C:\Users\ASUS\.m2\repository\io\micrometer\micrometer-commons\1.12.2\micrometer-commons-1.12.2.jar;C:\Users\ASUS\.m2\repository\org\springframework\spring-webmvc\6.1.3\spring-webmvc-6.1.3.jar;C:\Users\ASUS\.m2\repository\org\springframework\spring-aop\6.1.3\spring-aop-6.1.3.jar;C:\Users\ASUS\.m2\repository\org\springframework\spring-context\6.1.3\spring-context-6.1.3.jar;C:\Users\ASUS\.m2\repository\org\springframework\spring-expression\6.1.3\spring-expression-6.1.3.jar;C:\Users\ASUS\.m2\repository\com\h2database\h2\2.2.224\h2-2.2.224.jar;C:\Users\ASUS\.m2\repository\org\springframework\boot\spring-boot-starter-jdbc\3.2.2\spring-boot-starter-jdbc-3.2.2.jar;C:\Users\ASUS\.m2\repository\com\zaxxer\HikariCP\5.0.1\HikariCP-5.0.1.jar;C:\Users\ASUS\.m2\repository\org\slf4j\slf4j-api\2.0.11\slf4j-api-2.0.11.jar;C:\Users\ASUS\.m2\repository\org\springframework\spring-jdbc\6.1.3\spring-jdbc-6.1.3.jar;C:\Users\ASUS\.m2\repository\org\springframework\spring-tx\6.1.3\spring-tx-6.1.3.jar
Launcher Type: SUN_STANDARD

[Global flags]
     intx CICompilerCount                          = 3                                         {product} {ergonomic}
     uint ConcGCThreads                            = 1                                         {product} {ergonomic}
     uint G1ConcRefinementThreads                  = 4                                         {product} {ergonomic}
   size_t G1HeapRegionSize                         = 1048576                                   {product} {ergonomic}
    uintx GCDrainStackTargetSize                   = 64                                        {product} {ergonomic}
   size_t InitialHeapSize                          = 65011712                                  {product} {ergonomic}
   size_t MarkStackSize                            = 4194304                                   {product} {ergonomic}
   size_t MaxHeapSize                              = 1023410176                                {product} {ergonomic}
   size_t MaxNewSize                               = 613416960                                 {product} {ergonomic}
   size_t MinHeapDeltaBytes                        = 1048576                                   {product} {ergonomic}
   size_t MinHeapSize                              = 8388608                                   {product} {ergonomic}
    uintx NonNMethodCodeHeapSize                   = 5832780                                {pd product} {ergonomic}
    uintx NonProfiledCodeHeapSize                  = 122912730                              {pd product} {ergonomic}
    uintx ProfiledCodeHeapSize                     = 122912730                              {pd product} {ergonomic}
    uintx ReservedCodeCacheSize                    = 251658240                              {pd product} {ergonomic}
     bool SegmentedCodeCache                       = true                                      {product} {ergonomic}
     bool ShowCodeDetailsInExceptionMessages       = true                                   {manageable} {command line}
   size_t SoftMaxHeapSize                          = 1023410176                             {manageable} {ergonomic}
     bool UseCompressedClassPointers               = true                           {product lp64_product} {ergonomic}
     bool UseCompressedOops                        = true                           {product lp64_product} {ergonomic}
     bool UseG1GC                                  = true                                      {product} {ergonomic}
     bool UseLargePagesIndividualAllocation        = false                                  {pd product} {ergonomic}

Logging:
Log output configuration:
 #0: stdout all=warning uptime,level,tags foldmultilines=false
 #1: stderr all=off uptime,level,tags foldmultilines=false

Environment Variables:
PATH=C:/Program Files/Java/jdk-20/bin/server;C:/Program Files/Java/jdk-20/bin;C:\Program Files\Java\jdk-20\bin;C:\Program Files\nodejs;C:\Program Files\Common Files\Oracle\Java\javapath;C:\xampp\php;C:\ProgramData\ComposerSetup\bin;C:\Program Files (x86)\ComposerSetup;C:\Program Files (x86)\Yarn\bin;C:\Program Files (x86)\Git\cmd;C:\Program Files\nodejs\node_modules\npm\bin;C:\Program Files\nodejs\;C:\Program Files\nodejs;C:\Program Files (x86)\Yarn\bin\;C:\Users\ASUS\scoop\shims;C:\Users\ASUS\AppData\Local\Programs\Python\Python311\Scripts\;C:\Users\ASUS\AppData\Local\Programs\Python\Python311\;C:\Users\ASUS\AppData\Local\Microsoft\WindowsApps;C:\Users\ASUS\AppData\Local\Programs\Microsoft VS Code\bin;C:\Program Files\Java\jdk-20;C:\Users\ASUS\AppData\Roaming\Composer\vendor\bin;C:\Users\ASUS\AppData\Roaming\npm;C:\Users\ASUS\AppData\Local\Yarn\bin;;C:\Users\ASUS\Desktop;
USERNAME=ASUS
OS=Windows_NT
PROCESSOR_IDENTIFIER=Intel64 Family 6 Model 126 Stepping 5, GenuineIntel
TMP=C:\Users\ASUS\AppData\Local\Temp
TEMP=C:\Users\ASUS\AppData\Local\Temp




---------------  S Y S T E M  ---------------

OS:
 Windows 11 , 64 bit Build 22621 (10.0.22621.3235)
OS uptime: 43 days 1:24 hours

CPU: total 4 (initial active 4) (2 cores per cpu, 2 threads per core) family 6 model 126 stepping 5 microcode 0xa0, cx8, cmov, fxsr, ht, mmx, 3dnowpref, sse, sse2, sse3, ssse3, sse4.1, sse4.2, popcnt, lzcnt, tsc, tscinvbit, avx, avx2, aes, erms, clmul, bmi1, bmi2, adx, avx512f, avx512dq, avx512cd, avx512bw, avx512vl, sha, fma, vzeroupper, avx512_vpopcntdq, avx512_vpclmulqdq, avx512_vaes, avx512_vnni, clflush, clflushopt, avx512_vbmi2, avx512_vbmi, rdtscp, rdpid, fsrm, gfni, avx512_bitalg, f16c, pku, avx512_ifma

Memory: 4k page, system-wide physical 3901M (300M free)
TotalPageFile size 15677M (AvailPageFile size 144M)
current process WorkingSet (physical memory assigned to process): 69M, peak: 69M
current process commit charge ("private bytes"): 147M, peak: 147M

vm_info: Java HotSpot(TM) 64-Bit Server VM (20.0.2+9-78) for windows-amd64 JRE (20.0.2+9-78), built on 2023-06-14T10:08:48Z by "mach5one" with MS VC++ 17.1 (VS2022)

END.
