#
# There is insufficient memory for the Java Runtime Environment to continue.
# Native memory allocation (malloc) failed to allocate 394784 bytes for Chunk::new
# Possible reasons:
#   The system is out of physical RAM or swap space
#   The process is running with CompressedOops enabled, and the Java Heap may be blocking the growth of the native heap
# Possible solutions:
#   Reduce memory load on the system
#   Increase physical memory or swap space
#   Check if swap backing store is full
#   Decrease Java heap size (-Xmx/-Xms)
#   Decrease number of Java threads
#   Decrease Java thread stack sizes (-Xss)
#   Set larger code cache with -XX:ReservedCodeCacheSize=
#   JVM is running with Unscaled Compressed Oops mode in which the Java heap is
#     placed in the first 4GB address space. The Java Heap base address is the
#     maximum limit for the native heap growth. Please use -XX:HeapBaseMinAddress
#     to set the Java Heap base and to place the Java Heap above 4GB virtual address.
# This output file may be truncated or incomplete.
#
#  Out of Memory Error (arena.cpp:184), pid=18964, tid=25832
#
# JRE version: Java(TM) SE Runtime Environment (20.0.2+9) (build 20.0.2+9-78)
# Java VM: Java HotSpot(TM) 64-Bit Server VM (20.0.2+9-78, mixed mode, sharing, tiered, compressed oops, compressed class ptrs, g1 gc, windows-amd64)
# No core dump will be written. Minidumps are not enabled by default on client versions of Windows
#

---------------  S U M M A R Y ------------

Command Line: -Dfile.encoding=UTF-8 -Dstdout.encoding=UTF-8 -Dstderr.encoding=UTF-8 -XX:+ShowCodeDetailsInExceptionMessages com.spiral.technologie.Application

Host: Intel(R) Core(TM) i3-1005G1 CPU @ 1.20GHz, 4 cores, 3G,  Windows 11 , 64 bit Build 22621 (10.0.22621.3235)
Time: Wed May  1 19:22:26 2024 Paris, Madrid (heure duild 22621 (10.0.22621.3235) elapsed time: 5.676320 seconds (0d 0h 0m 5s)

---------------  T H R E A D  ---------------

Current thread (0x00000249b8b1b740):  JavaThread "C2 CompilerThread0" daemon [_thread_in_native, id=25832, stack(0x000000edffa00000,0x000000edffb00000)]


Current CompileTask:
C2:   5676  815       4       java.io.WinNTFileSystem::normalize (143 bytes)

Stack: [0x000000edffa00000,0x000000edffb00000]
Native frames: (J=compiled Java code, j=interpreted, Vv=VM code, C=native code)
V  [jvm.dll+0x6bc25a]
V  [jvm.dll+0x84971a]
V  [jvm.dll+0x84b315]
V  [jvm.dll+0x84ba13]
V  [jvm.dll+0x280e4f]
V  [jvm.dll+0xc2ab1]
V  [jvm.dll+0xc2dd5]
V  [jvm.dll+0x3bb64c]
V  [jvm.dll+0x385b75]
V  [jvm.dll+0x384fea]
V  [jvm.dll+0x24b529]
V  [jvm.dll+0x24a921]
V  [jvm.dll+0x1ce761]
V  [jvm.dll+0x25a0eb]
V  [jvm.dll+0x2587c0]
V  [jvm.dll+0x3f2dd5]
V  [jvm.dll+0x7f5c76]
V  [jvm.dll+0x6baecb]
C  [ucrtbase.dll+0x29363]
C  [KERNEL32.DLL+0x1257d]
C  [ntdll.dll+0x5aa58]


---------------  P R O C E S S  ---------------

Threads class SMR info:
_java_thread_list=0x00000249fddaf7c0, length=11, elements={
0x000002499e0bf0f0, 0x00000249b8b0efc0, 0x00000249b8b10b30, 0x00000249b8b14910,
0x00000249b8b16550, 0x00000249b8b19090, 0x00000249b8b19ac0, 0x00000249b8b1b740,
0x00000249b8b87d10, 0x00000249fddd76e0, 0x00000249fdde6010
}

Java Threads: ( => current thread )
  0x000002499e0bf0f0 JavaThread "main" [_thread_in_Java, id=22664, stack(0x000000edfed00000,0x000000edfee00000)]
  0x00000249b8b0efc0 JavaThread "Reference Handler" daemon [_thread_blocked, id=23992, stack(0x000000edff400000,0x000000edff500000)]
  0x00000249b8b10b30 JavaThread "Finalizer" daemon [_thread_blocked, id=25400, stack(0x000000edff500000,0x000000edff600000)]
  0x00000249b8b14910 JavaThread "Signal Dispatcher" daemon [_thread_blocked, id=17708, stack(0x000000edff600000,0x000000edff700000)]
  0x00000249b8b16550 JavaThread "Attach Listener" daemon [_thread_blocked, id=27452, stack(0x000000edff700000,0x000000edff800000)]
  0x00000249b8b19090 JavaThread "Service Thread" daemon [_thread_blocked, id=26396, stack(0x000000edff800000,0x000000edff900000)]
  0x00000249b8b19ac0 JavaThread "Monitor Deflation Thread" daemon [_thread_blocked, id=18300, stack(0x000000edff900000,0x000000edffa00000)]
=>0x00000249b8b1b740 JavaThread "C2 CompilerThread0" daemon [_thread_in_native, id=25832, stack(0x000000edffa00000,0x000000edffb00000)]
  0x00000249b8b87d10 JavaThread "C1 CompilerThread0" daemon [_thread_blocked, id=12252, stack(0x000000edffb00000,0x000000edffc00000)]
  0x00000249fddd76e0 JavaThread "Notification Thread" daemon [_thread_blocked, id=5684, stack(0x000000edffc00000,0x000000edffd00000)]
  0x00000249fdde6010 JavaThread "Common-Cleaner" daemon [_thread_blocked, id=7036, stack(0x000000edffe00000,0x000000edfff00000)]

Other Threads:
  0x00000249b8af1680 VMThread "VM Thread" [stack: 0x000000edff300000,0x000000edff400000] [id=26464]
  0x00000249fddddc50 WatcherThread "VM Periodic Task Thread" [stack: 0x000000edffd00000,0x000000edffe00000] [id=23632]
  0x000002499e101100 WorkerThread "GC Thread#0" [stack: 0x000000edfee00000,0x000000edfef00000] [id=12440]
  0x000002499e109a90 ConcurrentGCThread "G1 Main Marker" [stack: 0x000000edfef00000,0x000000edff000000] [id=25304]
  0x000002499e10ae00 WorkerThread "G1 Conc#0" [stack: 0x000000edff000000,0x000000edff100000] [id=21976]
  0x000002499e15b620 ConcurrentGCThread "G1 Refine#0" [stack: 0x000000edff100000,0x000000edff200000] [id=10668]
  0x000002499e15ca00 ConcurrentGCThread "G1 Service" [stack: 0x000000edff200000,0x000000edff300000] [id=24320]

Threads with active compile tasks:
C2 CompilerThread0     5696  815       4       java.io.WinNTFileSystem::normalize (143 bytes)

VM state: not at safepoint (normal execution)

VM Mutex/Monitor currently owned by a thread: None

Heap address: 0x00000000c3000000, size: 976 MB, Compressed Oops mode: 32-bit

CDS archive(s) mapped at: [0x00000249b8c00000-0x00000249b9860000-0x00000249b9860000), size 12976128, SharedBaseAddress: 0x00000249b8c00000, ArchiveRelocationMode: 1.
Compressed class space mapped at: 0x00000249b9c00000-0x00000249f9c00000, reserved size: 1073741824
Narrow klass base: 0x00000249b8c00000, Narrow klass shift: 0, Narrow klass range: 0x100000000

GC Precious Log:
 CardTable entry size: 512
 Card Set container configuration: InlinePtr #cards 5 size 8 Array Of Cards #cards 12 size 40 Howl #buckets 4 coarsen threshold 1843 Howl Bitmap #cards 512 size 80 coarsen threshold 460 Card regions per heap region 1 cards per card region 2048
 CPUs: 4 total, 4 available
 Memory: 3901M
 Large Page Support: Disabled
 NUMA Support: Disabled
 Compressed Oops: Enabled (32-bit)
 Heap Region Size: 1M
 Heap Min Capacity: 8M
 Heap Initial Capacity: 62M
 Heap Max Capacity: 976M
 Pre-touch: Disabled
 Parallel Workers: 4
 Concurrent Workers: 1
 Concurrent Refinement Workers: 4
 Periodic GC: Disabled

Heap:
 garbage-first heap   total 63488K, used 11264K [0x00000000c3000000, 0x0000000100000000)
  region size 1024K, 13 young (13312K), 0 survivors (0K)
 Metaspace       used 2956K, committed 3136K, reserved 1114112K
  class space    used 287K, committed 384K, reserved 1048576K

Heap Regions: E=young(eden), S=young(survivor), O=old, HS=humongous(starts), HC=humongous(continues), CS=collection set, F=free, OA=open archive, CA=closed archive, TAMS=top-at-mark-start, PB=parsable bottom
|   0|0x00000000c3000000, 0x00000000c3000000, 0x00000000c3100000|  0%| F|  |TAMS 0x00000000c3000000| PB 0x00000000c3000000| Untracked 
|   1|0x00000000c3100000, 0x00000000c3100000, 0x00000000c3200000|  0%| F|  |TAMS 0x00000000c3100000| PB 0x00000000c3100000| Untracked 
|   2|0x00000000c3200000, 0x00000000c3200000, 0x00000000c3300000|  0%| F|  |TAMS 0x00000000c3200000| PB 0x00000000c3200000| Untracked 
|   3|0x00000000c3300000, 0x00000000c3300000, 0x00000000c3400000|  0%| F|  |TAMS 0x00000000c3300000| PB 0x00000000c3300000| Untracked 
|   4|0x00000000c3400000, 0x00000000c3400000, 0x00000000c3500000|  0%| F|  |TAMS 0x00000000c3400000| PB 0x00000000c3400000| Untracked 
|   5|0x00000000c3500000, 0x00000000c3500000, 0x00000000c3600000|  0%| F|  |TAMS 0x00000000c3500000| PB 0x00000000c3500000| Untracked 
|   6|0x00000000c3600000, 0x00000000c3600000, 0x00000000c3700000|  0%| F|  |TAMS 0x00000000c3600000| PB 0x00000000c3600000| Untracked 
|   7|0x00000000c3700000, 0x00000000c3700000, 0x00000000c3800000|  0%| F|  |TAMS 0x00000000c3700000| PB 0x00000000c3700000| Untracked 
|   8|0x00000000c3800000, 0x00000000c3800000, 0x00000000c3900000|  0%| F|  |TAMS 0x00000000c3800000| PB 0x00000000c3800000| Untracked 
|   9|0x00000000c3900000, 0x00000000c3900000, 0x00000000c3a00000|  0%| F|  |TAMS 0x00000000c3900000| PB 0x00000000c3900000| Untracked 
|  10|0x00000000c3a00000, 0x00000000c3a00000, 0x00000000c3b00000|  0%| F|  |TAMS 0x00000000c3a00000| PB 0x00000000c3a00000| Untracked 
|  11|0x00000000c3b00000, 0x00000000c3b00000, 0x00000000c3c00000|  0%| F|  |TAMS 0x00000000c3b00000| PB 0x00000000c3b00000| Untracked 
|  12|0x00000000c3c00000, 0x00000000c3c00000, 0x00000000c3d00000|  0%| F|  |TAMS 0x00000000c3c00000| PB 0x00000000c3c00000| Untracked 
|  13|0x00000000c3d00000, 0x00000000c3d00000, 0x00000000c3e00000|  0%| F|  |TAMS 0x00000000c3d00000| PB 0x00000000c3d00000| Untracked 
|  14|0x00000000c3e00000, 0x00000000c3e00000, 0x00000000c3f00000|  0%| F|  |TAMS 0x00000000c3e00000| PB 0x00000000c3e00000| Untracked 
|  15|0x00000000c3f00000, 0x00000000c3f00000, 0x00000000c4000000|  0%| F|  |TAMS 0x00000000c3f00000| PB 0x00000000c3f00000| Untracked 
|  16|0x00000000c4000000, 0x00000000c4000000, 0x00000000c4100000|  0%| F|  |TAMS 0x00000000c4000000| PB 0x00000000c4000000| Untracked 
|  17|0x00000000c4100000, 0x00000000c4100000, 0x00000000c4200000|  0%| F|  |TAMS 0x00000000c4100000| PB 0x00000000c4100000| Untracked 
|  18|0x00000000c4200000, 0x00000000c4200000, 0x00000000c4300000|  0%| F|  |TAMS 0x00000000c4200000| PB 0x00000000c4200000| Untracked 
|  19|0x00000000c4300000, 0x00000000c4300000, 0x00000000c4400000|  0%| F|  |TAMS 0x00000000c4300000| PB 0x00000000c4300000| Untracked 
|  20|0x00000000c4400000, 0x00000000c4400000, 0x00000000c4500000|  0%| F|  |TAMS 0x00000000c4400000| PB 0x00000000c4400000| Untracked 
|  21|0x00000000c4500000, 0x00000000c4500000, 0x00000000c4600000|  0%| F|  |TAMS 0x00000000c4500000| PB 0x00000000c4500000| Untracked 
|  22|0x00000000c4600000, 0x00000000c4600000, 0x00000000c4700000|  0%| F|  |TAMS 0x00000000c4600000| PB 0x00000000c4600000| Untracked 
|  23|0x00000000c4700000, 0x00000000c4700000, 0x00000000c4800000|  0%| F|  |TAMS 0x00000000c4700000| PB 0x00000000c4700000| Untracked 
|  24|0x00000000c4800000, 0x00000000c4800000, 0x00000000c4900000|  0%| F|  |TAMS 0x00000000c4800000| PB 0x00000000c4800000| Untracked 
|  25|0x00000000c4900000, 0x00000000c4900000, 0x00000000c4a00000|  0%| F|  |TAMS 0x00000000c4900000| PB 0x00000000c4900000| Untracked 
|  26|0x00000000c4a00000, 0x00000000c4a00000, 0x00000000c4b00000|  0%| F|  |TAMS 0x00000000c4a00000| PB 0x00000000c4a00000| Untracked 
|  27|0x00000000c4b00000, 0x00000000c4b00000, 0x00000000c4c00000|  0%| F|  |TAMS 0x00000000c4b00000| PB 0x00000000c4b00000| Untracked 
|  28|0x00000000c4c00000, 0x00000000c4c00000, 0x00000000c4d00000|  0%| F|  |TAMS 0x00000000c4c00000| PB 0x00000000c4c00000| Untracked 
|  29|0x00000000c4d00000, 0x00000000c4d00000, 0x00000000c4e00000|  0%| F|  |TAMS 0x00000000c4d00000| PB 0x00000000c4d00000| Untracked 
|  30|0x00000000c4e00000, 0x00000000c4e00000, 0x00000000c4f00000|  0%| F|  |TAMS 0x00000000c4e00000| PB 0x00000000c4e00000| Untracked 
|  31|0x00000000c4f00000, 0x00000000c4f00000, 0x00000000c5000000|  0%| F|  |TAMS 0x00000000c4f00000| PB 0x00000000c4f00000| Untracked 
|  32|0x00000000c5000000, 0x00000000c5000000, 0x00000000c5100000|  0%| F|  |TAMS 0x00000000c5000000| PB 0x00000000c5000000| Untracked 
|  33|0x00000000c5100000, 0x00000000c5100000, 0x00000000c5200000|  0%| F|  |TAMS 0x00000000c5100000| PB 0x00000000c5100000| Untracked 
|  34|0x00000000c5200000, 0x00000000c5200000, 0x00000000c5300000|  0%| F|  |TAMS 0x00000000c5200000| PB 0x00000000c5200000| Untracked 
|  35|0x00000000c5300000, 0x00000000c5300000, 0x00000000c5400000|  0%| F|  |TAMS 0x00000000c5300000| PB 0x00000000c5300000| Untracked 
|  36|0x00000000c5400000, 0x00000000c5400000, 0x00000000c5500000|  0%| F|  |TAMS 0x00000000c5400000| PB 0x00000000c5400000| Untracked 
|  37|0x00000000c5500000, 0x00000000c5500000, 0x00000000c5600000|  0%| F|  |TAMS 0x00000000c5500000| PB 0x00000000c5500000| Untracked 
|  38|0x00000000c5600000, 0x00000000c5600000, 0x00000000c5700000|  0%| F|  |TAMS 0x00000000c5600000| PB 0x00000000c5600000| Untracked 
|  39|0x00000000c5700000, 0x00000000c5700000, 0x00000000c5800000|  0%| F|  |TAMS 0x00000000c5700000| PB 0x00000000c5700000| Untracked 
|  40|0x00000000c5800000, 0x00000000c5800000, 0x00000000c5900000|  0%| F|  |TAMS 0x00000000c5800000| PB 0x00000000c5800000| Untracked 
|  41|0x00000000c5900000, 0x00000000c5900000, 0x00000000c5a00000|  0%| F|  |TAMS 0x00000000c5900000| PB 0x00000000c5900000| Untracked 
|  42|0x00000000c5a00000, 0x00000000c5a00000, 0x00000000c5b00000|  0%| F|  |TAMS 0x00000000c5a00000| PB 0x00000000c5a00000| Untracked 
|  43|0x00000000c5b00000, 0x00000000c5b00000, 0x00000000c5c00000|  0%| F|  |TAMS 0x00000000c5b00000| PB 0x00000000c5b00000| Untracked 
|  44|0x00000000c5c00000, 0x00000000c5c00000, 0x00000000c5d00000|  0%| F|  |TAMS 0x00000000c5c00000| PB 0x00000000c5c00000| Untracked 
|  45|0x00000000c5d00000, 0x00000000c5d00000, 0x00000000c5e00000|  0%| F|  |TAMS 0x00000000c5d00000| PB 0x00000000c5d00000| Untracked 
|  46|0x00000000c5e00000, 0x00000000c5e00000, 0x00000000c5f00000|  0%| F|  |TAMS 0x00000000c5e00000| PB 0x00000000c5e00000| Untracked 
|  47|0x00000000c5f00000, 0x00000000c5f00000, 0x00000000c6000000|  0%| F|  |TAMS 0x00000000c5f00000| PB 0x00000000c5f00000| Untracked 
|  48|0x00000000c6000000, 0x00000000c6000000, 0x00000000c6100000|  0%| F|  |TAMS 0x00000000c6000000| PB 0x00000000c6000000| Untracked 
|  49|0x00000000c6100000, 0x00000000c6200000, 0x00000000c6200000|100%| E|  |TAMS 0x00000000c6100000| PB 0x00000000c6100000| Complete 
|  50|0x00000000c6200000, 0x00000000c6300000, 0x00000000c6300000|100%| E|CS|TAMS 0x00000000c6200000| PB 0x00000000c6200000| Complete 
|  51|0x00000000c6300000, 0x00000000c6400000, 0x00000000c6400000|100%| E|CS|TAMS 0x00000000c6300000| PB 0x00000000c6300000| Complete 
|  52|0x00000000c6400000, 0x00000000c6500000, 0x00000000c6500000|100%| E|CS|TAMS 0x00000000c6400000| PB 0x00000000c6400000| Complete 
|  53|0x00000000c6500000, 0x00000000c6600000, 0x00000000c6600000|100%| E|CS|TAMS 0x00000000c6500000| PB 0x00000000c6500000| Complete 
|  54|0x00000000c6600000, 0x00000000c6700000, 0x00000000c6700000|100%| E|CS|TAMS 0x00000000c6600000| PB 0x00000000c6600000| Complete 
|  55|0x00000000c6700000, 0x00000000c6800000, 0x00000000c6800000|100%| E|  |TAMS 0x00000000c6700000| PB 0x00000000c6700000| Complete 
|  56|0x00000000c6800000, 0x00000000c6900000, 0x00000000c6900000|100%| E|CS|TAMS 0x00000000c6800000| PB 0x00000000c6800000| Complete 
|  57|0x00000000c6900000, 0x00000000c6a00000, 0x00000000c6a00000|100%| E|CS|TAMS 0x00000000c6900000| PB 0x00000000c6900000| Complete 
|  58|0x00000000c6a00000, 0x00000000c6b00000, 0x00000000c6b00000|100%| E|CS|TAMS 0x00000000c6a00000| PB 0x00000000c6a00000| Complete 
|  59|0x00000000c6b00000, 0x00000000c6c00000, 0x00000000c6c00000|100%| E|CS|TAMS 0x00000000c6b00000| PB 0x00000000c6b00000| Complete 
|  60|0x00000000c6c00000, 0x00000000c6d00000, 0x00000000c6d00000|100%| E|CS|TAMS 0x00000000c6c00000| PB 0x00000000c6c00000| Complete 
|  61|0x00000000c6d00000, 0x00000000c6e00000, 0x00000000c6e00000|100%| E|CS|TAMS 0x00000000c6d00000| PB 0x00000000c6d00000| Complete 

Card table byte_map: [0x00000249b5370000,0x00000249b5560000] _byte_map_base: 0x00000249b4d58000

Marking Bits: (CMBitMap*) 0x000002499e101730
 Bits: [0x00000249b5750000, 0x00000249b6690000)

Polling page: 0x000002499bf50000

Metaspace:

Usage:
  Non-class:      2.61 MB used.
      Class:    287.27 KB used.
       Both:      2.89 MB used.

Virtual space:
  Non-class space:       64.00 MB reserved,       2.69 MB (  4%) committed,  1 nodes.
      Class space:        1.00 GB reserved,     384.00 KB ( <1%) committed,  1 nodes.
             Both:        1.06 GB reserved,       3.06 MB ( <1%) committed. 

Chunk freelists:
   Non-Class:  2.92 MB
       Class:  3.57 MB
        Both:  6.49 MB

MaxMetaspaceSize: unlimited
CompressedClassSpaceSize: 1.00 GB
Initial GC threshold: 21.00 MB
Current GC threshold: 21.00 MB
CDS: on
MetaspaceReclaimPolicy: balanced
 - commit_granule_bytes: 65536.
 - commit_granule_words: 8192.
 - virtual_space_node_default_size: 8388608.
 - enlarge_chunks_in_place: 1.
 - new_chunks_are_fully_committed: 0.
 - uncommit_free_chunks: 1.
 - use_allocation_guard: 0.


Internal statistics:

num_allocs_failed_limit: 0.
num_arena_births: 86.
num_arena_deaths: 0.
num_vsnodes_births: 2.
num_vsnodes_deaths: 0.
num_space_committed: 49.
num_space_uncommitted: 0.
num_chunks_returned_to_freelist: 0.
num_chunks_taken_from_freelist: 179.
num_chunk_merges: 0.
num_chunk_splits: 96.
num_chunks_enlarged: 36.
num_inconsistent_stats: 0.

CodeHeap 'non-profiled nmethods': size=120000Kb used=301Kb max_used=301Kb free=119698Kb
 bounds [0x00000249adc50000, 0x00000249adec0000, 0x00000249b5180000]
CodeHeap 'profiled nmethods': size=120000Kb used=1392Kb max_used=1392Kb free=118607Kb
 bounds [0x00000249a6180000, 0x00000249a63f0000, 0x00000249ad6b0000]
CodeHeap 'non-nmethods': size=5760Kb used=1512Kb max_used=1526Kb free=4247Kb
 bounds [0x00000249ad6b0000, 0x00000249ad920000, 0x00000249adc50000]
 total_blobs=1259 nmethods=808 adapters=362
 compilation: enabled
              stopped_count=0, restarted_count=0
 full_count=0

Compilation events (20 events):
Event: 5.625 Thread 0x00000249b8b1b740 nmethod 803 0x00000249adc9a490 code [0x00000249adc9a600, 0x00000249adc9a6c0]
Event: 5.627 Thread 0x00000249b8b87d10  805       3       java.lang.invoke.MethodHandles$Lookup::lookupClassOrNull (17 bytes)
Event: 5.627 Thread 0x00000249b8b87d10 nmethod 805 0x00000249a62c2290 code [0x00000249a62c2420, 0x00000249a62c25b0]
Event: 5.628 Thread 0x00000249b8b1b740  806       4       java.lang.String::isEmpty (14 bytes)
Event: 5.629 Thread 0x00000249b8b1b740 nmethod 806 0x00000249adc9aa90 code [0x00000249adc9ac00, 0x00000249adc9aca0]
Event: 5.630 Thread 0x00000249b8b87d10  807       3       java.util.Properties::loadConvert (540 bytes)
Event: 5.631 Thread 0x00000249b8b87d10 nmethod 807 0x00000249a62c2610 code [0x00000249a62c28e0, 0x00000249a62c3c70]
Event: 5.631 Thread 0x00000249b8b87d10  808 %     3       java.util.Properties$LineReader::readLine @ 53 (584 bytes)
Event: 5.634 Thread 0x00000249b8b87d10 nmethod 808% 0x00000249a62c4290 code [0x00000249a62c4680, 0x00000249a62c76a8]
Event: 5.634 Thread 0x00000249b8b87d10  810       3       java.util.Arrays::copyOf (10 bytes)
Event: 5.634 Thread 0x00000249b8b87d10 nmethod 810 0x00000249a62c8510 code [0x00000249a62c86a0, 0x00000249a62c87e0]
Event: 5.634 Thread 0x00000249b8b87d10  809       3       java.net.URLStreamHandler::parseURL (1124 bytes)
Event: 5.644 Thread 0x00000249b8b1b740  814       4       java.lang.StringLatin1::inflate (34 bytes)
Event: 5.651 Thread 0x00000249b8b1b740 nmethod 814 0x00000249adc9b090 code [0x00000249adc9b200, 0x00000249adc9b458]
Event: 5.652 Thread 0x00000249b8b1b740  815       4       java.io.WinNTFileSystem::normalize (143 bytes)
Event: 5.659 Thread 0x00000249b8b87d10 nmethod 809 0x00000249a62c8890 code [0x00000249a62c9c20, 0x00000249a62d6c30]
Event: 5.659 Thread 0x00000249b8b87d10  811       3       jdk.internal.org.objectweb.asm.SymbolTable::hash (15 bytes)
Event: 5.660 Thread 0x00000249b8b87d10 nmethod 811 0x00000249a62dbb10 code [0x00000249a62dbca0, 0x00000249a62dbe10]
Event: 5.660 Thread 0x00000249b8b87d10  812       3       jdk.internal.org.objectweb.asm.SymbolTable$Entry::<init> (18 bytes)
Event: 5.660 Thread 0x00000249b8b87d10 nmethod 812 0x00000249a62dbf10 code [0x00000249a62dc0a0, 0x00000249a62dc218]

GC Heap History (0 events):
No events

Dll operation events (6 events):
Event: 0.115 Loaded shared library C:\Program Files\Java\jdk-20\bin\java.dll
Event: 0.199 Loaded shared library C:\Program Files\Java\jdk-20\bin\jsvml.dll
Event: 2.769 Loaded shared library C:\Program Files\Java\jdk-20\bin\net.dll
Event: 2.780 Loaded shared library C:\Program Files\Java\jdk-20\bin\nio.dll
Event: 2.789 Loaded shared library C:\Program Files\Java\jdk-20\bin\zip.dll
Event: 3.714 Loaded shared library C:\Program Files\Java\jdk-20\bin\jimage.dll

Deoptimization events (20 events):
Event: 2.819 Thread 0x000002499e0bf0f0 DEOPT PACKING pc=0x00000249a61a7cfc sp=0x000000edfedfd960
Event: 2.819 Thread 0x000002499e0bf0f0 DEOPT UNPACKING pc=0x00000249ad71e462 sp=0x000000edfedfcdf0 mode 0
Event: 2.819 Thread 0x000002499e0bf0f0 DEOPT PACKING pc=0x00000249a61a7cfc sp=0x000000edfedfd960
Event: 2.819 Thread 0x000002499e0bf0f0 DEOPT UNPACKING pc=0x00000249ad71e462 sp=0x000000edfedfcdf0 mode 0
Event: 2.819 Thread 0x000002499e0bf0f0 DEOPT PACKING pc=0x00000249a61a7cfc sp=0x000000edfedfd960
Event: 2.819 Thread 0x000002499e0bf0f0 DEOPT UNPACKING pc=0x00000249ad71e462 sp=0x000000edfedfcdf0 mode 0
Event: 2.986 Thread 0x000002499e0bf0f0 DEOPT PACKING pc=0x00000249a61894d7 sp=0x000000edfedfd8a0
Event: 2.986 Thread 0x000002499e0bf0f0 DEOPT UNPACKING pc=0x00000249ad71e462 sp=0x000000edfedfccc0 mode 0
Event: 3.002 Thread 0x000002499e0bf0f0 Uncommon trap: trap_request=0xffffff45 fr.pc=0x00000249adc599e4 relative=0x0000000000000164
Event: 3.002 Thread 0x000002499e0bf0f0 Uncommon trap: reason=unstable_if action=reinterpret pc=0x00000249adc599e4 method=java.util.zip.ZipFile$Source.isMetaName([BII)Z @ 43 c2
Event: 3.002 Thread 0x000002499e0bf0f0 DEOPT PACKING pc=0x00000249adc599e4 sp=0x000000edfedfdab0
Event: 3.002 Thread 0x000002499e0bf0f0 DEOPT UNPACKING pc=0x00000249ad6cd2a2 sp=0x000000edfedfda58 mode 2
Event: 3.423 Thread 0x000002499e0bf0f0 DEOPT PACKING pc=0x00000249a61de050 sp=0x000000edfedfc8e0
Event: 3.423 Thread 0x000002499e0bf0f0 DEOPT UNPACKING pc=0x00000249ad71e462 sp=0x000000edfedfbd60 mode 0
Event: 3.431 Thread 0x000002499e0bf0f0 DEOPT PACKING pc=0x00000249a61bba58 sp=0x000000edfedfca70
Event: 3.431 Thread 0x000002499e0bf0f0 DEOPT UNPACKING pc=0x00000249ad71e462 sp=0x000000edfedfbf00 mode 0
Event: 3.442 Thread 0x000002499e0bf0f0 DEOPT PACKING pc=0x00000249a61bc5c7 sp=0x000000edfedfc7f0
Event: 3.442 Thread 0x000002499e0bf0f0 DEOPT UNPACKING pc=0x00000249ad71e462 sp=0x000000edfedfbc70 mode 0
Event: 5.651 Thread 0x000002499e0bf0f0 DEOPT PACKING pc=0x00000249a618beae sp=0x000000edfedf9060
Event: 5.651 Thread 0x000002499e0bf0f0 DEOPT UNPACKING pc=0x00000249ad71e462 sp=0x000000edfedf84d8 mode 0

Classes loaded (20 events):
Event: 5.635 Loading class java/util/stream/DistinctOps
Event: 5.635 Loading class java/util/stream/DistinctOps done
Event: 5.636 Loading class java/util/stream/DistinctOps$1
Event: 5.636 Loading class java/util/stream/ReferencePipeline$StatefulOp
Event: 5.636 Loading class java/util/stream/ReferencePipeline$StatefulOp done
Event: 5.636 Loading class java/util/stream/DistinctOps$1 done
Event: 5.636 Loading class java/util/ImmutableCollections$Access
Event: 5.637 Loading class java/util/ImmutableCollections$Access done
Event: 5.637 Loading class java/util/ImmutableCollections$Access$1
Event: 5.637 Loading class jdk/internal/access/JavaUtilCollectionAccess
Event: 5.638 Loading class jdk/internal/access/JavaUtilCollectionAccess done
Event: 5.638 Loading class java/util/ImmutableCollections$Access$1 done
Event: 5.639 Loading class java/util/stream/Nodes$SpinedNodeBuilder
Event: 5.639 Loading class java/util/stream/SpinedBuffer
Event: 5.640 Loading class java/util/stream/AbstractSpinedBuffer
Event: 5.641 Loading class java/util/stream/AbstractSpinedBuffer done
Event: 5.641 Loading class java/util/stream/SpinedBuffer done
Event: 5.641 Loading class java/util/stream/Nodes$SpinedNodeBuilder done
Event: 5.641 Loading class java/util/stream/DistinctOps$1$2
Event: 5.642 Loading class java/util/stream/DistinctOps$1$2 done

Classes unloaded (0 events):
No events

Classes redefined (0 events):
No events

Internal exceptions (5 events):
Event: 4.412 Thread 0x000002499e0bf0f0 Exception <a 'java/lang/ClassNotFoundException'{0x00000000c6495538}: javax/smartcardio/CardPermission> (0x00000000c6495538) 
thrown [s\open\src\hotspot\share\classfile\systemDictionary.cpp, line 305]
Event: 4.433 Thread 0x000002499e0bf0f0 Exception <a 'java/io/FileNotFoundException'{0x00000000c64a3c40}> (0x00000000c64a3c40) 
thrown [s\open\src\hotspot\share\prims\jni.cpp, line 519]
Event: 4.744 Thread 0x000002499e0bf0f0 Exception <a 'java/lang/NoSuchMethodError'{0x00000000c63279c0}: 'java.lang.Object java.lang.invoke.DirectMethodHandle$Holder.invokeSpecial(java.lang.Object, java.lang.Object, java.lang.Object, long, java.lang.Object)'> (0x00000000c63279c0) 
thrown [s\open\src\hotspot\share\interpreter\linkResolver.cpp, line 773]
Event: 4.745 Thread 0x000002499e0bf0f0 Exception <a 'java/lang/NoSuchMethodError'{0x00000000c632b310}: 'java.lang.Object java.lang.invoke.Invokers$Holder.linkToTargetMethod(java.lang.Object, long, java.lang.Object, java.lang.Object)'> (0x00000000c632b310) 
thrown [s\open\src\hotspot\share\interpreter\linkResolver.cpp, line 773]
Event: 5.485 Thread 0x000002499e0bf0f0 Exception <a 'java/lang/NoSuchMethodError'{0x00000000c611f330}: 'void java.lang.invoke.DirectMethodHandle$Holder.invokeStatic(java.lang.Object, java.lang.Object, java.lang.Object, java.lang.Object)'> (0x00000000c611f330) 
thrown [s\open\src\hotspot\share\interpreter\linkResolver.cpp, line 773]

VM Operations (20 events):
Event: 1.455 Executing VM operation: Cleanup
Event: 1.634 Executing VM operation: Cleanup done
Event: 2.641 Executing VM operation: Cleanup
Event: 2.661 Executing VM operation: Cleanup done
Event: 3.009 Executing VM operation: HandshakeAllThreads
Event: 3.009 Executing VM operation: HandshakeAllThreads done
Event: 3.688 Executing VM operation: HandshakeAllThreads
Event: 3.688 Executing VM operation: HandshakeAllThreads done
Event: 3.688 Executing VM operation: Cleanup
Event: 3.688 Executing VM operation: Cleanup done
Event: 3.749 Executing VM operation: HandshakeAllThreads
Event: 3.749 Executing VM operation: HandshakeAllThreads done
Event: 4.445 Executing VM operation: HandshakeAllThreads
Event: 4.445 Executing VM operation: HandshakeAllThreads done
Event: 5.265 Executing VM operation: HandshakeAllThreads
Event: 5.265 Executing VM operation: HandshakeAllThreads done
Event: 5.265 Executing VM operation: Cleanup
Event: 5.265 Executing VM operation: Cleanup done
Event: 5.329 Executing VM operation: HandshakeAllThreads
Event: 5.329 Executing VM operation: HandshakeAllThreads done

Events (11 events):
Event: 0.200 Thread 0x000002499e0bf0f0 Thread added: 0x000002499e0bf0f0
Event: 0.718 Thread 0x00000249b8b0efc0 Thread added: 0x00000249b8b0efc0
Event: 0.719 Thread 0x00000249b8b10b30 Thread added: 0x00000249b8b10b30
Event: 0.719 Thread 0x00000249b8b14910 Thread added: 0x00000249b8b14910
Event: 0.719 Thread 0x00000249b8b16550 Thread added: 0x00000249b8b16550
Event: 0.720 Thread 0x00000249b8b19090 Thread added: 0x00000249b8b19090
Event: 0.720 Thread 0x00000249b8b19ac0 Thread added: 0x00000249b8b19ac0
Event: 0.720 Thread 0x00000249b8b1b740 Thread added: 0x00000249b8b1b740
Event: 0.862 Thread 0x00000249b8b87d10 Thread added: 0x00000249b8b87d10
Event: 2.668 Thread 0x00000249fddd76e0 Thread added: 0x00000249fddd76e0
Event: 2.677 Thread 0x00000249fdde6010 Thread added: 0x00000249fdde6010


Dynamic libraries:
0x00007ff6e8340000 - 0x00007ff6e8350000 	C:\Program Files\Java\jdk-20\bin\javaw.exe
0x00007ff84af10000 - 0x00007ff84b126000 	C:\WINDOWS\SYSTEM32\ntdll.dll
0x00007ff84a720000 - 0x00007ff84a7e4000 	C:\WINDOWS\System32\KERNEL32.DLL
0x00007ff848710000 - 0x00007ff848ab6000 	C:\WINDOWS\System32\KERNELBASE.dll
0x00007ff8485f0000 - 0x00007ff848701000 	C:\WINDOWS\System32\ucrtbase.dll
0x00007ff83c7b0000 - 0x00007ff83c7c9000 	C:\Program Files\Java\jdk-20\bin\jli.dll
0x00007ff84a940000 - 0x00007ff84a9f2000 	C:\WINDOWS\System32\ADVAPI32.dll
0x00007ff848ff0000 - 0x00007ff849097000 	C:\WINDOWS\System32\msvcrt.dll
0x00007ff849bd0000 - 0x00007ff849c78000 	C:\WINDOWS\System32\sechost.dll
0x00007ff848460000 - 0x00007ff848488000 	C:\WINDOWS\System32\bcrypt.dll
0x00007ff84a820000 - 0x00007ff84a935000 	C:\WINDOWS\System32\RPCRT4.dll
0x00007ff83bff0000 - 0x00007ff83c00b000 	C:\Program Files\Java\jdk-20\bin\VCRUNTIME140.dll
0x00007ff848e40000 - 0x00007ff848fed000 	C:\WINDOWS\System32\USER32.dll
0x00007ff848490000 - 0x00007ff8484b6000 	C:\WINDOWS\System32\win32u.dll
0x00007ff84a7f0000 - 0x00007ff84a819000 	C:\WINDOWS\System32\GDI32.dll
0x00007ff848ac0000 - 0x00007ff848bd8000 	C:\WINDOWS\System32\gdi32full.dll
0x00007ff848250000 - 0x00007ff8482ea000 	C:\WINDOWS\System32\msvcp_win.dll
0x00007ff832390000 - 0x00007ff832623000 	C:\WINDOWS\WinSxS\amd64_microsoft.windows.common-controls_6595b64144ccf1df_6.0.22621.3235_none_270f74e173860f98\COMCTL32.dll
0x00007ff840fd0000 - 0x00007ff840fda000 	C:\WINDOWS\SYSTEM32\VERSION.dll
0x00007ff84abb0000 - 0x00007ff84abe1000 	C:\WINDOWS\System32\IMM32.DLL
0x00007ff83f500000 - 0x00007ff83f50c000 	C:\Program Files\Java\jdk-20\bin\vcruntime140_1.dll
0x00007ff816b80000 - 0x00007ff816c0e000 	C:\Program Files\Java\jdk-20\bin\msvcp140.dll
0x00007fff9ac90000 - 0x00007fff9b928000 	C:\Program Files\Java\jdk-20\bin\server\jvm.dll
0x00007fffe7320000 - 0x00007fffe7329000 	C:\WINDOWS\SYSTEM32\WSOCK32.dll
0x00007ff8496d0000 - 0x00007ff849741000 	C:\WINDOWS\System32\WS2_32.dll
0x00007ff841440000 - 0x00007ff841474000 	C:\WINDOWS\SYSTEM32\WINMM.dll
0x00007ff847290000 - 0x00007ff8472a8000 	C:\WINDOWS\SYSTEM32\kernel.appcore.dll
0x00007ff83f490000 - 0x00007ff83f49a000 	C:\Program Files\Java\jdk-20\bin\jimage.dll
0x00007ff845c90000 - 0x00007ff845ec3000 	C:\WINDOWS\SYSTEM32\DBGHELP.DLL
0x00007ff849340000 - 0x00007ff8496c8000 	C:\WINDOWS\System32\combase.dll
0x00007ff84abf0000 - 0x00007ff84acc7000 	C:\WINDOWS\System32\OLEAUT32.dll
0x00007ff840200000 - 0x00007ff840232000 	C:\WINDOWS\SYSTEM32\dbgcore.DLL
0x00007ff848be0000 - 0x00007ff848c5a000 	C:\WINDOWS\System32\bcryptPrimitives.dll
0x00007ff825980000 - 0x00007ff8259a6000 	C:\Program Files\Java\jdk-20\bin\java.dll
0x00007ff814c90000 - 0x00007ff814d67000 	C:\Program Files\Java\jdk-20\bin\jsvml.dll
0x00007ff849ca0000 - 0x00007ff84a4fd000 	C:\WINDOWS\System32\SHELL32.dll
0x00007ff8461b0000 - 0x00007ff846aa8000 	C:\WINDOWS\SYSTEM32\windows.storage.dll
0x00007ff846070000 - 0x00007ff8461ae000 	C:\WINDOWS\SYSTEM32\wintypes.dll
0x00007ff84ad30000 - 0x00007ff84ae23000 	C:\WINDOWS\System32\SHCORE.dll
0x00007ff8490a0000 - 0x00007ff8490fe000 	C:\WINDOWS\System32\shlwapi.dll
0x00007ff848180000 - 0x00007ff8481a6000 	C:\WINDOWS\SYSTEM32\profapi.dll
0x00007ff824d10000 - 0x00007ff824d23000 	C:\Program Files\Java\jdk-20\bin\net.dll
0x00007ff841480000 - 0x00007ff8415b7000 	C:\WINDOWS\SYSTEM32\WINHTTP.dll
0x00007ff847710000 - 0x00007ff847779000 	C:\WINDOWS\system32\mswsock.dll
0x00007ff824bc0000 - 0x00007ff824bd6000 	C:\Program Files\Java\jdk-20\bin\nio.dll
0x00007ff8249a0000 - 0x00007ff8249b8000 	C:\Program Files\Java\jdk-20\bin\zip.dll

dbghelp: loaded successfully - version: 4.0.5 - missing functions: none
symbol engine: initialized successfully - sym options: 0x614 - pdb path: .;C:\Program Files\Java\jdk-20\bin;C:\WINDOWS\SYSTEM32;C:\WINDOWS\WinSxS\amd64_microsoft.windows.common-controls_6595b64144ccf1df_6.0.22621.3235_none_270f74e173860f98;C:\Program Files\Java\jdk-20\bin\server

VM Arguments:
jvm_args: -Dfile.encoding=UTF-8 -Dstdout.encoding=UTF-8 -Dstderr.encoding=UTF-8 -XX:+ShowCodeDetailsInExceptionMessages 
java_command: com.spiral.technologie.Application
java_class_path (initial): C:\Users\ASUS\Downloads\publication\publication\target\classes;C:\Users\ASUS\.m2\repository\org\camunda\bpm\springboot\camunda-bpm-spring-boot-starter-webapp\7.21.0\camunda-bpm-spring-boot-starter-webapp-7.21.0.jar;C:\Users\ASUS\.m2\repository\org\camunda\bpm\springboot\camunda-bpm-spring-boot-starter-webapp-core\7.21.0\camunda-bpm-spring-boot-starter-webapp-core-7.21.0.jar;C:\Users\ASUS\.m2\repository\org\camunda\bpm\springboot\camunda-bpm-spring-boot-starter\7.21.0\camunda-bpm-spring-boot-starter-7.21.0.jar;C:\Users\ASUS\.m2\repository\org\camunda\bpm\camunda-engine-spring-6\7.21.0\camunda-engine-spring-6-7.21.0.jar;C:\Users\ASUS\.m2\repository\org\camunda\bpm\camunda-engine\7.21.0\camunda-engine-7.21.0.jar;C:\Users\ASUS\.m2\repository\org\camunda\bpm\model\camunda-bpmn-model\7.21.0\camunda-bpmn-model-7.21.0.jar;C:\Users\ASUS\.m2\repository\org\camunda\bpm\model\camunda-xml-model\7.21.0\camunda-xml-model-7.21.0.jar;C:\Users\ASUS\.m2\repository\org\camunda\bpm\model\camunda-cmmn-model\7.21.0\camunda-cmmn-model-7.21.0.jar;C:\Users\ASUS\.m2\repository\org\camunda\bpm\juel\camunda-juel\7.21.0\camunda-juel-7.21.0.jar;C:\Users\ASUS\.m2\repository\org\camunda\bpm\dmn\camunda-engine-dmn\7.21.0\camunda-engine-dmn-7.21.0.jar;C:\Users\ASUS\.m2\repository\org\camunda\commons\camunda-commons-utils\1.13.0\camunda-commons-utils-1.13.0.jar;C:\Users\ASUS\.m2\repository\org\camunda\bpm\model\camunda-dmn-model\7.21.0\camunda-dmn-model-7.21.0.jar;C:\Users\ASUS\.m2\repository\org\camunda\bpm\dmn\camunda-engine-feel-api\7.21.0\camunda-engine-feel-api-7.21.0.jar;C:\Users\ASUS\.m2\repository\org\camunda\bpm\dmn\camunda-engine-feel-juel\7.21.0\camunda-engine-feel-juel-7.21.0.jar;C:\Users\ASUS\.m2\repository\org\camunda\bpm\dmn\camunda-engine-feel-scala\7.21.0\camunda-engine-feel-scala-7.21.0.jar;C:\Users\ASUS\.m2\repository\org\camunda\feel\feel-engine\1.17.5\feel-engine-1.17.5-scala-shaded.jar;C:\Users\ASUS\.m2\repository\org\camunda\commons\camunda-commons-typed-values\7.21.0\camunda-commons-typed-values-7.21.0.jar;C:\Users\ASUS\.m2\repository\org\mybatis\mybatis\3.5.15\mybatis-3.5.15.jar;C:\Users\ASUS\.m2\repository\joda-time\joda-time\2.12.5\joda-time-2.12.5.jar;C:\Users\ASUS\.m2\repository\org\camunda\connect\camunda-connect-core\1.6.0\camunda-connect-core-1.6.0.jar;C:\Users\ASUS\.m2\repository\org\camunda\connect\camunda-connect-connectors-all\1.6.0\camunda-connect-connectors-all-1.6.0.jar;C:\Users\ASUS\.m2\repository\org\springframework\spring-orm\6.1.3\spring-orm-6.1.3.jar;C:\Users\ASUS\.m2\repository\org\apache\commons\commons-lang3\3.13.0\commons-lang3-3.13.0.jar;C:\Users\ASUS\.m2\repository\com\fasterxml\uuid\java-uuid-generator\4.3.0\java-uuid-generator-4.3.0.jar;C:\Users\ASUS\.m2\repository\com\sun\xml\bind\jaxb-impl\4.0.4\jaxb-impl-4.0.4.jar;C:\Users\ASUS\.m2\repository\com\sun\xml\bind\jaxb-core\4.0.4\jaxb-core-4.0.4.jar;C:\Users\ASUS\.m2\repository\org\eclipse\angus\angus-activation\2.0.1\angus-activation-2.0.1.jar;C:\Users\ASUS\.m2\repository\org\camunda\bpm\webapp\camunda-webapp-jakarta\7.21.0\camunda-webapp-jakarta-7.21.0-classes.jar;C:\Users\ASUS\.m2\repository\com\fasterxml\jackson\jakarta\rs\jackson-jakarta-rs-json-provider\2.15.3\jackson-jakarta-rs-json-provider-2.15.3.jar;C:\Users\ASUS\.m2\repository\com\fasterxml\jackson\jakarta\rs\jackson-jakarta-rs-base\2.15.3\jackson-jakarta-rs-base-2.15.3.jar;C:\Users\ASUS\.m2\repository\com\fasterxml\jackson\module\jackson-module-jakarta-xmlbind-annotations\2.15.3\jackson-module-jakarta-xmlbind-annotations-2.15.3.jar;C:\Users\ASUS\.m2\repository\org\camunda\bpm\camunda-engine-rest-core-jakarta\7.21.0\camunda-engine-rest-core-jakarta-7.21.0.jar;C:\Users\ASUS\.m2\repository\commons-fileupload\commons-fileupload\1.5\commons-fileupload-1.5.jar;C:\Users\ASUS\.m2\repository\commons-io\commons-io\2.8.0\commons-io-2.8.0.jar;C:\Users\ASUS\.m2\repository\org\camunda\commons\camunda-commons-logging\1.13.0\camunda-commons-logging-1.13.0.jar;C:\Users\ASUS\.m2\repository\org\springframework\boot\spring-boot-starter-jersey\3.2.2\spring-boot-starter-jersey-3.2.2.jar;C:\Users\ASUS\.m2\repository\org\springframework\boot\spring-boot-starter-validation\3.2.2\spring-boot-starter-validation-3.2.2.jar;C:\Users\ASUS\.m2\repository\org\hibernate\validator\hibernate-validator\8.0.1.Final\hibernate-validator-8.0.1.Final.jar;C:\Users\ASUS\.m2\repository\com\fasterxml\classmate\1.6.0\classmate-1.6.0.jar;C:\Users\ASUS\.m2\repository\org\glassfish\jersey\containers\jersey-container-servlet-core\3.1.5\jersey-container-servlet-core-3.1.5.jar;C:\Users\ASUS\.m2\repository\jakarta\inject\jakarta.inject-api\2.0.1\jakarta.inject-api-2.0.1.jar;C:\Users\ASUS\.m2\repository\org\glassfish\jersey\core\jersey-common\3.1.5\jersey-common-3.1.5.jar;C:\Users\ASUS\.m2\repository\org\glassfish\hk2\osgi-resource-locator\1.0.3\osgi-resource-locator-1.0.3.jar;C:\Users\ASUS\.m2\repository\jakarta\ws\rs\jakarta.ws.rs-api\3.1.0\jakarta.ws.rs-api-3.1.0.jar;C:\Users\ASUS\.m2\repository\org\glassfish\jersey\containers\jersey-container-servlet\3.1.5\jersey-container-servlet-3.1.5.jar;C:\Users\ASUS\.m2\repository\org\glassfish\jersey\core\jersey-server\3.1.5\jersey-server-3.1.5.jar;C:\Users\ASUS\.m2\repository\org\glassfish\jersey\core\jersey-client\3.1.5\jersey-client-3.1.5.jar;C:\Users\ASUS\.m2\repository\jakarta\validation\jakarta.validation-api\3.0.2\jakarta.validation-api-3.0.2.jar;C:\Users\ASUS\.m2\repository\org\glassfish\jersey\ext\jersey-bean-validation\3.1.5\jersey-bean-validation-3.1.5.jar;C:\Users\ASUS\.m2\repository\org\jboss\logging\jboss-logging\3.5.3.Final\jboss-logging-3.5.3.Final.jar;C:\Users\ASUS\.m2\repository\org\glassfish\jersey\ext\jersey-spring6\3.1.5\jersey-spring6-3.1.5.jar;C:\Users\ASUS\.m2\repository\org\glassfish\jersey\inject\jersey-hk2\3.1.5\jersey-hk2-3.1.5.jar;C:\Users\ASUS\.m2\repository\org\glassfish\hk2\hk2-locator\3.0.5\hk2-locator-3.0.5.jar;C:\Users\ASUS\.m2\repository\org\glassfish\hk2\external\aopalliance-repackaged\3.0.5\aopalliance-repackaged-3.0.5.jar;C:\Users\ASUS\.m2\repository\org\javassist\javassist\3.29.2-GA\javassist-3.29.2-GA.jar;C:\Users\ASUS\.m2\repository\org\glassfish\hk2\hk2\3.0.5\hk2-3.0.5.jar;C:\Users\ASUS\.m2\repository\org\glassfish\hk2\hk2-utils\3.0.5\hk2-utils-3.0.5.jar;C:\Users\ASUS\.m2\repository\org\glassfish\hk2\hk2-api\3.0.5\hk2-api-3.0.5.jar;C:\Users\ASUS\.m2\repository\org\glassfish\hk2\hk2-core\3.0.5\hk2-core-3.0.5.jar;C:\Users\ASUS\.m2\repository\org\glassfish\hk2\hk2-runlevel\3.0.5\hk2-runlevel-3.0.5.jar;C:\Users\ASUS\.m2\repository\org\glassfish\hk2\class-model\3.0.5\class-model-3.0.5.jar;C:\Users\ASUS\.m2\repository\org\ow2\asm\asm-analysis\9.6\asm-analysis-9.6.jar;C:\Users\ASUS\.m2\repository\org\ow2\asm\asm-commons\9.6\asm-commons-9.6.jar;C:\Users\ASUS\.m2\repository\org\ow2\asm\asm-tree\9.6\asm-tree-9.6.jar;C:\Users\ASUS\.m2\repository\org\ow2\asm\asm-util\9.6\asm-util-9.6.jar;C:\Users\ASUS\.m2\repository\org\glassfish\hk2\spring-bridge\3.0.5\spring-bridge-3.0.5.jar;C:\Users\ASUS\.m2\repository\org\glassfish\jersey\media\jersey-media-json-jackson\3.1.5\jersey-media-json-jackson-3.1.5.jar;C:\Users\ASUS\.m2\repository\org\glassfish\jersey\ext\jersey-entity-filtering\3.1.5\jersey-entity-filtering-3.1.5.jar;C:\Users\ASUS\.m2\repository\jakarta\xml\bind\jakarta.xml.bind-api\4.0.1\jakarta.xml.bind-api-4.0.1.jar;C:\Users\ASUS\.m2\repository\jakarta\activation\jakarta.activation-api\2.1.2\jakarta.activation-api-2.1.2.jar;C:\Users\ASUS\.m2\repository\org\camunda\bpm\webapp\camunda-webapp-webjar\7.21.0\camunda-webapp-webjar-7.21.0.jar;C:\Users\ASUS\.m2\repository\org\springframework\boot\spring-boot-starter-web\3.2.2\spring-boot-starter-web-3.2.2.jar;C:\Users\ASUS\.m2\repository\org\springframework\boot\spring-boot-starter\3.2.2\spring-boot-starter-3.2.2.jar;C:\Users\ASUS\.m2\repository\org\springframework\boot\spring-boot\3.2.2\spring-boot-3.2.2.jar;C:\Users\ASUS\.m2\repository\org\springframework\boot\spring-boot-autoconfigure\3.2.2\spring-boot-autoconfigure-3.2.2.jar;C:\Users\ASUS\.m2\repository\org\springframework\boot\spring-boot-starter-logging\3.2.2\spring-boot-starter-logging-3.2.2.jar;C:\Users\ASUS\.m2\repository\ch\qos\logback\logback-classic\1.4.14\logback-classic-1.4.14.jar;C:\Users\ASUS\.m2\repository\ch\qos\logback\logback-core\1.4.14\logback-core-1.4.14.jar;C:\Users\ASUS\.m2\repository\org\apache\logging\log4j\log4j-to-slf4j\2.21.1\log4j-to-slf4j-2.21.1.jar;C:\Users\ASUS\.m2\repository\org\apache\logging\log4j\log4j-api\2.21.1\log4j-api-2.21.1.jar;C:\Users\ASUS\.m2\repository\org\slf4j\jul-to-slf4j\2.0.11\jul-to-slf4j-2.0.11.jar;C:\Users\ASUS\.m2\repository\jakarta\annotation\jakarta.annotation-api\2.1.1\jakarta.annotation-api-2.1.1.jar;C:\Users\ASUS\.m2\repository\org\springframework\spring-core\6.1.3\spring-core-6.1.3.jar;C:\Users\ASUS\.m2\repository\org\springframework\spring-jcl\6.1.3\spring-jcl-6.1.3.jar;C:\Users\ASUS\.m2\repository\org\yaml\snakeyaml\2.2\snakeyaml-2.2.jar;C:\Users\ASUS\.m2\repository\org\springframework\boot\spring-boot-starter-json\3.2.2\spring-boot-starter-json-3.2.2.jar;C:\Users\ASUS\.m2\repository\com\fasterxml\jackson\core\jackson-databind\2.15.3\jackson-databind-2.15.3.jar;C:\Users\ASUS\.m2\repository\com\fasterxml\jackson\core\jackson-annotations\2.15.3\jackson-annotations-2.15.3.jar;C:\Users\ASUS\.m2\repository\com\fasterxml\jackson\core\jackson-core\2.15.3\jackson-core-2.15.3.jar;C:\Users\ASUS\.m2\repository\com\fasterxml\jackson\datatype\jackson-datatype-jdk8\2.15.3\jackson-datatype-jdk8-2.15.3.jar;C:\Users\ASUS\.m2\repository\com\fasterxml\jackson\datatype\jackson-datatype-jsr310\2.15.3\jackson-datatype-jsr310-2.15.3.jar;C:\Users\ASUS\.m2\repository\com\fasterxml\jackson\module\jackson-module-parameter-names\2.15.3\jackson-module-parameter-names-2.15.3.jar;C:\Users\ASUS\.m2\repository\org\springframework\boot\spring-boot-starter-tomcat\3.2.2\spring-boot-starter-tomcat-3.2.2.jar;C:\Users\ASUS\.m2\repository\org\apache\tomcat\embed\tomcat-embed-core\10.1.18\tomcat-embed-core-10.1.18.jar;C:\Users\ASUS\.m2\repository\org\apache\tomcat\embed\tomcat-embed-el\10.1.18\tomcat-embed-el-10.1.18.jar;C:\Users\ASUS\.m2\repository\org\apache\tomcat\embed\tomcat-embed-websocket\10.1.18\tomcat-embed-websocket-10.1.18.jar;C:\Users\ASUS\.m2\repository\org\springframework\spring-web\6.1.3\spring-web-6.1.3.jar;C:\Users\ASUS\.m2\repository\org\springframework\spring-beans\6.1.3\spring-beans-6.1.3.jar;C:\Users\ASUS\.m2\repository\io\micrometer\micrometer-observation\1.12.2\micrometer-observation-1.12.2.jar;C:\Users\ASUS\.m2\repository\io\micrometer\micrometer-commons\1.12.2\micrometer-commons-1.12.2.jar;C:\Users\ASUS\.m2\repository\org\springframework\spring-webmvc\6.1.3\spring-webmvc-6.1.3.jar;C:\Users\ASUS\.m2\repository\org\springframework\spring-aop\6.1.3\spring-aop-6.1.3.jar;C:\Users\ASUS\.m2\repository\org\springframework\spring-context\6.1.3\spring-context-6.1.3.jar;C:\Users\ASUS\.m2\repository\org\springframework\spring-expression\6.1.3\spring-expression-6.1.3.jar;C:\Users\ASUS\.m2\repository\com\h2database\h2\2.2.224\h2-2.2.224.jar;C:\Users\ASUS\.m2\repository\org\springframework\boot\spring-boot-starter-jdbc\3.2.2\spring-boot-starter-jdbc-3.2.2.jar;C:\Users\ASUS\.m2\repository\com\zaxxer\HikariCP\5.0.1\HikariCP-5.0.1.jar;C:\Users\ASUS\.m2\repository\org\slf4j\slf4j-api\2.0.11\slf4j-api-2.0.11.jar;C:\Users\ASUS\.m2\repository\org\springframework\spring-jdbc\6.1.3\spring-jdbc-6.1.3.jar;C:\Users\ASUS\.m2\repository\org\springframework\spring-tx\6.1.3\spring-tx-6.1.3.jar
Launcher Type: SUN_STANDARD

[Global flags]
     intx CICompilerCount                          = 3                                         {product} {ergonomic}
     uint ConcGCThreads                            = 1                                         {product} {ergonomic}
     uint G1ConcRefinementThreads                  = 4                                         {product} {ergonomic}
   size_t G1HeapRegionSize                         = 1048576                                   {product} {ergonomic}
    uintx GCDrainStackTargetSize                   = 64                                        {product} {ergonomic}
   size_t InitialHeapSize                          = 65011712                                  {product} {ergonomic}
   size_t MarkStackSize                            = 4194304                                   {product} {ergonomic}
   size_t MaxHeapSize                              = 1023410176                                {product} {ergonomic}
   size_t MaxNewSize                               = 613416960                                 {product} {ergonomic}
   size_t MinHeapDeltaBytes                        = 1048576                                   {product} {ergonomic}
   size_t MinHeapSize                              = 8388608                                   {product} {ergonomic}
    uintx NonNMethodCodeHeapSize                   = 5832780                                {pd product} {ergonomic}
    uintx NonProfiledCodeHeapSize                  = 122912730                              {pd product} {ergonomic}
    uintx ProfiledCodeHeapSize                     = 122912730                              {pd product} {ergonomic}
    uintx ReservedCodeCacheSize                    = 251658240                              {pd product} {ergonomic}
     bool SegmentedCodeCache                       = true                                      {product} {ergonomic}
     bool ShowCodeDetailsInExceptionMessages       = true                                   {manageable} {command line}
   size_t SoftMaxHeapSize                          = 1023410176                             {manageable} {ergonomic}
     bool UseCompressedClassPointers               = true                           {product lp64_product} {ergonomic}
     bool UseCompressedOops                        = true                           {product lp64_product} {ergonomic}
     bool UseG1GC                                  = true                                      {product} {ergonomic}
     bool UseLargePagesIndividualAllocation        = false                                  {pd product} {ergonomic}

Logging:
Log output configuration:
 #0: stdout all=warning uptime,level,tags foldmultilines=false
 #1: stderr all=off uptime,level,tags foldmultilines=false

Environment Variables:
PATH=C:/Program Files/Java/jdk-20/bin/server;C:/Program Files/Java/jdk-20/bin;C:\Program Files\Java\jdk-20\bin;C:\Program Files\nodejs;C:\Program Files\Common Files\Oracle\Java\javapath;C:\xampp\php;C:\ProgramData\ComposerSetup\bin;C:\Program Files (x86)\ComposerSetup;C:\Program Files (x86)\Yarn\bin;C:\Program Files (x86)\Git\cmd;C:\Program Files\nodejs\node_modules\npm\bin;C:\Program Files\nodejs\;C:\Program Files\nodejs;C:\Program Files (x86)\Yarn\bin\;C:\Users\ASUS\scoop\shims;C:\Users\ASUS\AppData\Local\Programs\Python\Python311\Scripts\;C:\Users\ASUS\AppData\Local\Programs\Python\Python311\;C:\Users\ASUS\AppData\Local\Microsoft\WindowsApps;C:\Users\ASUS\AppData\Local\Programs\Microsoft VS Code\bin;C:\Program Files\Java\jdk-20;C:\Users\ASUS\AppData\Roaming\Composer\vendor\bin;C:\Users\ASUS\AppData\Roaming\npm;C:\Users\ASUS\AppData\Local\Yarn\bin;;C:\Users\ASUS\Desktop;
USERNAME=ASUS
OS=Windows_NT
PROCESSOR_IDENTIFIER=Intel64 Family 6 Model 126 Stepping 5, GenuineIntel
TMP=C:\Users\ASUS\AppData\Local\Temp
TEMP=C:\Users\ASUS\AppData\Local\Temp




---------------  S Y S T E M  ---------------

OS:
 Windows 11 , 64 bit Build 22621 (10.0.22621.3235)
OS uptime: 43 days 1:31 hours

CPU: total 4 (initial active 4) (2 cores per cpu, 2 threads per core) family 6 model 126 stepping 5 microcode 0xa0, cx8, cmov, fxsr, ht, mmx, 3dnowpref, sse, sse2, sse3, ssse3, sse4.1, sse4.2, popcnt, lzcnt, tsc, tscinvbit, avx, avx2, aes, erms, clmul, bmi1, bmi2, adx, avx512f, avx512dq, avx512cd, avx512bw, avx512vl, sha, fma, vzeroupper, avx512_vpopcntdq, avx512_vpclmulqdq, avx512_vaes, avx512_vnni, clflush, clflushopt, avx512_vbmi2, avx512_vbmi, rdtscp, rdpid, fsrm, gfni, avx512_bitalg, f16c, pku, avx512_ifma

Memory: 4k page, system-wide physical 3901M (252M free)
TotalPageFile size 15677M (AvailPageFile size 4M)
current process WorkingSet (physical memory assigned to process): 62M, peak: 62M
current process commit charge ("private bytes"): 148M, peak: 148M

vm_info: Java HotSpot(TM) 64-Bit Server VM (20.0.2+9-78) for windows-amd64 JRE (20.0.2+9-78), built on 2023-06-14T10:08:48Z by "mach5one" with MS VC++ 17.1 (VS2022)

END.
