#
# There is insufficient memory for the Java Runtime Environment to continue.
# Native memory allocation (mmap) failed to map 65536 bytes for Failed to commit metaspace.
# Possible reasons:
#   The system is out of physical RAM or swap space
#   The process is running with CompressedOops enabled, and the Java Heap may be blocking the growth of the native heap
# Possible solutions:
#   Reduce memory load on the system
#   Increase physical memory or swap space
#   Check if swap backing store is full
#   Decrease Java heap size (-Xmx/-Xms)
#     maximum limit for the native heap growth. Please use -XX:HeapBaseMinAddress
#     to set the Java Heap base and to place the Java Heap above 4GB virtual address.
# This output file may be truncated or incomplete.
#
#  Out of Memory Error (virtualSpaceNode.cpp:110), pid=24624, tid=8580
#
# JRE version: Java(TM) SE Runtime Environment (20.0.2+9) (build 20.0.2+9-78)
# Java VM: Java HotSpot(TM) 64-Bit Server VM (20.0.2+9-78, mixed mode, sharing, tiered, compressed oops, compressed class ptrs, g1 gc, windows-amd64)
# No core dump will be written. Minidumps are not enabled by default on client versions of Windows
#

---------------  S U M M A R Y ------------

Command Line: -Dfile.encoding=UTF-8 -Dstdout.encoding=UTF-8 -Dstderr.encoding=UTF-8 -XX:+ShowCodeDetailsInExceptionMessages com.spiral.technologie.Application

Host: Intel(R) Core(TM) i3-1005G1 CPU @ 1.20GHz, 4 cores, 3G,  Windows 11 , 64 bit Build 22621 (10.0.22621.3235)
Time: Wed May  1 19:15:27 2024 Paris, Madrid (heure duild 22621 (10.0.22621.3235) elapsed time: 4.210161 seconds (0d 0h 0m 4s)

---------------  T H R E A D  ---------------

Current thread (0x000001d6f25efe70):  JavaThread "main" [_thread_in_vm, id=8580, stack(0x0000006e77500000,0x0000006e77600000)]

Stack: [0x0000006e77500000,0x0000006e77600000]
Native frames: (J=compiled Java code, j=interpreted, Vv=VM code, C=native code)
V  [jvm.dll+0x6bc25a]
V  [jvm.dll+0x84971a]
V  [jvm.dll+0x84b315]
V  [jvm.dll+0x84ba13]
V  [jvm.dll+0x280e4f]
V  [jvm.dll+0x84565b]
V  [jvm.dll+0x660616]
V  [jvm.dll+0x1eb7b7]
V  [jvm.dll+0x663032]
V  [jvm.dll+0x662e1e]
V  [jvm.dll+0x66102e]
V  [jvm.dll+0x26dd96]
V  [jvm.dll+0x21c177]
V  [jvm.dll+0x211a50]
V  [jvm.dll+0x59c7cc]
V  [jvm.dll+0x7c42a3]
V  [jvm.dll+0x7c4384]
V  [jvm.dll+0x46ca64]
V  [jvm.dll+0x471fc8]
C  [java.dll+0x17ec]

Java frames: (J=compiled Java code, j=interpreted, Vv=VM code)
j  java.lang.ClassLoader.defineClass1(Ljava/lang/ClassLoader;Ljava/lang/String;[BIILjava/security/ProtectionDomain;Ljava/lang/String;)Ljava/lang/Class;+0 java.base@20.0.2
j  java.lang.ClassLoader.defineClass(Ljava/lang/String;[BIILjava/security/ProtectionDomain;)Ljava/lang/Class;+27 java.base@20.0.2
j  java.security.SecureClassLoader.defineClass(Ljava/lang/String;[BIILjava/security/CodeSource;)Ljava/lang/Class;+12 java.base@20.0.2
j  jdk.internal.loader.BuiltinClassLoader.defineClass(Ljava/lang/String;Ljdk/internal/loader/Resource;)Ljava/lang/Class;+117 java.base@20.0.2
j  jdk.internal.loader.BuiltinClassLoader.findClassOnClassPathOrNull(Ljava/lang/String;)Ljava/lang/Class;+37 java.base@20.0.2
J 488 c1 jdk.internal.loader.BuiltinClassLoader.loadClassOrNull(Ljava/lang/String;Z)Ljava/lang/Class; java.base@20.0.2 (143 bytes) @ 0x000001d6800c42b4 [0x000001d6800c3840+0x0000000000000a74]
j  jdk.internal.loader.BuiltinClassLoader.loadClass(Ljava/lang/String;Z)Ljava/lang/Class;+3 java.base@20.0.2
j  jdk.internal.loader.ClassLoaders$AppClassLoader.loadClass(Ljava/lang/String;Z)Ljava/lang/Class;+36 java.base@20.0.2
j  java.lang.ClassLoader.loadClass(Ljava/lang/String;)Ljava/lang/Class;+3 java.base@20.0.2
v  ~StubRoutines::call_stub 0x000001d6875310e7
j  org.springframework.boot.SpringApplication.<clinit>()V+8
v  ~StubRoutines::call_stub 0x000001d6875310e7
j  com.spiral.technologie.Application.main([Ljava/lang/String;)V+3
v  ~StubRoutines::call_stub 0x000001d6875310e7

Compiled method (c1)    4258  488   !   3       jdk.internal.loader.BuiltinClassLoader::loadClassOrNull (143 bytes)
 total in heap  [0x000001d6800c3590,0x000001d6800c4db8] = 6184
 relocation     [0x000001d6800c36d8,0x000001d6800c3830] = 344
 main code      [0x000001d6800c3840,0x000001d6800c4708] = 3784
 stub code      [0x000001d6800c4708,0x000001d6800c47c8] = 192
 metadata       [0x000001d6800c47c8,0x000001d6800c4828] = 96
 scopes data    [0x000001d6800c4828,0x000001d6800c4a50] = 552
 scopes pcs     [0x000001d6800c4a50,0x000001d6800c4c30] = 480
 dependencies   [0x000001d6800c4c30,0x000001d6800c4c40] = 16
 handler table  [0x000001d6800c4c40,0x000001d6800c4d90] = 336
 nul chk table  [0x000001d6800c4d90,0x000001d6800c4db8] = 40

[Constant Pool (empty)]

[MachCode]
[Entry Point]
  # {method} {0x000001d68f069738} 'loadClassOrNull' '(Ljava/lang/String;Z)Ljava/lang/Class;' in 'jdk/internal/loader/BuiltinClassLoader'
  # this:     rdx:rdx   = 'jdk/internal/loader/BuiltinClassLoader'
  # parm0:    r8:r8     = 'java/lang/String'
  # parm1:    r9        = boolean
  #           [sp+0xd0]  (sp of caller)
  0x000001d6800c3840: 448b 5208 | 49bb 0000 | 008f d601 | 0000 4d03 | d34c 3bd0 

  0x000001d6800c3854: ;   {runtime_call ic_miss_stub}
  0x000001d6800c3854: 0f85 a60c | 4d07 660f | 1f44 0000 
[Verified Entry Point]
  0x000001d6800c3860: 8984 2400 | 80ff ff55 | 4881 ecc0 | 0000 0090 | 4181 7f20 | 0100 0000 

  0x000001d6800c3878: ;   {runtime_call StubRoutines (2)}
  0x000001d6800c3878: 7405 e8c1 | ac4b 0748 | 8954 2468 

  0x000001d6800c3884: ;   {metadata(method data for {method} {0x000001d68f069738} 'loadClassOrNull' '(Ljava/lang/String;Z)Ljava/lang/Class;' in 'jdk/internal/loader/BuiltinClassLoader')}
  0x000001d6800c3884: 48be c012 | 12d0 d601 | 0000 8bbe | cc00 0000 | 83c7 0289 | becc 0000 | 0081 e7fe | 0700 0083 
  0x000001d6800c38a4: ff00 0f84 | 380c 0000 | 4489 4c24 | 7848 8bf2 

  0x000001d6800c38b4: ;   {metadata(method data for {method} {0x000001d68f069738} 'loadClassOrNull' '(Ljava/lang/String;Z)Ljava/lang/Class;' in 'jdk/internal/loader/BuiltinClassLoader')}
  0x000001d6800c38b4: 48bf c012 | 12d0 d601 | 0000 8b76 | 0849 ba00 | 0000 8fd6 | 0100 0049 | 03f2 483b | b720 0100 
  0x000001d6800c38d4: 0075 0d48 | 8387 2801 | 0000 01e9 | 6000 0000 | 483b b730 | 0100 0075 | 0d48 8387 | 3801 0000 
  0x000001d6800c38f4: 01e9 4a00 | 0000 4883 | bf20 0100 | 0000 7517 | 4889 b720 | 0100 0048 | c787 2801 | 0000 0100 
  0x000001d6800c3914: 0000 e929 | 0000 0048 | 83bf 3001 | 0000 0075 | 1748 89b7 | 3001 0000 | 48c7 8738 | 0100 0001 
  0x000001d6800c3934: 0000 00e9 | 0800 0000 | 4883 8710 | 0100 0001 | 498b f04c | 8bc6 488b | fa48 8bd7 | 4889 7424 
  0x000001d6800c3954: ;   {optimized virtual_call}
  0x000001d6800c3954: 7066 90e8 

  0x000001d6800c3958: ; ImmutableOopMap {[104]=Oop [112]=Oop }
                      ;*invokevirtual getClassLoadingLock {reexecute=0 rethrow=0 return_oop=0}
                      ; - jdk.internal.loader.BuiltinClassLoader::loadClassOrNull@2 (line 651)
  0x000001d6800c3958: 8416 0000 | 4889 8424 | 8000 0000 | 488d 9424 | a000 0000 | 488b f048 | 8972 0848 | 8b06 4883 
  0x000001d6800c3978: c801 4889 | 02f0 480f | b116 0f84 | 1200 0000 | 482b c448 | 2507 f0ff | ff48 8902 | 0f85 700b 
  0x000001d6800c3998: 0000 49ff | 8778 0400 | 0048 8b54 

  0x000001d6800c39a4: ;   {metadata(method data for {method} {0x000001d68f069738} 'loadClassOrNull' '(Ljava/lang/String;Z)Ljava/lang/Class;' in 'jdk/internal/loader/BuiltinClassLoader')}
  0x000001d6800c39a4: 2468 48be | c012 12d0 | d601 0000 | 4883 8648 | 0100 0001 

  0x000001d6800c39b8: ;   {metadata(method data for {method} {0x000001d68f439230} 'findLoadedClass' '(Ljava/lang/String;)Ljava/lang/Class;' in 'java/lang/ClassLoader')}
  0x000001d6800c39b8: 48ba c019 | 12d0 d601 | 0000 8bb2 | cc00 0000 | 83c6 0289 | b2cc 0000 | 0081 e6fe | ff1f 0083 
  0x000001d6800c39d8: fe00 0f84 | 3d0b 0000 

  0x000001d6800c39e0: ;   {metadata(method data for {method} {0x000001d68f439230} 'findLoadedClass' '(Ljava/lang/String;)Ljava/lang/Class;' in 'java/lang/ClassLoader')}
  0x000001d6800c39e0: 48ba c019 | 12d0 d601 | 0000 4883 | 8210 0100 | 0001 488b 

  0x000001d6800c39f4: ;   {static_call}
  0x000001d6800c39f4: 5424 70e8 

  0x000001d6800c39f8: ; ImmutableOopMap {[104]=Oop [112]=Oop [128]=Oop [168]=Oop }
                      ;*invokestatic checkName {reexecute=0 rethrow=0 return_oop=0}
                      ; - java.lang.ClassLoader::findLoadedClass@1 (line 1284)
                      ; - jdk.internal.loader.BuiltinClassLoader::loadClassOrNull@10 (line 653)
  0x000001d6800c39f8: e49a fcff 

  0x000001d6800c39fc: ;   {metadata(method data for {method} {0x000001d68f439230} 'findLoadedClass' '(Ljava/lang/String;)Ljava/lang/Class;' in 'java/lang/ClassLoader')}
  0x000001d6800c39fc: 83f8 0049 | b8c0 1912 | d0d6 0100 | 0048 ba20 | 0100 0000 | 0000 000f | 850a 0000 | 0048 ba30 
  0x000001d6800c3a1c: 0100 0000 | 0000 0049 | 8b34 1048 | 8d76 0149 | 8934 100f | 850f 0000 

  0x000001d6800c3a34: ;   {oop(NULL)}
  0x000001d6800c3a34: 0048 be00 | 0000 0000 | 0000 00e9 | 2b00 0000 | 488b 5424 

  0x000001d6800c3a48: ;   {metadata(method data for {method} {0x000001d68f439230} 'findLoadedClass' '(Ljava/lang/String;)Ljava/lang/Class;' in 'java/lang/ClassLoader')}
  0x000001d6800c3a48: 6849 b8c0 | 1912 d0d6 | 0100 0049 | 8380 4001 | 0000 014c | 8b44 2470 | 488b 5424 

  0x000001d6800c3a64: ;   {optimized virtual_call}
  0x000001d6800c3a64: 6866 90e8 

  0x000001d6800c3a68: ; ImmutableOopMap {[104]=Oop [112]=Oop [128]=Oop [168]=Oop }
                      ;*invokevirtual findLoadedClass0 {reexecute=0 rethrow=0 return_oop=0}
                      ; - java.lang.ClassLoader::findLoadedClass@11 (line 1286)
                      ; - jdk.internal.loader.BuiltinClassLoader::loadClassOrNull@10 (line 653)
  0x000001d6800c3a68: 54a2 a307 | 488b f048 

  0x000001d6800c3a70: ;   {metadata(method data for {method} {0x000001d68f069738} 'loadClassOrNull' '(Ljava/lang/String;Z)Ljava/lang/Class;' in 'jdk/internal/loader/BuiltinClassLoader')}
  0x000001d6800c3a70: 83fe 0049 | b8c0 1212 | d0d6 0100 | 0048 ba80 | 0100 0000 | 0000 000f | 850a 0000 | 0048 ba90 
  0x000001d6800c3a90: 0100 0000 | 0000 0049 | 8b3c 1048 | 8d7f 0149 | 893c 100f | 850e 0800 | 0048 89b4 | 2488 0000 
  0x000001d6800c3ab0: 0048 8b54 

  0x000001d6800c3ab4: ;   {metadata(method data for {method} {0x000001d68f069738} 'loadClassOrNull' '(Ljava/lang/String;Z)Ljava/lang/Class;' in 'jdk/internal/loader/BuiltinClassLoader')}
  0x000001d6800c3ab4: 2468 49b8 | c012 12d0 | d601 0000 | 4983 80a0 | 0100 0001 | 4c8b 4424 | 7048 8b54 | 2468 0f1f 
  0x000001d6800c3ad4: ;   {optimized virtual_call}
  0x000001d6800c3ad4: 4400 00e8 

  0x000001d6800c3ad8: ; ImmutableOopMap {[104]=Oop [112]=Oop [128]=Oop [136]=Oop [168]=Oop }
                      ;*invokevirtual findLoadedModule {reexecute=0 rethrow=0 return_oop=0}
                      ; - jdk.internal.loader.BuiltinClassLoader::loadClassOrNull@22 (line 658)
  0x000001d6800c3ad8: 647a 0000 | 4883 f800 

  0x000001d6800c3ae0: ;   {metadata(method data for {method} {0x000001d68f069738} 'loadClassOrNull' '(Ljava/lang/String;Z)Ljava/lang/Class;' in 'jdk/internal/loader/BuiltinClassLoader')}
  0x000001d6800c3ae0: 49b8 c012 | 12d0 d601 | 0000 49b9 | d801 0000 | 0000 0000 | 0f84 0a00 | 0000 49b9 | e801 0000 
  0x000001d6800c3b00: 0000 0000 | 4b8b 1408 | 488d 5201 | 4b89 1408 | 488b 5424 | 680f 84a2 | 0300 0048 | 3b00 4c8b 
  0x000001d6800c3b20: ;   {metadata(method data for {method} {0x000001d68f069738} 'loadClassOrNull' '(Ljava/lang/String;Z)Ljava/lang/Class;' in 'jdk/internal/loader/BuiltinClassLoader')}
  0x000001d6800c3b20: c049 b9c0 | 1212 d0d6 

  0x000001d6800c3b28: ;   {metadata('jdk/internal/loader/BuiltinClassLoader$LoadedModule')}
  0x000001d6800c3b28: 0100 0049 | bae8 da17 | 8fd6 0100 | 004d 8991 | 0802 0000 | 4983 8110 | 0200 0001 | 8b70 0c48 
  0x000001d6800c3b48: ;   {metadata(method data for {method} {0x000001d68f069738} 'loadClassOrNull' '(Ljava/lang/String;Z)Ljava/lang/Class;' in 'jdk/internal/loader/BuiltinClassLoader')}
  0x000001d6800c3b48: 3bf2 49b8 | c012 12d0 | d601 0000 | 49b9 3002 | 0000 0000 | 0000 0f85 | 0a00 0000 | 49b9 4002 
  0x000001d6800c3b68: 0000 0000 | 0000 4b8b | 3c08 488d | 7f01 4b89 | 3c08 0f85 | 2d02 0000 

  0x000001d6800c3b80: ;   {metadata(method data for {method} {0x000001d68f069738} 'loadClassOrNull' '(Ljava/lang/String;Z)Ljava/lang/Class;' in 'jdk/internal/loader/BuiltinClassLoader')}
  0x000001d6800c3b80: 49b8 c012 | 12d0 d601 | 0000 4983 | 8050 0200 

  0x000001d6800c3b90: ;   {metadata(method data for {method} {0x000001d68f452b20} 'isModuleSystemInited' '()Z' in 'jdk/internal/misc/VM')}
  0x000001d6800c3b90: 0001 49b8 | d81d 12d0 | d601 0000 | 458b 88cc | 0000 0041 | 83c1 0245 | 8988 cc00 | 0000 4181 
  0x000001d6800c3bb0: e1fe ff1f | 0041 83f9 | 000f 8484 

  0x000001d6800c3bbc: ;   {oop(a 'java/lang/Class'{0x00000000c6d09940} = 'jdk/internal/misc/VM')}
  0x000001d6800c3bbc: 0900 0049 | b840 99d0 | c600 0000 | 0045 8b80 | 9400 0000 | 4183 f802 

  0x000001d6800c3bd4: ;   {metadata(method data for {method} {0x000001d68f452b20} 'isModuleSystemInited' '()Z' in 'jdk/internal/misc/VM')}
  0x000001d6800c3bd4: 49b8 d81d | 12d0 d601 | 0000 49b9 | 1001 0000 | 0000 0000 | 0f8c 0a00 | 0000 49b9 | 2001 0000 
  0x000001d6800c3bf4: 0000 0000 | 4b8b 3408 | 488d 7601 | 4b89 3408 | 0f8c 1c00 

  0x000001d6800c3c08: ;   {metadata(method data for {method} {0x000001d68f452b20} 'isModuleSystemInited' '()Z' in 'jdk/internal/misc/VM')}
  0x000001d6800c3c08: 0000 49b8 | d81d 12d0 | d601 0000 | 41ff 8030 | 0100 0041 | b801 0000 | 00e9 0600 | 0000 41b8 
  0x000001d6800c3c28: 0000 0000 | 4183 e001 | 4183 f800 

  0x000001d6800c3c34: ;   {metadata(method data for {method} {0x000001d68f069738} 'loadClassOrNull' '(Ljava/lang/String;Z)Ljava/lang/Class;' in 'jdk/internal/loader/BuiltinClassLoader')}
  0x000001d6800c3c34: 49b8 c012 | 12d0 d601 | 0000 49b9 | 7002 0000 | 0000 0000 | 0f85 0a00 | 0000 49b9 | 6002 0000 
  0x000001d6800c3c54: 0000 0000 | 4b8b 3408 | 488d 7601 | 4b89 3408 | 0f85 0d00 | 0000 488b | b424 8800 | 0000 e930 
  0x000001d6800c3c74: 0200 004c 

  0x000001d6800c3c78: ;   {metadata(method data for {method} {0x000001d68f069738} 'loadClassOrNull' '(Ljava/lang/String;Z)Ljava/lang/Class;' in 'jdk/internal/loader/BuiltinClassLoader')}
  0x000001d6800c3c78: 8bc2 49b9 | c012 12d0 | d601 0000 | 4983 8180 | 0200 0001 

  0x000001d6800c3c8c: ;   {metadata(method data for {method} {0x000001d68f069e70} 'findClassInModuleOrNull' '(Ljdk/internal/loader/BuiltinClassLoader$LoadedModule;Ljava/lang/String;)Ljava/lang/Class;' in 'jdk/internal/loader/BuiltinClassLoader')}
  0x000001d6800c3c8c: 49b8 381f | 12d0 d601 | 0000 458b | 88cc 0000 | 0041 83c1 | 0245 8988 | cc00 0000 | 4181 e1fe 
  0x000001d6800c3cac: ff1f 0041 | 83f9 000f | 84ab 0800 

  0x000001d6800c3cb8: ;   {metadata(method data for {method} {0x000001d68f069e70} 'findClassInModuleOrNull' '(Ljdk/internal/loader/BuiltinClassLoader$LoadedModule;Ljava/lang/String;)Ljava/lang/Class;' in 'jdk/internal/loader/BuiltinClassLoader')}
  0x000001d6800c3cb8: 0049 b838 | 1f12 d0d6 | 0100 0049 | 8380 1001 

  0x000001d6800c3cc8: ;   {metadata(method data for {method} {0x000001d68f01baa8} 'getSecurityManager' '()Ljava/lang/SecurityManager;' in 'java/lang/System')}
  0x000001d6800c3cc8: 0000 0149 | b8a8 9602 | d0d6 0100 | 0045 8b88 | cc00 0000 | 4183 c102 | 4589 88cc | 0000 0041 
  0x000001d6800c3ce8: 81e1 feff | 1f00 4183 | f900 0f84 | 8d08 0000 

  0x000001d6800c3cf8: ;   {metadata(method data for {method} {0x000001d68f01baa8} 'getSecurityManager' '()Ljava/lang/SecurityManager;' in 'java/lang/System')}
  0x000001d6800c3cf8: 49b8 a896 | 02d0 d601 | 0000 4983 | 8010 0100 

  0x000001d6800c3d08: ;   {metadata(method data for {method} {0x000001d68f01bbc0} 'allowSecurityManager' '()Z' in 'java/lang/System')}
  0x000001d6800c3d08: 0001 49b8 | 2098 02d0 | d601 0000 | 458b 88cc | 0000 0041 | 83c1 0245 | 8988 cc00 | 0000 4181 
  0x000001d6800c3d28: e1fe ff1f | 0041 83f9 | 000f 846f 

  0x000001d6800c3d34: ;   {metadata(method data for {method} {0x000001d68f01bbc0} 'allowSecurityManager' '()Z' in 'java/lang/System')}
  0x000001d6800c3d34: 0800 0049 | b820 9802 | d0d6 0100 | 0041 ff80 | 1001 0000 

  0x000001d6800c3d48: ;   {metadata(method data for {method} {0x000001d68f01baa8} 'getSecurityManager' '()Ljava/lang/SecurityManager;' in 'java/lang/System')}
  0x000001d6800c3d48: 49b8 a896 | 02d0 d601 | 0000 41ff | 8020 0100 

  0x000001d6800c3d58: ;   {metadata(method data for {method} {0x000001d68f069e70} 'findClassInModuleOrNull' '(Ljdk/internal/loader/BuiltinClassLoader$LoadedModule;Ljava/lang/String;)Ljava/lang/Class;' in 'jdk/internal/loader/BuiltinClassLoader')}
  0x000001d6800c3d58: 0049 b838 | 1f12 d0d6 | 0100 0041 | ff80 3001 | 0000 4c8b 

  0x000001d6800c3d6c: ;   {metadata(method data for {method} {0x000001d68f069e70} 'findClassInModuleOrNull' '(Ljdk/internal/loader/BuiltinClassLoader$LoadedModule;Ljava/lang/String;)Ljava/lang/Class;' in 'jdk/internal/loader/BuiltinClassLoader')}
  0x000001d6800c3d6c: c249 b938 | 1f12 d0d6 | 0100 0049 | 8381 4001 | 0000 014c | 8b44 2470 | 4c8b c848 | 8bf2 488b 
  0x000001d6800c3d8c: ;   {optimized virtual_call}
  0x000001d6800c3d8c: d666 90e8 

  0x000001d6800c3d90: ; ImmutableOopMap {[104]=Oop [128]=Oop [168]=Oop }
                      ;*invokevirtual defineClass {reexecute=0 rethrow=0 return_oop=0}
                      ; - jdk.internal.loader.BuiltinClassLoader::findClassInModuleOrNull@9 (line 741)
                      ; - jdk.internal.loader.BuiltinClassLoader::loadClassOrNull@55 (line 665)
  0x000001d6800c3d90: 6c0c 4d07 

  0x000001d6800c3d94: ;   {metadata(method data for {method} {0x000001d68f069738} 'loadClassOrNull' '(Ljava/lang/String;Z)Ljava/lang/Class;' in 'jdk/internal/loader/BuiltinClassLoader')}
  0x000001d6800c3d94: 49b8 c012 | 12d0 d601 | 0000 41ff | 80b8 0200 | 0048 8bf0 | e9fa 0000 | 0048 3b06 

  0x000001d6800c3db0: ;   {metadata(method data for {method} {0x000001d68f069738} 'loadClassOrNull' '(Ljava/lang/String;Z)Ljava/lang/Class;' in 'jdk/internal/loader/BuiltinClassLoader')}
  0x000001d6800c3db0: 4c8b c649 | b9c0 1212 | d0d6 0100 | 0049 8381 | d002 0000 

  0x000001d6800c3dc4: ;   {metadata(method data for {method} {0x000001d68f069f20} 'loadClassOrNull' '(Ljava/lang/String;)Ljava/lang/Class;' in 'jdk/internal/loader/BuiltinClassLoader')}
  0x000001d6800c3dc4: 0149 b828 | 2712 d0d6 | 0100 0045 | 8b88 cc00 | 0000 4183 | c102 4589 | 88cc 0000 | 0041 81e1 
  0x000001d6800c3de4: feff 1f00 | 4183 f900 | 0f84 da07 | 0000 4c8b 

  0x000001d6800c3df4: ;   {metadata(method data for {method} {0x000001d68f069f20} 'loadClassOrNull' '(Ljava/lang/String;)Ljava/lang/Class;' in 'jdk/internal/loader/BuiltinClassLoader')}
  0x000001d6800c3df4: c649 b928 | 2712 d0d6 | 0100 0045 | 8b40 0849 | ba00 0000 | 8fd6 0100 | 004d 03c2 | 4d3b 8120 
  0x000001d6800c3e14: 0100 0075 | 0d49 8381 | 2801 0000 | 01e9 6000 | 0000 4d3b | 8130 0100 | 0075 0d49 | 8381 3801 
  0x000001d6800c3e34: 0000 01e9 | 4a00 0000 | 4983 b920 | 0100 0000 | 7517 4d89 | 8120 0100 | 0049 c781 | 2801 0000 
  0x000001d6800c3e54: 0100 0000 | e929 0000 | 0049 83b9 | 3001 0000 | 0075 174d | 8981 3001 | 0000 49c7 | 8138 0100 
  0x000001d6800c3e74: 0001 0000 | 00e9 0800 | 0000 4983 | 8110 0100 | 0001 4c8b | 4424 7041 | b900 0000 | 0048 8bd6 
  0x000001d6800c3e94: 9048 b8ff | ffff ffff 

  0x000001d6800c3e9c: ;   {virtual_call}
  0x000001d6800c3e9c: ffff ffe8 

  0x000001d6800c3ea0: ; ImmutableOopMap {[104]=Oop [128]=Oop [168]=Oop }
                      ;*invokevirtual loadClassOrNull {reexecute=0 rethrow=0 return_oop=0}
                      ; - jdk.internal.loader.BuiltinClassLoader::loadClassOrNull@3 (line 700)
                      ; - jdk.internal.loader.BuiltinClassLoader::loadClassOrNull@66 (line 669)
  0x000001d6800c3ea0: fcd3 4c07 

  0x000001d6800c3ea4: ;   {metadata(method data for {method} {0x000001d68f069738} 'loadClassOrNull' '(Ljava/lang/String;Z)Ljava/lang/Class;' in 'jdk/internal/loader/BuiltinClassLoader')}
  0x000001d6800c3ea4: 488b f049 | b8c0 1212 | d0d6 0100 | 0041 ff80 | 0803 0000 | e9fa 0300 | 008b 7254 | 4883 fe00 
  0x000001d6800c3ec4: ;   {metadata(method data for {method} {0x000001d68f069738} 'loadClassOrNull' '(Ljava/lang/String;Z)Ljava/lang/Class;' in 'jdk/internal/loader/BuiltinClassLoader')}
  0x000001d6800c3ec4: 49b8 c012 | 12d0 d601 | 0000 49b9 | 3003 0000 | 0000 0000 | 0f85 0a00 | 0000 49b9 | 2003 0000 
  0x000001d6800c3ee4: 0000 0000 | 4b8b 3c08 | 488d 7f01 | 4b89 3c08 | 0f85 0d00 | 0000 488b | b424 8800 | 0000 e900 
  0x000001d6800c3f04: 0100 0048 | 3b06 4c8b 

  0x000001d6800c3f0c: ;   {metadata(method data for {method} {0x000001d68f069738} 'loadClassOrNull' '(Ljava/lang/String;Z)Ljava/lang/Class;' in 'jdk/internal/loader/BuiltinClassLoader')}
  0x000001d6800c3f0c: c649 b9c0 | 1212 d0d6 | 0100 0049 | 8381 4003 

  0x000001d6800c3f1c: ;   {metadata(method data for {method} {0x000001d68f069f20} 'loadClassOrNull' '(Ljava/lang/String;)Ljava/lang/Class;' in 'jdk/internal/loader/BuiltinClassLoader')}
  0x000001d6800c3f1c: 0000 0149 | b828 2712 | d0d6 0100 | 0045 8b88 | cc00 0000 | 4183 c102 | 4589 88cc | 0000 0041 
  0x000001d6800c3f3c: 81e1 feff | 1f00 4183 | f900 0f84 | a606 0000 

  0x000001d6800c3f4c: ;   {metadata(method data for {method} {0x000001d68f069f20} 'loadClassOrNull' '(Ljava/lang/String;)Ljava/lang/Class;' in 'jdk/internal/loader/BuiltinClassLoader')}
  0x000001d6800c3f4c: 4c8b c649 | b928 2712 | d0d6 0100 | 0045 8b40 | 0849 ba00 | 0000 8fd6 | 0100 004d | 03c2 4d3b 
  0x000001d6800c3f6c: 8120 0100 | 0075 0d49 | 8381 2801 | 0000 01e9 | 6000 0000 | 4d3b 8130 | 0100 0075 | 0d49 8381 
  0x000001d6800c3f8c: 3801 0000 | 01e9 4a00 | 0000 4983 | b920 0100 | 0000 7517 | 4d89 8120 | 0100 0049 | c781 2801 
  0x000001d6800c3fac: 0000 0100 | 0000 e929 | 0000 0049 | 83b9 3001 | 0000 0075 | 174d 8981 | 3001 0000 | 49c7 8138 
  0x000001d6800c3fcc: 0100 0001 | 0000 00e9 | 0800 0000 | 4983 8110 | 0100 0001 | 4c8b 4424 | 7041 b900 | 0000 0048 
  0x000001d6800c3fec: 8bd6 0f1f | 8000 0000 | 0048 b8b8 | a906 8fd6 

  0x000001d6800c3ffc: ;   {virtual_call}
  0x000001d6800c3ffc: 0100 00e8 

  0x000001d6800c4000: ; ImmutableOopMap {[104]=Oop [112]=Oop [128]=Oop [168]=Oop }
                      ;*invokevirtual loadClassOrNull {reexecute=0 rethrow=0 return_oop=0}
                      ; - jdk.internal.loader.BuiltinClassLoader::loadClassOrNull@3 (line 700)
                      ; - jdk.internal.loader.BuiltinClassLoader::loadClassOrNull@86 (line 676)
  0x000001d6800c4000: dcd1 4c07 | 488b f048 

  0x000001d6800c4008: ;   {metadata(method data for {method} {0x000001d68f069738} 'loadClassOrNull' '(Ljava/lang/String;Z)Ljava/lang/Class;' in 'jdk/internal/loader/BuiltinClassLoader')}
  0x000001d6800c4008: 83fe 0049 | b8c0 1212 | d0d6 0100 | 0048 ba78 | 0300 0000 | 0000 000f | 850a 0000 | 0048 ba88 
  0x000001d6800c4028: 0300 0000 | 0000 0049 | 8b3c 1048 | 8d7f 0149 | 893c 100f | 8576 0200 | 0048 8b54 | 2468 4c8b 
  0x000001d6800c4048: ;   {metadata(method data for {method} {0x000001d68f069738} 'loadClassOrNull' '(Ljava/lang/String;Z)Ljava/lang/Class;' in 'jdk/internal/loader/BuiltinClassLoader')}
  0x000001d6800c4048: c248 bfc0 | 1212 d0d6 | 0100 0045 | 8b40 0849 | ba00 0000 | 8fd6 0100 | 004d 03c2 | 4c3b 87a8 
  0x000001d6800c4068: 0300 0075 | 0d48 8387 | b003 0000 | 01e9 6000 | 0000 4c3b | 87b8 0300 | 0075 0d48 | 8387 c003 
  0x000001d6800c4088: 0000 01e9 | 4a00 0000 | 4883 bfa8 | 0300 0000 | 7517 4c89 | 87a8 0300 | 0048 c787 | b003 0000 
  0x000001d6800c40a8: 0100 0000 | e929 0000 | 0048 83bf | b803 0000 | 0075 174c | 8987 b803 | 0000 48c7 | 87c0 0300 
  0x000001d6800c40c8: 0001 0000 | 00e9 0800 | 0000 4883 | 8798 0300 

  0x000001d6800c40d8: ;   {metadata(method data for {method} {0x000001d68f0696e0} 'hasClassPath' '()Z' in 'jdk/internal/loader/BuiltinClassLoader')}
  0x000001d6800c40d8: 0001 49b8 | b828 12d0 | d601 0000 | 418b b8cc | 0000 0083 | c702 4189 | b8cc 0000 | 0081 e7fe 
  0x000001d6800c40f8: ff1f 0083 | ff00 0f84 | 0f05 0000 | 448b 4258 | 4983 f800 

  0x000001d6800c410c: ;   {metadata(method data for {method} {0x000001d68f0696e0} 'hasClassPath' '()Z' in 'jdk/internal/loader/BuiltinClassLoader')}
  0x000001d6800c410c: 49b8 b828 | 12d0 d601 | 0000 48bf | 1001 0000 | 0000 0000 | 0f84 0a00 | 0000 48bf | 2001 0000 
  0x000001d6800c412c: 0000 0000 | 498b 1c38 | 488d 5b01 | 4989 1c38 | 0f84 1c00 

  0x000001d6800c4140: ;   {metadata(method data for {method} {0x000001d68f0696e0} 'hasClassPath' '()Z' in 'jdk/internal/loader/BuiltinClassLoader')}
  0x000001d6800c4140: 0000 49b8 | b828 12d0 | d601 0000 | 41ff 8030 | 0100 0041 | b801 0000 | 00e9 0600 | 0000 41b8 
  0x000001d6800c4160: 0000 0000 | 4183 e001 | 4183 f800 

  0x000001d6800c416c: ;   {metadata(method data for {method} {0x000001d68f069738} 'loadClassOrNull' '(Ljava/lang/String;Z)Ljava/lang/Class;' in 'jdk/internal/loader/BuiltinClassLoader')}
  0x000001d6800c416c: 49b8 c012 | 12d0 d601 | 0000 48bf | d003 0000 | 0000 0000 | 0f84 0a00 | 0000 48bf | e003 0000 
  0x000001d6800c418c: 0000 0000 | 498b 1c38 | 488d 5b01 | 4989 1c38 | 0f84 1501 

  0x000001d6800c41a0: ;   {metadata(method data for {method} {0x000001d68f069738} 'loadClassOrNull' '(Ljava/lang/String;Z)Ljava/lang/Class;' in 'jdk/internal/loader/BuiltinClassLoader')}
  0x000001d6800c41a0: 0000 49b8 | c012 12d0 | d601 0000 | 4983 80f0 | 0300 0001 

  0x000001d6800c41b4: ;   {metadata(method data for {method} {0x000001d68f452b20} 'isModuleSystemInited' '()Z' in 'jdk/internal/misc/VM')}
  0x000001d6800c41b4: 49b8 d81d | 12d0 d601 | 0000 418b | b8cc 0000 | 0083 c702 | 4189 b8cc | 0000 0081 | e7fe ff1f 
  0x000001d6800c41d4: 0083 ff00 | 0f84 5604 

  0x000001d6800c41dc: ;   {oop(a 'java/lang/Class'{0x00000000c6d09940} = 'jdk/internal/misc/VM')}
  0x000001d6800c41dc: 0000 49b8 | 4099 d0c6 | 0000 0000 | 458b 8094 | 0000 0041 

  0x000001d6800c41f0: ;   {metadata(method data for {method} {0x000001d68f452b20} 'isModuleSystemInited' '()Z' in 'jdk/internal/misc/VM')}
  0x000001d6800c41f0: 83f8 0249 | b8d8 1d12 | d0d6 0100 | 0048 bf10 | 0100 0000 | 0000 000f | 8c0a 0000 | 0048 bf20 
  0x000001d6800c4210: 0100 0000 | 0000 0049 | 8b1c 3848 | 8d5b 0149 | 891c 380f | 8c1c 0000 

  0x000001d6800c4228: ;   {metadata(method data for {method} {0x000001d68f452b20} 'isModuleSystemInited' '()Z' in 'jdk/internal/misc/VM')}
  0x000001d6800c4228: 0049 b8d8 | 1d12 d0d6 | 0100 0041 | ff80 3001 | 0000 41b8 | 0100 0000 | e906 0000 | 0041 b800 
  0x000001d6800c4248: 0000 0041 | 83e0 0141 

  0x000001d6800c4250: ;   {metadata(method data for {method} {0x000001d68f069738} 'loadClassOrNull' '(Ljava/lang/String;Z)Ljava/lang/Class;' in 'jdk/internal/loader/BuiltinClassLoader')}
  0x000001d6800c4250: 83f8 0049 | b8c0 1212 | d0d6 0100 | 0048 bf00 | 0400 0000 | 0000 000f | 840a 0000 | 0048 bf10 
  0x000001d6800c4270: 0400 0000 | 0000 0049 | 8b1c 3848 | 8d5b 0149 | 891c 380f | 842e 0000 | 004c 8b44 | 2470 488b 
  0x000001d6800c4290: ;   {metadata(method data for {method} {0x000001d68f069738} 'loadClassOrNull' '(Ljava/lang/String;Z)Ljava/lang/Class;' in 'jdk/internal/loader/BuiltinClassLoader')}
  0x000001d6800c4290: f248 bfc0 | 1212 d0d6 | 0100 0048 | 8387 2004 | 0000 0148 | 8bf2 488b | d666 0f1f 

  0x000001d6800c42ac: ;   {optimized virtual_call}
  0x000001d6800c42ac: 4400 00e8 

  0x000001d6800c42b0: ; ImmutableOopMap {[104]=Oop [128]=Oop [168]=Oop }
                      ;*invokevirtual findClassOnClassPathOrNull {reexecute=0 rethrow=0 return_oop=0}
                      ; - jdk.internal.loader.BuiltinClassLoader::loadClassOrNull@111 (line 681)
  0x000001d6800c42b0: e604 0000 | 488b f044 | 8b4c 2478 | 4183 f900 

  0x000001d6800c42c0: ;   {metadata(method data for {method} {0x000001d68f069738} 'loadClassOrNull' '(Ljava/lang/String;Z)Ljava/lang/Class;' in 'jdk/internal/loader/BuiltinClassLoader')}
  0x000001d6800c42c0: 48b8 c012 | 12d0 d601 | 0000 48ba | 5804 0000 | 0000 0000 | 0f84 0a00 | 0000 48ba | 6804 0000 
  0x000001d6800c42e0: 0000 0000 | 488b 3c10 | 488d 7f01 | 4889 3c10 | 0f84 b300 | 0000 4883 

  0x000001d6800c42f8: ;   {metadata(method data for {method} {0x000001d68f069738} 'loadClassOrNull' '(Ljava/lang/String;Z)Ljava/lang/Class;' in 'jdk/internal/loader/BuiltinClassLoader')}
  0x000001d6800c42f8: fe00 48b8 | c012 12d0 | d601 0000 | 48ba 7804 | 0000 0000 | 0000 0f84 | 0a00 0000 | 48ba 8804 
  0x000001d6800c4318: 0000 0000 | 0000 488b | 3c10 488d | 7f01 4889 | 3c10 0f84 | 7900 0000 | 488b 5424 

  0x000001d6800c4334: ;   {metadata(method data for {method} {0x000001d68f069738} 'loadClassOrNull' '(Ljava/lang/String;Z)Ljava/lang/Class;' in 'jdk/internal/loader/BuiltinClassLoader')}
  0x000001d6800c4334: 6848 b8c0 | 1212 d0d6 | 0100 0048 | 8380 9804 

  0x000001d6800c4344: ;   {metadata(method data for {method} {0x000001d68f439180} 'resolveClass' '(Ljava/lang/Class;)V' in 'java/lang/ClassLoader')}
  0x000001d6800c4344: 0000 0148 | b820 2d12 | d0d6 0100 | 008b 90cc | 0000 0083 | c202 8990 | cc00 0000 | 81e2 feff 
  0x000001d6800c4364: 1f00 83fa | 000f 84e6 | 0200 0048 

  0x000001d6800c4370: ;   {metadata(method data for {method} {0x000001d68f439180} 'resolveClass' '(Ljava/lang/Class;)V' in 'java/lang/ClassLoader')}
  0x000001d6800c4370: 83fe 0048 | b820 2d12 | d0d6 0100 | 0048 ba20 | 0100 0000 | 0000 000f | 840a 0000 | 0048 ba10 
  0x000001d6800c4390: 0100 0000 | 0000 0048 | 8b3c 1048 | 8d7f 0148 | 893c 100f | 8443 0000 | 0048 8d84 | 24a0 0000 
  0x000001d6800c43b0: 0048 8b10 | 4885 d20f | 840f 0000 | 0048 8b78 | 08f0 480f | b117 0f85 | aa02 0000 | 49ff 8f78 
  0x000001d6800c43d0: 0400 0048 | 8bc6 4881 | c4c0 0000 

  0x000001d6800c43dc: ;   {poll_return}
  0x000001d6800c43dc: 005d 493b | a778 0300 | 000f 87a1 | 0200 00c3 | 4889 b424 | 9800 0000 | 0f1f 4000 

  0x000001d6800c43f8: ;   {no_reloc}
  0x000001d6800c43f8: e9b4 0200 | 0000 0000 | 0000 498b | 87f8 0000 | 0048 8d78 | 3049 3bbf | 0801 0000 | 0f87 a102 
  0x000001d6800c4418: 0000 4989 | bff8 0000 | 0048 c700 | 0100 0000 | 488b ca49 | ba00 0000 | 8fd6 0100 | 0049 2bca 
  0x000001d6800c4438: 8948 0848 | 33c9 8948 | 0c48 33c9 | 4889 4810 | 4889 4818 | 4889 4820 | 4889 4828 

  0x000001d6800c4454: ;   {metadata(method data for {method} {0x000001d68f439180} 'resolveClass' '(Ljava/lang/Class;)V' in 'java/lang/ClassLoader')}
  0x000001d6800c4454: 488b d048 | be20 2d12 | d0d6 0100 | 0048 8386 | 3001 0000 | 0148 8bd0 | 4889 8424 | 9000 0000 
  0x000001d6800c4474: ;   {optimized virtual_call}
  0x000001d6800c4474: 6666 90e8 

  0x000001d6800c4478: ; ImmutableOopMap {[128]=Oop [144]=Oop [152]=Oop [168]=Oop }
                      ;*invokespecial <init> {reexecute=0 rethrow=0 return_oop=0}
                      ; - java.lang.ClassLoader::resolveClass@8 (line 1224)
                      ; - jdk.internal.loader.BuiltinClassLoader::loadClassOrNull@128 (line 688)
  0x000001d6800c4478: 8405 4d07 | 488b 8424 

  0x000001d6800c4480: ; ImmutableOopMap {rax=Oop [128]=Oop [152]=Oop [168]=Oop }
                      ;*athrow {reexecute=1 rethrow=0 return_oop=0}
                      ; - (reexecute) java.lang.ClassLoader::resolveClass@11 (line 1224)
                      ; - jdk.internal.loader.BuiltinClassLoader::loadClassOrNull@128 (line 688)
  0x000001d6800c4480: 9000 0000 

  0x000001d6800c4484: ;   {section_word}
  0x000001d6800c4484: 48ba 8444 | 0c80 d601 

  0x000001d6800c448c: ;   {runtime_call handle_exception_nofpu Runtime1 stub}
  0x000001d6800c448c: 0000 e86d | 9950 0790 | 498b 8728 | 0400 004d | 33d2 4d89 | 9728 0400 | 004d 33d2 | 4d89 9730 
  0x000001d6800c44ac: 0400 0048 | 8bf0 488d | 8424 a000 | 0000 488b | 3848 85ff | 0f84 0f00 | 0000 488b | 5808 f048 
  0x000001d6800c44cc: 0fb1 3b0f | 85f3 0100 | 0049 ff8f | 7804 0000 | 488b c6e9 | 1702 0000 

  0x000001d6800c44e4: ;   {metadata({method} {0x000001d68f069738} 'loadClassOrNull' '(Ljava/lang/String;Z)Ljava/lang/Class;' in 'jdk/internal/loader/BuiltinClassLoader')}
  0x000001d6800c44e4: 49ba 3097 | 068f d601 | 0000 4c89 | 5424 0848 | c704 24ff 

  0x000001d6800c44f8: ;   {runtime_call counter_overflow Runtime1 stub}
  0x000001d6800c44f8: ffff ffe8 

  0x000001d6800c44fc: ; ImmutableOopMap {rdx=Oop r8=Oop [104]=Oop }
                      ;*synchronization entry
                      ; - jdk.internal.loader.BuiltinClassLoader::loadClassOrNull@-1 (line 651)
  0x000001d6800c44fc: 00fe 5907 | e9a7 f3ff 

  0x000001d6800c4504: ;   {runtime_call throw_null_pointer_exception Runtime1 stub}
  0x000001d6800c4504: ffe8 76b9 

  0x000001d6800c4508: ; ImmutableOopMap {rsi=Oop [104]=Oop [112]=Oop [128]=Oop }
                      ;*monitorenter {reexecute=0 rethrow=0 return_oop=0}
                      ; - jdk.internal.loader.BuiltinClassLoader::loadClassOrNull@7 (line 651)
  0x000001d6800c4508: 5007 4889 | 7424 0848 

  0x000001d6800c4510: ;   {runtime_call monitorenter_nofpu Runtime1 stub}
  0x000001d6800c4510: 8914 24e8 

  0x000001d6800c4514: ; ImmutableOopMap {rsi=Oop [104]=Oop [112]=Oop [128]=Oop [168]=Oop }
                      ;*monitorenter {reexecute=0 rethrow=0 return_oop=0}
                      ; - jdk.internal.loader.BuiltinClassLoader::loadClassOrNull@7 (line 651)
  0x000001d6800c4514: e8d3 5907 | e984 f4ff 

  0x000001d6800c451c: ;   {metadata({method} {0x000001d68f439230} 'findLoadedClass' '(Ljava/lang/String;)Ljava/lang/Class;' in 'java/lang/ClassLoader')}
  0x000001d6800c451c: ff49 ba28 | 9243 8fd6 | 0100 004c | 8954 2408 | 48c7 0424 | ffff ffff 

  0x000001d6800c4534: ;   {runtime_call counter_overflow Runtime1 stub}
  0x000001d6800c4534: e8c7 fd59 

  0x000001d6800c4538: ; ImmutableOopMap {[104]=Oop [112]=Oop [128]=Oop [168]=Oop }
                      ;*synchronization entry
                      ; - java.lang.ClassLoader::findLoadedClass@-1 (line 1284)
                      ; - jdk.internal.loader.BuiltinClassLoader::loadClassOrNull@10 (line 653)
  0x000001d6800c4538: 07e9 a2f4 

  0x000001d6800c453c: ;   {runtime_call throw_null_pointer_exception Runtime1 stub}
  0x000001d6800c453c: ffff e83d 

  0x000001d6800c4540: ; ImmutableOopMap {rax=Oop rdx=Oop [104]=Oop [112]=Oop [128]=Oop [136]=Oop [168]=Oop }
                      ;*invokevirtual loader {reexecute=0 rethrow=0 return_oop=0}
                      ; - jdk.internal.loader.BuiltinClassLoader::loadClassOrNull@34 (line 662)
                      ;   {metadata({method} {0x000001d68f452b20} 'isModuleSystemInited' '()Z' in 'jdk/internal/misc/VM')}
  0x000001d6800c4540: b950 0749 | ba18 2b45 | 8fd6 0100 | 004c 8954 | 2408 48c7 | 0424 ffff 

  0x000001d6800c4558: ;   {runtime_call counter_overflow Runtime1 stub}
  0x000001d6800c4558: ffff e8a1 

  0x000001d6800c455c: ; ImmutableOopMap {rax=Oop rdx=Oop [104]=Oop [112]=Oop [128]=Oop [136]=Oop [168]=Oop }
                      ;*synchronization entry
                      ; - jdk.internal.misc.VM::isModuleSystemInited@-1 (line 91)
                      ; - jdk.internal.loader.BuiltinClassLoader::loadClassOrNull@45 (line 664)
  0x000001d6800c455c: fd59 07e9 | 5bf6 ffff 

  0x000001d6800c4564: ;   {metadata({method} {0x000001d68f069e70} 'findClassInModuleOrNull' '(Ljdk/internal/loader/BuiltinClassLoader$LoadedModule;Ljava/lang/String;)Ljava/lang/Class;' in 'jdk/internal/loader/BuiltinClassLoader')}
  0x000001d6800c4564: 49ba 689e | 068f d601 | 0000 4c89 | 5424 0848 | c704 24ff 

  0x000001d6800c4578: ;   {runtime_call counter_overflow Runtime1 stub}
  0x000001d6800c4578: ffff ffe8 

  0x000001d6800c457c: ; ImmutableOopMap {rdx=Oop rax=Oop [104]=Oop [112]=Oop [128]=Oop [168]=Oop }
                      ;*synchronization entry
                      ; - jdk.internal.loader.BuiltinClassLoader::findClassInModuleOrNull@-1 (line 740)
                      ; - jdk.internal.loader.BuiltinClassLoader::loadClassOrNull@55 (line 665)
  0x000001d6800c457c: 80fd 5907 | e934 f7ff 

  0x000001d6800c4584: ;   {metadata({method} {0x000001d68f01baa8} 'getSecurityManager' '()Ljava/lang/SecurityManager;' in 'java/lang/System')}
  0x000001d6800c4584: ff49 baa0 | ba01 8fd6 | 0100 004c | 8954 2408 | 48c7 0424 | ffff ffff 

  0x000001d6800c459c: ;   {runtime_call counter_overflow Runtime1 stub}
  0x000001d6800c459c: e85f fd59 

  0x000001d6800c45a0: ; ImmutableOopMap {rdx=Oop rax=Oop [104]=Oop [112]=Oop [128]=Oop [168]=Oop }
                      ;*synchronization entry
                      ; - java.lang.System::getSecurityManager@-1 (line 503)
                      ; - jdk.internal.loader.BuiltinClassLoader::findClassInModuleOrNull@0 (line 740)
                      ; - jdk.internal.loader.BuiltinClassLoader::loadClassOrNull@55 (line 665)
  0x000001d6800c45a0: 07e9 52f7 

  0x000001d6800c45a4: ;   {metadata({method} {0x000001d68f01bbc0} 'allowSecurityManager' '()Z' in 'java/lang/System')}
  0x000001d6800c45a4: ffff 49ba | b8bb 018f | d601 0000 | 4c89 5424 | 0848 c704 | 24ff ffff 

  0x000001d6800c45bc: ;   {runtime_call counter_overflow Runtime1 stub}
  0x000001d6800c45bc: ffe8 3efd 

  0x000001d6800c45c0: ; ImmutableOopMap {rdx=Oop rax=Oop [104]=Oop [112]=Oop [128]=Oop [168]=Oop }
                      ;*synchronization entry
                      ; - java.lang.System::allowSecurityManager@-1 (line 211)
                      ; - java.lang.System::getSecurityManager@0 (line 503)
                      ; - jdk.internal.loader.BuiltinClassLoader::findClassInModuleOrNull@0 (line 740)
                      ; - jdk.internal.loader.BuiltinClassLoader::loadClassOrNull@55 (line 665)
  0x000001d6800c45c0: 5907 e970 

  0x000001d6800c45c4: ;   {runtime_call throw_null_pointer_exception Runtime1 stub}
  0x000001d6800c45c4: f7ff ffe8 

  0x000001d6800c45c8: ; ImmutableOopMap {rsi=Oop [104]=Oop [112]=Oop [128]=Oop [168]=Oop }
                      ;*invokevirtual loadClassOrNull {reexecute=0 rethrow=0 return_oop=0}
                      ; - jdk.internal.loader.BuiltinClassLoader::loadClassOrNull@66 (line 669)
  0x000001d6800c45c8: b4b8 5007 

  0x000001d6800c45cc: ;   {metadata({method} {0x000001d68f069f20} 'loadClassOrNull' '(Ljava/lang/String;)Ljava/lang/Class;' in 'jdk/internal/loader/BuiltinClassLoader')}
  0x000001d6800c45cc: 49ba 189f | 068f d601 | 0000 4c89 | 5424 0848 | c704 24ff 

  0x000001d6800c45e0: ;   {runtime_call counter_overflow Runtime1 stub}
  0x000001d6800c45e0: ffff ffe8 

  0x000001d6800c45e4: ; ImmutableOopMap {rsi=Oop [104]=Oop [112]=Oop [128]=Oop [168]=Oop }
                      ;*synchronization entry
                      ; - jdk.internal.loader.BuiltinClassLoader::loadClassOrNull@-1 (line 700)
                      ; - jdk.internal.loader.BuiltinClassLoader::loadClassOrNull@66 (line 669)
  0x000001d6800c45e4: 18fd 5907 | e905 f8ff 

  0x000001d6800c45ec: ;   {runtime_call throw_null_pointer_exception Runtime1 stub}
  0x000001d6800c45ec: ffe8 8eb8 

  0x000001d6800c45f0: ; ImmutableOopMap {rsi=Oop [104]=Oop [112]=Oop [128]=Oop [168]=Oop }
                      ;*invokevirtual loadClassOrNull {reexecute=0 rethrow=0 return_oop=0}
                      ; - jdk.internal.loader.BuiltinClassLoader::loadClassOrNull@86 (line 676)
                      ;   {metadata({method} {0x000001d68f069f20} 'loadClassOrNull' '(Ljava/lang/String;)Ljava/lang/Class;' in 'jdk/internal/loader/BuiltinClassLoader')}
  0x000001d6800c45f0: 5007 49ba | 189f 068f | d601 0000 | 4c89 5424 | 0848 c704 | 24ff ffff 

  0x000001d6800c4608: ;   {runtime_call counter_overflow Runtime1 stub}
  0x000001d6800c4608: ffe8 f2fc 

  0x000001d6800c460c: ; ImmutableOopMap {rsi=Oop [104]=Oop [112]=Oop [128]=Oop [168]=Oop }
                      ;*synchronization entry
                      ; - jdk.internal.loader.BuiltinClassLoader::loadClassOrNull@-1 (line 700)
                      ; - jdk.internal.loader.BuiltinClassLoader::loadClassOrNull@86 (line 676)
  0x000001d6800c460c: 5907 e939 

  0x000001d6800c4610: ;   {metadata({method} {0x000001d68f0696e0} 'hasClassPath' '()Z' in 'jdk/internal/loader/BuiltinClassLoader')}
  0x000001d6800c4610: f9ff ff49 | bad8 9606 | 8fd6 0100 | 004c 8954 | 2408 48c7 | 0424 ffff 

  0x000001d6800c4628: ;   {runtime_call counter_overflow Runtime1 stub}
  0x000001d6800c4628: ffff e8d1 

  0x000001d6800c462c: ; ImmutableOopMap {rdx=Oop rsi=Oop [104]=Oop [112]=Oop [128]=Oop [168]=Oop }
                      ;*synchronization entry
                      ; - jdk.internal.loader.BuiltinClassLoader::hasClassPath@-1 (line 223)
                      ; - jdk.internal.loader.BuiltinClassLoader::loadClassOrNull@97 (line 680)
  0x000001d6800c462c: fc59 07e9 | d0fa ffff 

  0x000001d6800c4634: ;   {metadata({method} {0x000001d68f452b20} 'isModuleSystemInited' '()Z' in 'jdk/internal/misc/VM')}
  0x000001d6800c4634: 49ba 182b | 458f d601 | 0000 4c89 | 5424 0848 | c704 24ff 

  0x000001d6800c4648: ;   {runtime_call counter_overflow Runtime1 stub}
  0x000001d6800c4648: ffff ffe8 

  0x000001d6800c464c: ; ImmutableOopMap {rdx=Oop rsi=Oop [104]=Oop [112]=Oop [128]=Oop [168]=Oop }
                      ;*synchronization entry
                      ; - jdk.internal.misc.VM::isModuleSystemInited@-1 (line 91)
                      ; - jdk.internal.loader.BuiltinClassLoader::loadClassOrNull@103 (line 680)
  0x000001d6800c464c: b0fc 5907 | e989 fbff 

  0x000001d6800c4654: ;   {metadata({method} {0x000001d68f439180} 'resolveClass' '(Ljava/lang/Class;)V' in 'java/lang/ClassLoader')}
  0x000001d6800c4654: ff49 ba78 | 9143 8fd6 | 0100 004c | 8954 2408 | 48c7 0424 | ffff ffff 

  0x000001d6800c466c: ;   {runtime_call counter_overflow Runtime1 stub}
  0x000001d6800c466c: e88f fc59 

  0x000001d6800c4670: ; ImmutableOopMap {rsi=Oop [128]=Oop [168]=Oop }
                      ;*synchronization entry
                      ; - java.lang.ClassLoader::resolveClass@-1 (line 1223)
                      ; - jdk.internal.loader.BuiltinClassLoader::loadClassOrNull@128 (line 688)
  0x000001d6800c4670: 07e9 f9fc | ffff 488d | 8424 a000 | 0000 4889 

  0x000001d6800c4680: ;   {runtime_call monitorexit_nofpu Runtime1 stub}
  0x000001d6800c4680: 0424 e8f9 | d859 07e9 | 47fd ffff 

  0x000001d6800c468c: ;   {internal_word}
  0x000001d6800c468c: 49ba de43 | 0c80 d601 | 0000 4d89 | 9790 0300 

  0x000001d6800c469c: ;   {runtime_call SafepointBlob}
  0x000001d6800c469c: 00e9 5e80 

  0x000001d6800c46a0: ;   {metadata(NULL)}
  0x000001d6800c46a0: 4d07 48ba | 0000 0000 | 0000 0000 | b800 0f05 

  0x000001d6800c46b0: ;   {runtime_call load_klass_patching Runtime1 stub}
  0x000001d6800c46b0: 0ae8 cae5 

  0x000001d6800c46b4: ; ImmutableOopMap {[128]=Oop [152]=Oop [168]=Oop }
                      ;*new {reexecute=1 rethrow=0 return_oop=0}
                      ; - (reexecute) java.lang.ClassLoader::resolveClass@4 (line 1224)
                      ; - jdk.internal.loader.BuiltinClassLoader::loadClassOrNull@128 (line 688)
  0x000001d6800c46b4: 5907 e93d | fdff ff48 

  0x000001d6800c46bc: ;   {runtime_call fast_new_instance Runtime1 stub}
  0x000001d6800c46bc: 8bd2 e8bd 

  0x000001d6800c46c0: ; ImmutableOopMap {[128]=Oop [152]=Oop [168]=Oop }
                      ;*new {reexecute=0 rethrow=0 return_oop=0}
                      ; - java.lang.ClassLoader::resolveClass@4 (line 1224)
                      ; - jdk.internal.loader.BuiltinClassLoader::loadClassOrNull@128 (line 688)
  0x000001d6800c46c0: ab50 07e9 | 8cfd ffff | 488d 8424 | a000 0000 | 4889 0424 

  0x000001d6800c46d4: ;   {runtime_call monitorexit_nofpu Runtime1 stub}
  0x000001d6800c46d4: e8a7 d859 | 07e9 fefd | ffff 498b | 8728 0400 | 0049 c787 | 2804 0000 | 0000 0000 | 49c7 8730 
  0x000001d6800c46f4: 0400 0000 | 0000 0048 | 81c4 c000 

  0x000001d6800c4700: ;   {runtime_call unwind_exception Runtime1 stub}
  0x000001d6800c4700: 0000 5de9 | 78c6 5007 
[Stub Code]
  0x000001d6800c4708: ;   {no_reloc}
  0x000001d6800c4708: 0f1f 4400 

  0x000001d6800c470c: ;   {static_stub}
  0x000001d6800c470c: 0048 bba8 | 4f01 8fd6 

  0x000001d6800c4714: ;   {runtime_call I2C/C2I adapters}
  0x000001d6800c4714: 0100 00e9 | 3b63 4d07 

  0x000001d6800c471c: ;   {static_stub}
  0x000001d6800c471c: 9048 bb00 | 0000 0000 

  0x000001d6800c4724: ;   {runtime_call}
  0x000001d6800c4724: 0000 00e9 | fbff ffff 

  0x000001d6800c472c: ;   {static_stub}
  0x000001d6800c472c: 9048 bb00 | 0000 0000 

  0x000001d6800c4734: ;   {runtime_call}
  0x000001d6800c4734: 0000 00e9 | fbff ffff 
[Exception Handler]
  0x000001d6800c473c: ;   {runtime_call handle_exception_from_callee Runtime1 stub}
  0x000001d6800c473c: e83f bf59 

  0x000001d6800c4740: ;   {external_word}
  0x000001d6800c4740: 0748 b9b0 | 335e 9bff | 7f00 0048 

  0x000001d6800c474c: ;   {runtime_call}
  0x000001d6800c474c: 83e4 f048 | b860 1d2a | 9bff 7f00 | 00ff d0f4 
[Deopt Handler Code]
  0x000001d6800c475c: ;   {section_word}
  0x000001d6800c475c: 49ba 5c47 | 0c80 d601 | 0000 4152 

  0x000001d6800c4768: ;   {runtime_call DeoptimizationBlob}
  0x000001d6800c4768: e933 944d 

  0x000001d6800c476c: ;   {static_stub}
  0x000001d6800c476c: 0748 bb00 | 0000 0000 

  0x000001d6800c4774: ;   {runtime_call}
  0x000001d6800c4774: 0000 00e9 | fbff ffff 

  0x000001d6800c477c: ;   {static_stub}
  0x000001d6800c477c: 48bb 509b | 068f d601 

  0x000001d6800c4784: ;   {runtime_call I2C/C2I adapters}
  0x000001d6800c4784: 0000 e9cc 

  0x000001d6800c4788: ;   {static_stub}
  0x000001d6800c4788: 624d 0748 | bb00 0000 | 0000 0000 

  0x000001d6800c4794: ;   {runtime_call}
  0x000001d6800c4794: 00e9 fbff 

  0x000001d6800c4798: ;   {static_stub}
  0x000001d6800c4798: ffff 48bb | c09e 068f | d601 0000 

  0x000001d6800c47a4: ;   {runtime_call I2C/C2I adapters}
  0x000001d6800c47a4: e9ae 624d 

  0x000001d6800c47a8: ;   {static_stub}
  0x000001d6800c47a8: 0748 bb00 | 0000 0000 

  0x000001d6800c47b0: ;   {runtime_call}
  0x000001d6800c47b0: 0000 00e9 | fbff ffff 

  0x000001d6800c47b8: ;   {static_stub}
  0x000001d6800c47b8: 48bb 0000 | 0000 0000 

  0x000001d6800c47c0: ;   {runtime_call}
  0x000001d6800c47c0: 0000 e9fb | ffff fff4 
[/MachCode]


---------------  P R O C E S S  ---------------

Threads class SMR info:
_java_thread_list=0x000001d6fe297bd0, length=11, elements={
0x000001d6f25efe70, 0x000001d6fe03f6c0, 0x000001d6fe040e00, 0x000001d6fe044c40,
0x000001d6fe046d10, 0x000001d6fe049b50, 0x000001d6fe04a580, 0x000001d6fe04b2e0,
0x000001d6fe0b3e20, 0x000001d6fe2b65d0, 0x000001d6fe2cc330
}

Java Threads: ( => current thread )
=>0x000001d6f25efe70 JavaThread "main" [_thread_in_vm, id=8580, stack(0x0000006e77500000,0x0000006e77600000)]
  0x000001d6fe03f6c0 JavaThread "Reference Handler" daemon [_thread_blocked, id=12092, stack(0x0000006e77c00000,0x0000006e77d00000)]
  0x000001d6fe040e00 JavaThread "Finalizer" daemon [_thread_blocked, id=18364, stack(0x0000006e77d00000,0x0000006e77e00000)]
  0x000001d6fe044c40 JavaThread "Signal Dispatcher" daemon [_thread_blocked, id=18304, stack(0x0000006e77e00000,0x0000006e77f00000)]
  0x000001d6fe046d10 JavaThread "Attach Listener" daemon [_thread_blocked, id=23992, stack(0x0000006e77f00000,0x0000006e78000000)]
  0x000001d6fe049b50 JavaThread "Service Thread" daemon [_thread_blocked, id=25400, stack(0x0000006e78000000,0x0000006e78100000)]
  0x000001d6fe04a580 JavaThread "Monitor Deflation Thread" daemon [_thread_blocked, id=17708, stack(0x0000006e78100000,0x0000006e78200000)]
  0x000001d6fe04b2e0 JavaThread "C2 CompilerThread0" daemon [_thread_blocked, id=27452, stack(0x0000006e78200000,0x0000006e78300000)]
  0x000001d6fe0b3e20 JavaThread "C1 CompilerThread0" daemon [_thread_blocked, id=26396, stack(0x0000006e78300000,0x0000006e78400000)]
  0x000001d6fe2b65d0 JavaThread "Notification Thread" daemon [_thread_blocked, id=25832, stack(0x0000006e78400000,0x0000006e78500000)]
  0x000001d6fe2cc330 JavaThread "Common-Cleaner" daemon [_thread_blocked, id=25252, stack(0x0000006e78600000,0x0000006e78700000)]

Other Threads:
  0x000001d6fe024380 VMThread "VM Thread" [stack: 0x0000006e77b00000,0x0000006e77c00000] [id=26916]
  0x000001d6fe2bcb40 WatcherThread "VM Periodic Task Thread" [stack: 0x0000006e78500000,0x0000006e78600000] [id=18300]
  0x000001d6f26317c0 WorkerThread "GC Thread#0" [stack: 0x0000006e77600000,0x0000006e77700000] [id=1360]
  0x000001d6f263a0d0 ConcurrentGCThread "G1 Main Marker" [stack: 0x0000006e77700000,0x0000006e77800000] [id=8452]
  0x000001d6f263b440 WorkerThread "G1 Conc#0" [stack: 0x0000006e77800000,0x0000006e77900000] [id=23404]
  0x000001d6f268bc60 ConcurrentGCThread "G1 Refine#0" [stack: 0x0000006e77900000,0x0000006e77a00000] [id=16236]
  0x000001d6f268d050 ConcurrentGCThread "G1 Service" [stack: 0x0000006e77a00000,0x0000006e77b00000] [id=10676]

Threads with active compile tasks:

VM state: not at safepoint (normal execution)

VM Mutex/Monitor currently owned by a thread:  ([mutex/lock_event])
[0x000001d6f25ea7f0] Metaspace_lock - owner thread: 0x000001d6f25efe70

Heap address: 0x00000000c3000000, size: 976 MB, Compressed Oops mode: 32-bit

CDS archive(s) mapped at: [0x000001d68f000000-0x000001d68fc60000-0x000001d68fc60000), size 12976128, SharedBaseAddress: 0x000001d68f000000, ArchiveRelocationMode: 1.
Compressed class space mapped at: 0x000001d690000000-0x000001d6d0000000, reserved size: 1073741824
Narrow klass base: 0x000001d68f000000, Narrow klass shift: 0, Narrow klass range: 0x100000000

GC Precious Log:
 CardTable entry size: 512
 Card Set container configuration: InlinePtr #cards 5 size 8 Array Of Cards #cards 12 size 40 Howl #buckets 4 coarsen threshold 1843 Howl Bitmap #cards 512 size 80 coarsen threshold 460 Card regions per heap region 1 cards per card region 2048
 CPUs: 4 total, 4 available
 Memory: 3901M
 Large Page Support: Disabled
 NUMA Support: Disabled
 Compressed Oops: Enabled (32-bit)
 Heap Region Size: 1M
 Heap Min Capacity: 8M
 Heap Initial Capacity: 62M
 Heap Max Capacity: 976M
 Pre-touch: Disabled
 Parallel Workers: 4
 Concurrent Workers: 1
 Concurrent Refinement Workers: 4
 Periodic GC: Disabled

Heap:
 garbage-first heap   total 63488K, used 10240K [0x00000000c3000000, 0x0000000100000000)
  region size 1024K, 12 young (12288K), 0 survivors (0K)
 Metaspace       used 2388K, committed 2496K, reserved 1114112K
  class space    used 220K, committed 256K, reserved 1048576K

Heap Regions: E=young(eden), S=young(survivor), O=old, HS=humongous(starts), HC=humongous(continues), CS=collection set, F=free, OA=open archive, CA=closed archive, TAMS=top-at-mark-start, PB=parsable bottom
|   0|0x00000000c3000000, 0x00000000c3000000, 0x00000000c3100000|  0%| F|  |TAMS 0x00000000c3000000| PB 0x00000000c3000000| Untracked 
|   1|0x00000000c3100000, 0x00000000c3100000, 0x00000000c3200000|  0%| F|  |TAMS 0x00000000c3100000| PB 0x00000000c3100000| Untracked 
|   2|0x00000000c3200000, 0x00000000c3200000, 0x00000000c3300000|  0%| F|  |TAMS 0x00000000c3200000| PB 0x00000000c3200000| Untracked 
|   3|0x00000000c3300000, 0x00000000c3300000, 0x00000000c3400000|  0%| F|  |TAMS 0x00000000c3300000| PB 0x00000000c3300000| Untracked 
|   4|0x00000000c3400000, 0x00000000c3400000, 0x00000000c3500000|  0%| F|  |TAMS 0x00000000c3400000| PB 0x00000000c3400000| Untracked 
|   5|0x00000000c3500000, 0x00000000c3500000, 0x00000000c3600000|  0%| F|  |TAMS 0x00000000c3500000| PB 0x00000000c3500000| Untracked 
|   6|0x00000000c3600000, 0x00000000c3600000, 0x00000000c3700000|  0%| F|  |TAMS 0x00000000c3600000| PB 0x00000000c3600000| Untracked 
|   7|0x00000000c3700000, 0x00000000c3700000, 0x00000000c3800000|  0%| F|  |TAMS 0x00000000c3700000| PB 0x00000000c3700000| Untracked 
|   8|0x00000000c3800000, 0x00000000c3800000, 0x00000000c3900000|  0%| F|  |TAMS 0x00000000c3800000| PB 0x00000000c3800000| Untracked 
|   9|0x00000000c3900000, 0x00000000c3900000, 0x00000000c3a00000|  0%| F|  |TAMS 0x00000000c3900000| PB 0x00000000c3900000| Untracked 
|  10|0x00000000c3a00000, 0x00000000c3a00000, 0x00000000c3b00000|  0%| F|  |TAMS 0x00000000c3a00000| PB 0x00000000c3a00000| Untracked 
|  11|0x00000000c3b00000, 0x00000000c3b00000, 0x00000000c3c00000|  0%| F|  |TAMS 0x00000000c3b00000| PB 0x00000000c3b00000| Untracked 
|  12|0x00000000c3c00000, 0x00000000c3c00000, 0x00000000c3d00000|  0%| F|  |TAMS 0x00000000c3c00000| PB 0x00000000c3c00000| Untracked 
|  13|0x00000000c3d00000, 0x00000000c3d00000, 0x00000000c3e00000|  0%| F|  |TAMS 0x00000000c3d00000| PB 0x00000000c3d00000| Untracked 
|  14|0x00000000c3e00000, 0x00000000c3e00000, 0x00000000c3f00000|  0%| F|  |TAMS 0x00000000c3e00000| PB 0x00000000c3e00000| Untracked 
|  15|0x00000000c3f00000, 0x00000000c3f00000, 0x00000000c4000000|  0%| F|  |TAMS 0x00000000c3f00000| PB 0x00000000c3f00000| Untracked 
|  16|0x00000000c4000000, 0x00000000c4000000, 0x00000000c4100000|  0%| F|  |TAMS 0x00000000c4000000| PB 0x00000000c4000000| Untracked 
|  17|0x00000000c4100000, 0x00000000c4100000, 0x00000000c4200000|  0%| F|  |TAMS 0x00000000c4100000| PB 0x00000000c4100000| Untracked 
|  18|0x00000000c4200000, 0x00000000c4200000, 0x00000000c4300000|  0%| F|  |TAMS 0x00000000c4200000| PB 0x00000000c4200000| Untracked 
|  19|0x00000000c4300000, 0x00000000c4300000, 0x00000000c4400000|  0%| F|  |TAMS 0x00000000c4300000| PB 0x00000000c4300000| Untracked 
|  20|0x00000000c4400000, 0x00000000c4400000, 0x00000000c4500000|  0%| F|  |TAMS 0x00000000c4400000| PB 0x00000000c4400000| Untracked 
|  21|0x00000000c4500000, 0x00000000c4500000, 0x00000000c4600000|  0%| F|  |TAMS 0x00000000c4500000| PB 0x00000000c4500000| Untracked 
|  22|0x00000000c4600000, 0x00000000c4600000, 0x00000000c4700000|  0%| F|  |TAMS 0x00000000c4600000| PB 0x00000000c4600000| Untracked 
|  23|0x00000000c4700000, 0x00000000c4700000, 0x00000000c4800000|  0%| F|  |TAMS 0x00000000c4700000| PB 0x00000000c4700000| Untracked 
|  24|0x00000000c4800000, 0x00000000c4800000, 0x00000000c4900000|  0%| F|  |TAMS 0x00000000c4800000| PB 0x00000000c4800000| Untracked 
|  25|0x00000000c4900000, 0x00000000c4900000, 0x00000000c4a00000|  0%| F|  |TAMS 0x00000000c4900000| PB 0x00000000c4900000| Untracked 
|  26|0x00000000c4a00000, 0x00000000c4a00000, 0x00000000c4b00000|  0%| F|  |TAMS 0x00000000c4a00000| PB 0x00000000c4a00000| Untracked 
|  27|0x00000000c4b00000, 0x00000000c4b00000, 0x00000000c4c00000|  0%| F|  |TAMS 0x00000000c4b00000| PB 0x00000000c4b00000| Untracked 
|  28|0x00000000c4c00000, 0x00000000c4c00000, 0x00000000c4d00000|  0%| F|  |TAMS 0x00000000c4c00000| PB 0x00000000c4c00000| Untracked 
|  29|0x00000000c4d00000, 0x00000000c4d00000, 0x00000000c4e00000|  0%| F|  |TAMS 0x00000000c4d00000| PB 0x00000000c4d00000| Untracked 
|  30|0x00000000c4e00000, 0x00000000c4e00000, 0x00000000c4f00000|  0%| F|  |TAMS 0x00000000c4e00000| PB 0x00000000c4e00000| Untracked 
|  31|0x00000000c4f00000, 0x00000000c4f00000, 0x00000000c5000000|  0%| F|  |TAMS 0x00000000c4f00000| PB 0x00000000c4f00000| Untracked 
|  32|0x00000000c5000000, 0x00000000c5000000, 0x00000000c5100000|  0%| F|  |TAMS 0x00000000c5000000| PB 0x00000000c5000000| Untracked 
|  33|0x00000000c5100000, 0x00000000c5100000, 0x00000000c5200000|  0%| F|  |TAMS 0x00000000c5100000| PB 0x00000000c5100000| Untracked 
|  34|0x00000000c5200000, 0x00000000c5200000, 0x00000000c5300000|  0%| F|  |TAMS 0x00000000c5200000| PB 0x00000000c5200000| Untracked 
|  35|0x00000000c5300000, 0x00000000c5300000, 0x00000000c5400000|  0%| F|  |TAMS 0x00000000c5300000| PB 0x00000000c5300000| Untracked 
|  36|0x00000000c5400000, 0x00000000c5400000, 0x00000000c5500000|  0%| F|  |TAMS 0x00000000c5400000| PB 0x00000000c5400000| Untracked 
|  37|0x00000000c5500000, 0x00000000c5500000, 0x00000000c5600000|  0%| F|  |TAMS 0x00000000c5500000| PB 0x00000000c5500000| Untracked 
|  38|0x00000000c5600000, 0x00000000c5600000, 0x00000000c5700000|  0%| F|  |TAMS 0x00000000c5600000| PB 0x00000000c5600000| Untracked 
|  39|0x00000000c5700000, 0x00000000c5700000, 0x00000000c5800000|  0%| F|  |TAMS 0x00000000c5700000| PB 0x00000000c5700000| Untracked 
|  40|0x00000000c5800000, 0x00000000c5800000, 0x00000000c5900000|  0%| F|  |TAMS 0x00000000c5800000| PB 0x00000000c5800000| Untracked 
|  41|0x00000000c5900000, 0x00000000c5900000, 0x00000000c5a00000|  0%| F|  |TAMS 0x00000000c5900000| PB 0x00000000c5900000| Untracked 
|  42|0x00000000c5a00000, 0x00000000c5a00000, 0x00000000c5b00000|  0%| F|  |TAMS 0x00000000c5a00000| PB 0x00000000c5a00000| Untracked 
|  43|0x00000000c5b00000, 0x00000000c5b00000, 0x00000000c5c00000|  0%| F|  |TAMS 0x00000000c5b00000| PB 0x00000000c5b00000| Untracked 
|  44|0x00000000c5c00000, 0x00000000c5c00000, 0x00000000c5d00000|  0%| F|  |TAMS 0x00000000c5c00000| PB 0x00000000c5c00000| Untracked 
|  45|0x00000000c5d00000, 0x00000000c5d00000, 0x00000000c5e00000|  0%| F|  |TAMS 0x00000000c5d00000| PB 0x00000000c5d00000| Untracked 
|  46|0x00000000c5e00000, 0x00000000c5e00000, 0x00000000c5f00000|  0%| F|  |TAMS 0x00000000c5e00000| PB 0x00000000c5e00000| Untracked 
|  47|0x00000000c5f00000, 0x00000000c5f00000, 0x00000000c6000000|  0%| F|  |TAMS 0x00000000c5f00000| PB 0x00000000c5f00000| Untracked 
|  48|0x00000000c6000000, 0x00000000c6000000, 0x00000000c6100000|  0%| F|  |TAMS 0x00000000c6000000| PB 0x00000000c6000000| Untracked 
|  49|0x00000000c6100000, 0x00000000c6100000, 0x00000000c6200000|  0%| F|  |TAMS 0x00000000c6100000| PB 0x00000000c6100000| Untracked 
|  50|0x00000000c6200000, 0x00000000c6286388, 0x00000000c6300000| 52%| E|  |TAMS 0x00000000c6200000| PB 0x00000000c6200000| Complete 
|  51|0x00000000c6300000, 0x00000000c6400000, 0x00000000c6400000|100%| E|CS|TAMS 0x00000000c6300000| PB 0x00000000c6300000| Complete 
|  52|0x00000000c6400000, 0x00000000c6500000, 0x00000000c6500000|100%| E|CS|TAMS 0x00000000c6400000| PB 0x00000000c6400000| Complete 
|  53|0x00000000c6500000, 0x00000000c6600000, 0x00000000c6600000|100%| E|CS|TAMS 0x00000000c6500000| PB 0x00000000c6500000| Complete 
|  54|0x00000000c6600000, 0x00000000c6700000, 0x00000000c6700000|100%| E|CS|TAMS 0x00000000c6600000| PB 0x00000000c6600000| Complete 
|  55|0x00000000c6700000, 0x00000000c6800000, 0x00000000c6800000|100%| E|  |TAMS 0x00000000c6700000| PB 0x00000000c6700000| Complete 
|  56|0x00000000c6800000, 0x00000000c6900000, 0x00000000c6900000|100%| E|CS|TAMS 0x00000000c6800000| PB 0x00000000c6800000| Complete 
|  57|0x00000000c6900000, 0x00000000c6a00000, 0x00000000c6a00000|100%| E|CS|TAMS 0x00000000c6900000| PB 0x00000000c6900000| Complete 
|  58|0x00000000c6a00000, 0x00000000c6b00000, 0x00000000c6b00000|100%| E|CS|TAMS 0x00000000c6a00000| PB 0x00000000c6a00000| Complete 
|  59|0x00000000c6b00000, 0x00000000c6c00000, 0x00000000c6c00000|100%| E|CS|TAMS 0x00000000c6b00000| PB 0x00000000c6b00000| Complete 
|  60|0x00000000c6c00000, 0x00000000c6d00000, 0x00000000c6d00000|100%| E|CS|TAMS 0x00000000c6c00000| PB 0x00000000c6c00000| Complete 
|  61|0x00000000c6d00000, 0x00000000c6e00000, 0x00000000c6e00000|100%| E|CS|TAMS 0x00000000c6d00000| PB 0x00000000c6d00000| Complete 

Card table byte_map: [0x000001d6fa8a0000,0x000001d6faa90000] _byte_map_base: 0x000001d6fa288000

Marking Bits: (CMBitMap*) 0x000001d6f2631df0
 Bits: [0x000001d6fac80000, 0x000001d6fbbc0000)

Polling page: 0x000001d6f1da0000

Metaspace:

Usage:
  Non-class:      2.12 MB used.
      Class:    220.98 KB used.
       Both:      2.33 MB used.

Virtual space:
  Non-class space:       64.00 MB reserved,       2.19 MB (  3%) committed,  1 nodes.
      Class space:        1.00 GB reserved,     256.00 KB ( <1%) committed,  1 nodes.
             Both:        1.06 GB reserved,       2.44 MB ( <1%) committed. 

Chunk freelists:
   Non-Class:  3.23 MB
       Class:  3.63 MB
        Both:  6.86 MB

MaxMetaspaceSize: unlimited
CompressedClassSpaceSize: 1.00 GB
Initial GC threshold: 21.00 MB
Current GC threshold: 21.00 MB
CDS: on
MetaspaceReclaimPolicy: balanced
 - commit_granule_bytes: 65536.
 - commit_granule_words: 8192.
 - virtual_space_node_default_size: 8388608.
 - enlarge_chunks_in_place: 1.
 - new_chunks_are_fully_committed: 0.
 - uncommit_free_chunks: 1.
 - use_allocation_guard: 0.


Internal statistics:

num_allocs_failed_limit: 0.
num_arena_births: 74.
num_arena_deaths: 0.
num_vsnodes_births: 2.
num_vsnodes_deaths: 0.
num_space_committed: 39.
num_space_uncommitted: 0.
num_chunks_returned_to_freelist: 0.
num_chunks_taken_from_freelist: 146.
num_chunk_merges: 0.
num_chunk_splits: 77.
num_chunks_enlarged: 22.
num_inconsistent_stats: 0.

CodeHeap 'non-profiled nmethods': size=120000Kb used=271Kb max_used=271Kb free=119728Kb
 bounds [0x000001d687ad0000, 0x000001d687d40000, 0x000001d68f000000]
CodeHeap 'profiled nmethods': size=120000Kb used=1194Kb max_used=1194Kb free=118806Kb
 bounds [0x000001d680000000, 0x000001d680270000, 0x000001d687530000]
CodeHeap 'non-nmethods': size=5760Kb used=1506Kb max_used=1520Kb free=4253Kb
 bounds [0x000001d687530000, 0x000001d6877a0000, 0x000001d687ad0000]
 total_blobs=1180 nmethods=732 adapters=359
 compilation: enabled
              stopped_count=0, restarted_count=0
 full_count=0

Compilation events (20 events):
Event: 4.071 Thread 0x000001d6fe0b3e20  726       1       java.util.zip.ZipEntry::getCrc (5 bytes)
Event: 4.071 Thread 0x000001d6fe0b3e20 nmethod 726 0x000001d687b12a90 code [0x000001d687b12c00, 0x000001d687b12cc8]
Event: 4.071 Thread 0x000001d6fe0b3e20  727       3       java.util.zip.ZipFile$ZipFileInflaterInputStream::fill (80 bytes)
Event: 4.071 Thread 0x000001d6fe0b3e20 nmethod 727 0x000001d680125490 code [0x000001d680125660, 0x000001d6801259e8]
Event: 4.071 Thread 0x000001d6fe0b3e20  728   !   3       java.util.zip.ZipFile$ZipFileInputStream::read (135 bytes)
Event: 4.072 Thread 0x000001d6fe04b2e0  731       4       java.lang.StringLatin1::replace (198 bytes)
Event: 4.072 Thread 0x000001d6fe0b3e20 nmethod 728 0x000001d680125b90 code [0x000001d680125da0, 0x000001d680126448]
Event: 4.072 Thread 0x000001d6fe0b3e20  729       3       java.util.zip.ZipFile::ensureOpenOrZipException (19 bytes)
Event: 4.072 Thread 0x000001d6fe0b3e20 nmethod 729 0x000001d680126810 code [0x000001d6801269a0, 0x000001d680126b70]
Event: 4.072 Thread 0x000001d6fe0b3e20  730   !   3       java.util.zip.ZipFile::getInputStream (275 bytes)
Event: 4.073 Thread 0x000001d6fe0b3e20 nmethod 730 0x000001d680126c10 code [0x000001d680126ee0, 0x000001d680128070]
Event: 4.075 Thread 0x000001d6fe0b3e20  733   !   2       java.util.zip.ZipFile::getEntry (59 bytes)
Event: 4.075 Thread 0x000001d6fe0b3e20 nmethod 733 0x000001d680128b10 code [0x000001d680128ce0, 0x000001d680129040]
Event: 4.076 Thread 0x000001d6fe0b3e20  734   !   2       java.util.zip.ZipFile$Source::getEntryPos (195 bytes)
Event: 4.076 Thread 0x000001d6fe0b3e20 nmethod 734 0x000001d680129290 code [0x000001d6801294c0, 0x000001d680129b88]
Event: 4.083 Thread 0x000001d6fe04b2e0 nmethod 731 0x000001d687b12d90 code [0x000001d687b12f20, 0x000001d687b13458]
Event: 4.083 Thread 0x000001d6fe04b2e0  732 %     4       java.lang.StringLatin1::inflate @ 3 (34 bytes)
Event: 4.090 Thread 0x000001d6fe04b2e0 nmethod 732% 0x000001d687b13790 code [0x000001d687b13900, 0x000001d687b13ce0]
Event: 4.133 Thread 0x000001d6fe0b3e20  735       3       java.util.zip.ZipCoder$UTF8ZipCoder::hasTrailingSlash (20 bytes)
Event: 4.133 Thread 0x000001d6fe0b3e20 nmethod 735 0x000001d68012a390 code [0x000001d68012a520, 0x000001d68012a6f0]

GC Heap History (0 events):
No events

Dll operation events (6 events):
Event: 0.060 Loaded shared library C:\Program Files\Java\jdk-20\bin\java.dll
Event: 0.341 Loaded shared library C:\Program Files\Java\jdk-20\bin\jsvml.dll
Event: 1.817 Loaded shared library C:\Program Files\Java\jdk-20\bin\net.dll
Event: 1.881 Loaded shared library C:\Program Files\Java\jdk-20\bin\nio.dll
Event: 1.895 Loaded shared library C:\Program Files\Java\jdk-20\bin\zip.dll
Event: 3.369 Loaded shared library C:\Program Files\Java\jdk-20\bin\jimage.dll

Deoptimization events (20 events):
Event: 2.016 Thread 0x000001d6f25efe70 DEOPT PACKING pc=0x000001d680022ffc sp=0x0000006e775fda00
Event: 2.016 Thread 0x000001d6f25efe70 DEOPT UNPACKING pc=0x000001d68759e462 sp=0x0000006e775fce90 mode 0
Event: 2.016 Thread 0x000001d6f25efe70 DEOPT PACKING pc=0x000001d680022ffc sp=0x0000006e775fda00
Event: 2.016 Thread 0x000001d6f25efe70 DEOPT UNPACKING pc=0x000001d68759e462 sp=0x0000006e775fce90 mode 0
Event: 2.025 Thread 0x000001d6f25efe70 DEOPT PACKING pc=0x000001d68000b4d7 sp=0x0000006e775fd940
Event: 2.025 Thread 0x000001d6f25efe70 DEOPT UNPACKING pc=0x000001d68759e462 sp=0x0000006e775fcd60 mode 0
Event: 2.126 Thread 0x000001d6f25efe70 Uncommon trap: trap_request=0xffffff45 fr.pc=0x000001d687ad9064 relative=0x0000000000000164
Event: 2.126 Thread 0x000001d6f25efe70 Uncommon trap: reason=unstable_if action=reinterpret pc=0x000001d687ad9064 method=java.util.zip.ZipFile$Source.isMetaName([BII)Z @ 43 c2
Event: 2.126 Thread 0x000001d6f25efe70 DEOPT PACKING pc=0x000001d687ad9064 sp=0x0000006e775fdb50
Event: 2.126 Thread 0x000001d6f25efe70 DEOPT UNPACKING pc=0x000001d68754d2a2 sp=0x0000006e775fdaf8 mode 2
Event: 3.214 Thread 0x000001d6f25efe70 DEOPT PACKING pc=0x000001d680045b50 sp=0x0000006e775fc980
Event: 3.214 Thread 0x000001d6f25efe70 DEOPT UNPACKING pc=0x000001d68759e462 sp=0x0000006e775fbe00 mode 0
Event: 3.215 Thread 0x000001d6f25efe70 DEOPT PACKING pc=0x000001d6800332d8 sp=0x0000006e775fcb10
Event: 3.215 Thread 0x000001d6f25efe70 DEOPT UNPACKING pc=0x000001d68759e462 sp=0x0000006e775fbfa0 mode 0
Event: 3.229 Thread 0x000001d6f25efe70 DEOPT PACKING pc=0x000001d680033ac7 sp=0x0000006e775fc890
Event: 3.229 Thread 0x000001d6f25efe70 DEOPT UNPACKING pc=0x000001d68759e462 sp=0x0000006e775fbd10 mode 0
Event: 3.374 Thread 0x000001d6f25efe70 Uncommon trap: trap_request=0xfffffff4 fr.pc=0x000001d687af05f8 relative=0x0000000000000658
Event: 3.374 Thread 0x000001d6f25efe70 Uncommon trap: reason=null_check action=make_not_entrant pc=0x000001d687af05f8 method=jdk.internal.loader.URLClassPath.getLoader(I)Ljdk/internal/loader/URLClassPath$Loader; @ 36 c2
Event: 3.374 Thread 0x000001d6f25efe70 DEOPT PACKING pc=0x000001d687af05f8 sp=0x0000006e775fe0e0
Event: 3.374 Thread 0x000001d6f25efe70 DEOPT UNPACKING pc=0x000001d68754d2a2 sp=0x0000006e775fe0a0 mode 2

Classes loaded (20 events):
Event: 4.048 Loading class java/time/zone/ZoneRulesProvider$1
Event: 4.048 Loading class java/time/zone/ZoneRulesProvider$1 done
Event: 4.048 Loading class java/time/zone/TzdbZoneRulesProvider
Event: 4.048 Loading class java/time/zone/TzdbZoneRulesProvider done
Event: 4.059 Loading class java/time/zone/Ser
Event: 4.059 Loading class java/io/Externalizable
Event: 4.059 Loading class java/io/Externalizable done
Event: 4.059 Loading class java/time/zone/Ser done
Event: 4.061 Loading class java/time/Month
Event: 4.061 Loading class java/time/Month done
Event: 4.061 Loading class java/time/DayOfWeek
Event: 4.061 Loading class java/time/DayOfWeek done
Event: 4.061 Loading class java/time/zone/ZoneOffsetTransitionRule$TimeDefinition
Event: 4.062 Loading class java/time/zone/ZoneOffsetTransitionRule$TimeDefinition done
Event: 4.063 Loading class java/time/zone/ZoneOffsetTransition
Event: 4.063 Loading class java/time/zone/ZoneOffsetTransition done
Event: 4.069 Loading class java/util/concurrent/atomic/AtomicReference
Event: 4.069 Loading class java/util/concurrent/atomic/AtomicReference done
Event: 4.074 Loading class java/lang/NumberFormatException
Event: 4.074 Loading class java/lang/NumberFormatException done

Classes unloaded (0 events):
No events

Classes redefined (0 events):
No events

Internal exceptions (5 events):
Event: 3.374 Thread 0x000001d6f25efe70 Implicit null exception at 0x000001d687af0233 to 0x000001d687af05d8
Event: 3.844 Thread 0x000001d6f25efe70 Exception <a 'java/lang/ClassNotFoundException'{0x00000000c64a35f0}: javax/smartcardio/CardPermission> (0x00000000c64a35f0) 
thrown [s\open\src\hotspot\share\classfile\systemDictionary.cpp, line 305]
Event: 3.848 Thread 0x000001d6f25efe70 Exception <a 'java/io/FileNotFoundException'{0x00000000c64b1cf8}> (0x00000000c64b1cf8) 
thrown [s\open\src\hotspot\share\prims\jni.cpp, line 519]
Event: 3.934 Thread 0x000001d6f25efe70 Exception <a 'java/lang/NoSuchMethodError'{0x00000000c6336508}: 'java.lang.Object java.lang.invoke.DirectMethodHandle$Holder.invokeSpecial(java.lang.Object, java.lang.Object, java.lang.Object, long, java.lang.Object)'> (0x00000000c6336508) 
thrown [s\open\src\hotspot\share\interpreter\linkResolver.cpp, line 773]
Event: 3.935 Thread 0x000001d6f25efe70 Exception <a 'java/lang/NoSuchMethodError'{0x00000000c6339e58}: 'java.lang.Object java.lang.invoke.Invokers$Holder.linkToTargetMethod(java.lang.Object, long, java.lang.Object, java.lang.Object)'> (0x00000000c6339e58) 
thrown [s\open\src\hotspot\share\interpreter\linkResolver.cpp, line 773]

VM Operations (12 events):
Event: 1.420 Executing VM operation: Cleanup
Event: 1.420 Executing VM operation: Cleanup done
Event: 2.133 Executing VM operation: HandshakeAllThreads
Event: 2.133 Executing VM operation: HandshakeAllThreads done
Event: 3.143 Executing VM operation: Cleanup
Event: 3.143 Executing VM operation: Cleanup done
Event: 3.376 Executing VM operation: HandshakeAllThreads
Event: 3.376 Executing VM operation: HandshakeAllThreads done
Event: 3.851 Executing VM operation: HandshakeAllThreads
Event: 3.851 Executing VM operation: HandshakeAllThreads done
Event: 4.074 Executing VM operation: HandshakeAllThreads
Event: 4.074 Executing VM operation: HandshakeAllThreads done

Events (11 events):
Event: 0.342 Thread 0x000001d6f25efe70 Thread added: 0x000001d6f25efe70
Event: 0.426 Thread 0x000001d6fe03f6c0 Thread added: 0x000001d6fe03f6c0
Event: 0.426 Thread 0x000001d6fe040e00 Thread added: 0x000001d6fe040e00
Event: 0.427 Thread 0x000001d6fe044c40 Thread added: 0x000001d6fe044c40
Event: 0.427 Thread 0x000001d6fe046d10 Thread added: 0x000001d6fe046d10
Event: 0.427 Thread 0x000001d6fe049b50 Thread added: 0x000001d6fe049b50
Event: 0.427 Thread 0x000001d6fe04a580 Thread added: 0x000001d6fe04a580
Event: 0.427 Thread 0x000001d6fe04b2e0 Thread added: 0x000001d6fe04b2e0
Event: 0.646 Thread 0x000001d6fe0b3e20 Thread added: 0x000001d6fe0b3e20
Event: 1.594 Thread 0x000001d6fe2b65d0 Thread added: 0x000001d6fe2b65d0
Event: 1.599 Thread 0x000001d6fe2cc330 Thread added: 0x000001d6fe2cc330


Dynamic libraries:
0x00007ff7dbde0000 - 0x00007ff7dbdf0000 	C:\Program Files\Java\jdk-20\bin\javaw.exe
0x00007ff84af10000 - 0x00007ff84b126000 	C:\WINDOWS\SYSTEM32\ntdll.dll
0x00007ff84a720000 - 0x00007ff84a7e4000 	C:\WINDOWS\System32\KERNEL32.DLL
0x00007ff848710000 - 0x00007ff848ab6000 	C:\WINDOWS\System32\KERNELBASE.dll
0x00007ff8485f0000 - 0x00007ff848701000 	C:\WINDOWS\System32\ucrtbase.dll
0x00007ff83c7b0000 - 0x00007ff83c7c9000 	C:\Program Files\Java\jdk-20\bin\jli.dll
0x00007ff84a940000 - 0x00007ff84a9f2000 	C:\WINDOWS\System32\ADVAPI32.dll
0x00007ff848ff0000 - 0x00007ff849097000 	C:\WINDOWS\System32\msvcrt.dll
0x00007ff849bd0000 - 0x00007ff849c78000 	C:\WINDOWS\System32\sechost.dll
0x00007ff848460000 - 0x00007ff848488000 	C:\WINDOWS\System32\bcrypt.dll
0x00007ff84a820000 - 0x00007ff84a935000 	C:\WINDOWS\System32\RPCRT4.dll
0x00007ff848e40000 - 0x00007ff848fed000 	C:\WINDOWS\System32\USER32.dll
0x00007ff848490000 - 0x00007ff8484b6000 	C:\WINDOWS\System32\win32u.dll
0x00007ff84a7f0000 - 0x00007ff84a819000 	C:\WINDOWS\System32\GDI32.dll
0x00007ff848ac0000 - 0x00007ff848bd8000 	C:\WINDOWS\System32\gdi32full.dll
0x00007ff848250000 - 0x00007ff8482ea000 	C:\WINDOWS\System32\msvcp_win.dll
0x00007ff83bff0000 - 0x00007ff83c00b000 	C:\Program Files\Java\jdk-20\bin\VCRUNTIME140.dll
0x00007ff832390000 - 0x00007ff832623000 	C:\WINDOWS\WinSxS\amd64_microsoft.windows.common-controls_6595b64144ccf1df_6.0.22621.3235_none_270f74e173860f98\COMCTL32.dll
0x00007ff840fd0000 - 0x00007ff840fda000 	C:\WINDOWS\SYSTEM32\VERSION.dll
0x00007ff84abb0000 - 0x00007ff84abe1000 	C:\WINDOWS\System32\IMM32.DLL
0x00007ff83f500000 - 0x00007ff83f50c000 	C:\Program Files\Java\jdk-20\bin\vcruntime140_1.dll
0x00007ff816b80000 - 0x00007ff816c0e000 	C:\Program Files\Java\jdk-20\bin\msvcp140.dll
0x00007fff9ac90000 - 0x00007fff9b928000 	C:\Program Files\Java\jdk-20\bin\server\jvm.dll
0x00007fffe7320000 - 0x00007fffe7329000 	C:\WINDOWS\SYSTEM32\WSOCK32.dll
0x00007ff8496d0000 - 0x00007ff849741000 	C:\WINDOWS\System32\WS2_32.dll
0x00007ff841440000 - 0x00007ff841474000 	C:\WINDOWS\SYSTEM32\WINMM.dll
0x00007ff847290000 - 0x00007ff8472a8000 	C:\WINDOWS\SYSTEM32\kernel.appcore.dll
0x00007ff83f490000 - 0x00007ff83f49a000 	C:\Program Files\Java\jdk-20\bin\jimage.dll
0x00007ff845c90000 - 0x00007ff845ec3000 	C:\WINDOWS\SYSTEM32\DBGHELP.DLL
0x00007ff849340000 - 0x00007ff8496c8000 	C:\WINDOWS\System32\combase.dll
0x00007ff84abf0000 - 0x00007ff84acc7000 	C:\WINDOWS\System32\OLEAUT32.dll
0x00007ff840200000 - 0x00007ff840232000 	C:\WINDOWS\SYSTEM32\dbgcore.DLL
0x00007ff848be0000 - 0x00007ff848c5a000 	C:\WINDOWS\System32\bcryptPrimitives.dll
0x00007ff825980000 - 0x00007ff8259a6000 	C:\Program Files\Java\jdk-20\bin\java.dll
0x00007ff814c90000 - 0x00007ff814d67000 	C:\Program Files\Java\jdk-20\bin\jsvml.dll
0x00007ff849ca0000 - 0x00007ff84a4fd000 	C:\WINDOWS\System32\SHELL32.dll
0x00007ff8461b0000 - 0x00007ff846aa8000 	C:\WINDOWS\SYSTEM32\windows.storage.dll
0x00007ff846070000 - 0x00007ff8461ae000 	C:\WINDOWS\SYSTEM32\wintypes.dll
0x00007ff84ad30000 - 0x00007ff84ae23000 	C:\WINDOWS\System32\SHCORE.dll
0x00007ff8490a0000 - 0x00007ff8490fe000 	C:\WINDOWS\System32\shlwapi.dll
0x00007ff848180000 - 0x00007ff8481a6000 	C:\WINDOWS\SYSTEM32\profapi.dll
0x00007ff824d10000 - 0x00007ff824d23000 	C:\Program Files\Java\jdk-20\bin\net.dll
0x00007ff841480000 - 0x00007ff8415b7000 	C:\WINDOWS\SYSTEM32\WINHTTP.dll
0x00007ff847710000 - 0x00007ff847779000 	C:\WINDOWS\system32\mswsock.dll
0x00007ff824bc0000 - 0x00007ff824bd6000 	C:\Program Files\Java\jdk-20\bin\nio.dll
0x00007ff8249a0000 - 0x00007ff8249b8000 	C:\Program Files\Java\jdk-20\bin\zip.dll

dbghelp: loaded successfully - version: 4.0.5 - missing functions: none
symbol engine: initialized successfully - sym options: 0x614 - pdb path: .;C:\Program Files\Java\jdk-20\bin;C:\WINDOWS\SYSTEM32;C:\WINDOWS\WinSxS\amd64_microsoft.windows.common-controls_6595b64144ccf1df_6.0.22621.3235_none_270f74e173860f98;C:\Program Files\Java\jdk-20\bin\server

VM Arguments:
jvm_args: -Dfile.encoding=UTF-8 -Dstdout.encoding=UTF-8 -Dstderr.encoding=UTF-8 -XX:+ShowCodeDetailsInExceptionMessages 
java_command: com.spiral.technologie.Application
java_class_path (initial): C:\Users\ASUS\Downloads\publication\publication\target\classes;C:\Users\ASUS\.m2\repository\org\camunda\bpm\springboot\camunda-bpm-spring-boot-starter-webapp\7.21.0\camunda-bpm-spring-boot-starter-webapp-7.21.0.jar;C:\Users\ASUS\.m2\repository\org\camunda\bpm\springboot\camunda-bpm-spring-boot-starter-webapp-core\7.21.0\camunda-bpm-spring-boot-starter-webapp-core-7.21.0.jar;C:\Users\ASUS\.m2\repository\org\camunda\bpm\springboot\camunda-bpm-spring-boot-starter\7.21.0\camunda-bpm-spring-boot-starter-7.21.0.jar;C:\Users\ASUS\.m2\repository\org\camunda\bpm\camunda-engine-spring-6\7.21.0\camunda-engine-spring-6-7.21.0.jar;C:\Users\ASUS\.m2\repository\org\camunda\bpm\camunda-engine\7.21.0\camunda-engine-7.21.0.jar;C:\Users\ASUS\.m2\repository\org\camunda\bpm\model\camunda-bpmn-model\7.21.0\camunda-bpmn-model-7.21.0.jar;C:\Users\ASUS\.m2\repository\org\camunda\bpm\model\camunda-xml-model\7.21.0\camunda-xml-model-7.21.0.jar;C:\Users\ASUS\.m2\repository\org\camunda\bpm\model\camunda-cmmn-model\7.21.0\camunda-cmmn-model-7.21.0.jar;C:\Users\ASUS\.m2\repository\org\camunda\bpm\juel\camunda-juel\7.21.0\camunda-juel-7.21.0.jar;C:\Users\ASUS\.m2\repository\org\camunda\bpm\dmn\camunda-engine-dmn\7.21.0\camunda-engine-dmn-7.21.0.jar;C:\Users\ASUS\.m2\repository\org\camunda\commons\camunda-commons-utils\1.13.0\camunda-commons-utils-1.13.0.jar;C:\Users\ASUS\.m2\repository\org\camunda\bpm\model\camunda-dmn-model\7.21.0\camunda-dmn-model-7.21.0.jar;C:\Users\ASUS\.m2\repository\org\camunda\bpm\dmn\camunda-engine-feel-api\7.21.0\camunda-engine-feel-api-7.21.0.jar;C:\Users\ASUS\.m2\repository\org\camunda\bpm\dmn\camunda-engine-feel-juel\7.21.0\camunda-engine-feel-juel-7.21.0.jar;C:\Users\ASUS\.m2\repository\org\camunda\bpm\dmn\camunda-engine-feel-scala\7.21.0\camunda-engine-feel-scala-7.21.0.jar;C:\Users\ASUS\.m2\repository\org\camunda\feel\feel-engine\1.17.5\feel-engine-1.17.5-scala-shaded.jar;C:\Users\ASUS\.m2\repository\org\camunda\commons\camunda-commons-typed-values\7.21.0\camunda-commons-typed-values-7.21.0.jar;C:\Users\ASUS\.m2\repository\org\mybatis\mybatis\3.5.15\mybatis-3.5.15.jar;C:\Users\ASUS\.m2\repository\joda-time\joda-time\2.12.5\joda-time-2.12.5.jar;C:\Users\ASUS\.m2\repository\org\camunda\connect\camunda-connect-core\1.6.0\camunda-connect-core-1.6.0.jar;C:\Users\ASUS\.m2\repository\org\camunda\connect\camunda-connect-connectors-all\1.6.0\camunda-connect-connectors-all-1.6.0.jar;C:\Users\ASUS\.m2\repository\org\springframework\spring-orm\6.1.3\spring-orm-6.1.3.jar;C:\Users\ASUS\.m2\repository\org\apache\commons\commons-lang3\3.13.0\commons-lang3-3.13.0.jar;C:\Users\ASUS\.m2\repository\com\fasterxml\uuid\java-uuid-generator\4.3.0\java-uuid-generator-4.3.0.jar;C:\Users\ASUS\.m2\repository\com\sun\xml\bind\jaxb-impl\4.0.4\jaxb-impl-4.0.4.jar;C:\Users\ASUS\.m2\repository\com\sun\xml\bind\jaxb-core\4.0.4\jaxb-core-4.0.4.jar;C:\Users\ASUS\.m2\repository\org\eclipse\angus\angus-activation\2.0.1\angus-activation-2.0.1.jar;C:\Users\ASUS\.m2\repository\org\camunda\bpm\webapp\camunda-webapp-jakarta\7.21.0\camunda-webapp-jakarta-7.21.0-classes.jar;C:\Users\ASUS\.m2\repository\com\fasterxml\jackson\jakarta\rs\jackson-jakarta-rs-json-provider\2.15.3\jackson-jakarta-rs-json-provider-2.15.3.jar;C:\Users\ASUS\.m2\repository\com\fasterxml\jackson\jakarta\rs\jackson-jakarta-rs-base\2.15.3\jackson-jakarta-rs-base-2.15.3.jar;C:\Users\ASUS\.m2\repository\com\fasterxml\jackson\module\jackson-module-jakarta-xmlbind-annotations\2.15.3\jackson-module-jakarta-xmlbind-annotations-2.15.3.jar;C:\Users\ASUS\.m2\repository\org\camunda\bpm\camunda-engine-rest-core-jakarta\7.21.0\camunda-engine-rest-core-jakarta-7.21.0.jar;C:\Users\ASUS\.m2\repository\commons-fileupload\commons-fileupload\1.5\commons-fileupload-1.5.jar;C:\Users\ASUS\.m2\repository\commons-io\commons-io\2.8.0\commons-io-2.8.0.jar;C:\Users\ASUS\.m2\repository\org\camunda\commons\camunda-commons-logging\1.13.0\camunda-commons-logging-1.13.0.jar;C:\Users\ASUS\.m2\repository\org\springframework\boot\spring-boot-starter-jersey\3.2.2\spring-boot-starter-jersey-3.2.2.jar;C:\Users\ASUS\.m2\repository\org\springframework\boot\spring-boot-starter-validation\3.2.2\spring-boot-starter-validation-3.2.2.jar;C:\Users\ASUS\.m2\repository\org\hibernate\validator\hibernate-validator\8.0.1.Final\hibernate-validator-8.0.1.Final.jar;C:\Users\ASUS\.m2\repository\com\fasterxml\classmate\1.6.0\classmate-1.6.0.jar;C:\Users\ASUS\.m2\repository\org\glassfish\jersey\containers\jersey-container-servlet-core\3.1.5\jersey-container-servlet-core-3.1.5.jar;C:\Users\ASUS\.m2\repository\jakarta\inject\jakarta.inject-api\2.0.1\jakarta.inject-api-2.0.1.jar;C:\Users\ASUS\.m2\repository\org\glassfish\jersey\core\jersey-common\3.1.5\jersey-common-3.1.5.jar;C:\Users\ASUS\.m2\repository\org\glassfish\hk2\osgi-resource-locator\1.0.3\osgi-resource-locator-1.0.3.jar;C:\Users\ASUS\.m2\repository\jakarta\ws\rs\jakarta.ws.rs-api\3.1.0\jakarta.ws.rs-api-3.1.0.jar;C:\Users\ASUS\.m2\repository\org\glassfish\jersey\containers\jersey-container-servlet\3.1.5\jersey-container-servlet-3.1.5.jar;C:\Users\ASUS\.m2\repository\org\glassfish\jersey\core\jersey-server\3.1.5\jersey-server-3.1.5.jar;C:\Users\ASUS\.m2\repository\org\glassfish\jersey\core\jersey-client\3.1.5\jersey-client-3.1.5.jar;C:\Users\ASUS\.m2\repository\jakarta\validation\jakarta.validation-api\3.0.2\jakarta.validation-api-3.0.2.jar;C:\Users\ASUS\.m2\repository\org\glassfish\jersey\ext\jersey-bean-validation\3.1.5\jersey-bean-validation-3.1.5.jar;C:\Users\ASUS\.m2\repository\org\jboss\logging\jboss-logging\3.5.3.Final\jboss-logging-3.5.3.Final.jar;C:\Users\ASUS\.m2\repository\org\glassfish\jersey\ext\jersey-spring6\3.1.5\jersey-spring6-3.1.5.jar;C:\Users\ASUS\.m2\repository\org\glassfish\jersey\inject\jersey-hk2\3.1.5\jersey-hk2-3.1.5.jar;C:\Users\ASUS\.m2\repository\org\glassfish\hk2\hk2-locator\3.0.5\hk2-locator-3.0.5.jar;C:\Users\ASUS\.m2\repository\org\glassfish\hk2\external\aopalliance-repackaged\3.0.5\aopalliance-repackaged-3.0.5.jar;C:\Users\ASUS\.m2\repository\org\javassist\javassist\3.29.2-GA\javassist-3.29.2-GA.jar;C:\Users\ASUS\.m2\repository\org\glassfish\hk2\hk2\3.0.5\hk2-3.0.5.jar;C:\Users\ASUS\.m2\repository\org\glassfish\hk2\hk2-utils\3.0.5\hk2-utils-3.0.5.jar;C:\Users\ASUS\.m2\repository\org\glassfish\hk2\hk2-api\3.0.5\hk2-api-3.0.5.jar;C:\Users\ASUS\.m2\repository\org\glassfish\hk2\hk2-core\3.0.5\hk2-core-3.0.5.jar;C:\Users\ASUS\.m2\repository\org\glassfish\hk2\hk2-runlevel\3.0.5\hk2-runlevel-3.0.5.jar;C:\Users\ASUS\.m2\repository\org\glassfish\hk2\class-model\3.0.5\class-model-3.0.5.jar;C:\Users\ASUS\.m2\repository\org\ow2\asm\asm-analysis\9.6\asm-analysis-9.6.jar;C:\Users\ASUS\.m2\repository\org\ow2\asm\asm-commons\9.6\asm-commons-9.6.jar;C:\Users\ASUS\.m2\repository\org\ow2\asm\asm-tree\9.6\asm-tree-9.6.jar;C:\Users\ASUS\.m2\repository\org\ow2\asm\asm-util\9.6\asm-util-9.6.jar;C:\Users\ASUS\.m2\repository\org\glassfish\hk2\spring-bridge\3.0.5\spring-bridge-3.0.5.jar;C:\Users\ASUS\.m2\repository\org\glassfish\jersey\media\jersey-media-json-jackson\3.1.5\jersey-media-json-jackson-3.1.5.jar;C:\Users\ASUS\.m2\repository\org\glassfish\jersey\ext\jersey-entity-filtering\3.1.5\jersey-entity-filtering-3.1.5.jar;C:\Users\ASUS\.m2\repository\jakarta\xml\bind\jakarta.xml.bind-api\4.0.1\jakarta.xml.bind-api-4.0.1.jar;C:\Users\ASUS\.m2\repository\jakarta\activation\jakarta.activation-api\2.1.2\jakarta.activation-api-2.1.2.jar;C:\Users\ASUS\.m2\repository\org\camunda\bpm\webapp\camunda-webapp-webjar\7.21.0\camunda-webapp-webjar-7.21.0.jar;C:\Users\ASUS\.m2\repository\org\springframework\boot\spring-boot-starter-web\3.2.2\spring-boot-starter-web-3.2.2.jar;C:\Users\ASUS\.m2\repository\org\springframework\boot\spring-boot-starter\3.2.2\spring-boot-starter-3.2.2.jar;C:\Users\ASUS\.m2\repository\org\springframework\boot\spring-boot\3.2.2\spring-boot-3.2.2.jar;C:\Users\ASUS\.m2\repository\org\springframework\boot\spring-boot-autoconfigure\3.2.2\spring-boot-autoconfigure-3.2.2.jar;C:\Users\ASUS\.m2\repository\org\springframework\boot\spring-boot-starter-logging\3.2.2\spring-boot-starter-logging-3.2.2.jar;C:\Users\ASUS\.m2\repository\ch\qos\logback\logback-classic\1.4.14\logback-classic-1.4.14.jar;C:\Users\ASUS\.m2\repository\ch\qos\logback\logback-core\1.4.14\logback-core-1.4.14.jar;C:\Users\ASUS\.m2\repository\org\apache\logging\log4j\log4j-to-slf4j\2.21.1\log4j-to-slf4j-2.21.1.jar;C:\Users\ASUS\.m2\repository\org\apache\logging\log4j\log4j-api\2.21.1\log4j-api-2.21.1.jar;C:\Users\ASUS\.m2\repository\org\slf4j\jul-to-slf4j\2.0.11\jul-to-slf4j-2.0.11.jar;C:\Users\ASUS\.m2\repository\jakarta\annotation\jakarta.annotation-api\2.1.1\jakarta.annotation-api-2.1.1.jar;C:\Users\ASUS\.m2\repository\org\springframework\spring-core\6.1.3\spring-core-6.1.3.jar;C:\Users\ASUS\.m2\repository\org\springframework\spring-jcl\6.1.3\spring-jcl-6.1.3.jar;C:\Users\ASUS\.m2\repository\org\yaml\snakeyaml\2.2\snakeyaml-2.2.jar;C:\Users\ASUS\.m2\repository\org\springframework\boot\spring-boot-starter-json\3.2.2\spring-boot-starter-json-3.2.2.jar;C:\Users\ASUS\.m2\repository\com\fasterxml\jackson\core\jackson-databind\2.15.3\jackson-databind-2.15.3.jar;C:\Users\ASUS\.m2\repository\com\fasterxml\jackson\core\jackson-annotations\2.15.3\jackson-annotations-2.15.3.jar;C:\Users\ASUS\.m2\repository\com\fasterxml\jackson\core\jackson-core\2.15.3\jackson-core-2.15.3.jar;C:\Users\ASUS\.m2\repository\com\fasterxml\jackson\datatype\jackson-datatype-jdk8\2.15.3\jackson-datatype-jdk8-2.15.3.jar;C:\Users\ASUS\.m2\repository\com\fasterxml\jackson\datatype\jackson-datatype-jsr310\2.15.3\jackson-datatype-jsr310-2.15.3.jar;C:\Users\ASUS\.m2\repository\com\fasterxml\jackson\module\jackson-module-parameter-names\2.15.3\jackson-module-parameter-names-2.15.3.jar;C:\Users\ASUS\.m2\repository\org\springframework\boot\spring-boot-starter-tomcat\3.2.2\spring-boot-starter-tomcat-3.2.2.jar;C:\Users\ASUS\.m2\repository\org\apache\tomcat\embed\tomcat-embed-core\10.1.18\tomcat-embed-core-10.1.18.jar;C:\Users\ASUS\.m2\repository\org\apache\tomcat\embed\tomcat-embed-el\10.1.18\tomcat-embed-el-10.1.18.jar;C:\Users\ASUS\.m2\repository\org\apache\tomcat\embed\tomcat-embed-websocket\10.1.18\tomcat-embed-websocket-10.1.18.jar;C:\Users\ASUS\.m2\repository\org\springframework\spring-web\6.1.3\spring-web-6.1.3.jar;C:\Users\ASUS\.m2\repository\org\springframework\spring-beans\6.1.3\spring-beans-6.1.3.jar;C:\Users\ASUS\.m2\repository\io\micrometer\micrometer-observation\1.12.2\micrometer-observation-1.12.2.jar;C:\Users\ASUS\.m2\repository\io\micrometer\micrometer-commons\1.12.2\micrometer-commons-1.12.2.jar;C:\Users\ASUS\.m2\repository\org\springframework\spring-webmvc\6.1.3\spring-webmvc-6.1.3.jar;C:\Users\ASUS\.m2\repository\org\springframework\spring-aop\6.1.3\spring-aop-6.1.3.jar;C:\Users\ASUS\.m2\repository\org\springframework\spring-context\6.1.3\spring-context-6.1.3.jar;C:\Users\ASUS\.m2\repository\org\springframework\spring-expression\6.1.3\spring-expression-6.1.3.jar;C:\Users\ASUS\.m2\repository\com\h2database\h2\2.2.224\h2-2.2.224.jar;C:\Users\ASUS\.m2\repository\org\springframework\boot\spring-boot-starter-jdbc\3.2.2\spring-boot-starter-jdbc-3.2.2.jar;C:\Users\ASUS\.m2\repository\com\zaxxer\HikariCP\5.0.1\HikariCP-5.0.1.jar;C:\Users\ASUS\.m2\repository\org\slf4j\slf4j-api\2.0.11\slf4j-api-2.0.11.jar;C:\Users\ASUS\.m2\repository\org\springframework\spring-jdbc\6.1.3\spring-jdbc-6.1.3.jar;C:\Users\ASUS\.m2\repository\org\springframework\spring-tx\6.1.3\spring-tx-6.1.3.jar
Launcher Type: SUN_STANDARD

[Global flags]
     intx CICompilerCount                          = 3                                         {product} {ergonomic}
     uint ConcGCThreads                            = 1                                         {product} {ergonomic}
     uint G1ConcRefinementThreads                  = 4                                         {product} {ergonomic}
   size_t G1HeapRegionSize                         = 1048576                                   {product} {ergonomic}
    uintx GCDrainStackTargetSize                   = 64                                        {product} {ergonomic}
   size_t InitialHeapSize                          = 65011712                                  {product} {ergonomic}
   size_t MarkStackSize                            = 4194304                                   {product} {ergonomic}
   size_t MaxHeapSize                              = 1023410176                                {product} {ergonomic}
   size_t MaxNewSize                               = 613416960                                 {product} {ergonomic}
   size_t MinHeapDeltaBytes                        = 1048576                                   {product} {ergonomic}
   size_t MinHeapSize                              = 8388608                                   {product} {ergonomic}
    uintx NonNMethodCodeHeapSize                   = 5832780                                {pd product} {ergonomic}
    uintx NonProfiledCodeHeapSize                  = 122912730                              {pd product} {ergonomic}
    uintx ProfiledCodeHeapSize                     = 122912730                              {pd product} {ergonomic}
    uintx ReservedCodeCacheSize                    = 251658240                              {pd product} {ergonomic}
     bool SegmentedCodeCache                       = true                                      {product} {ergonomic}
     bool ShowCodeDetailsInExceptionMessages       = true                                   {manageable} {command line}
   size_t SoftMaxHeapSize                          = 1023410176                             {manageable} {ergonomic}
     bool UseCompressedClassPointers               = true                           {product lp64_product} {ergonomic}
     bool UseCompressedOops                        = true                           {product lp64_product} {ergonomic}
     bool UseG1GC                                  = true                                      {product} {ergonomic}
     bool UseLargePagesIndividualAllocation        = false                                  {pd product} {ergonomic}

Logging:
Log output configuration:
 #0: stdout all=warning uptime,level,tags foldmultilines=false
 #1: stderr all=off uptime,level,tags foldmultilines=false

Environment Variables:
PATH=C:/Program Files/Java/jdk-20/bin/server;C:/Program Files/Java/jdk-20/bin;C:\Program Files\Java\jdk-20\bin;C:\Program Files\nodejs;C:\Program Files\Common Files\Oracle\Java\javapath;C:\xampp\php;C:\ProgramData\ComposerSetup\bin;C:\Program Files (x86)\ComposerSetup;C:\Program Files (x86)\Yarn\bin;C:\Program Files (x86)\Git\cmd;C:\Program Files\nodejs\node_modules\npm\bin;C:\Program Files\nodejs\;C:\Program Files\nodejs;C:\Program Files (x86)\Yarn\bin\;C:\Users\ASUS\scoop\shims;C:\Users\ASUS\AppData\Local\Programs\Python\Python311\Scripts\;C:\Users\ASUS\AppData\Local\Programs\Python\Python311\;C:\Users\ASUS\AppData\Local\Microsoft\WindowsApps;C:\Users\ASUS\AppData\Local\Programs\Microsoft VS Code\bin;C:\Program Files\Java\jdk-20;C:\Users\ASUS\AppData\Roaming\Composer\vendor\bin;C:\Users\ASUS\AppData\Roaming\npm;C:\Users\ASUS\AppData\Local\Yarn\bin;;C:\Users\ASUS\Desktop;
USERNAME=ASUS
OS=Windows_NT
PROCESSOR_IDENTIFIER=Intel64 Family 6 Model 126 Stepping 5, GenuineIntel
TMP=C:\Users\ASUS\AppData\Local\Temp
TEMP=C:\Users\ASUS\AppData\Local\Temp




---------------  S Y S T E M  ---------------

OS:
 Windows 11 , 64 bit Build 22621 (10.0.22621.3235)
OS uptime: 43 days 1:24 hours

CPU: total 4 (initial active 4) (2 cores per cpu, 2 threads per core) family 6 model 126 stepping 5 microcode 0xa0, cx8, cmov, fxsr, ht, mmx, 3dnowpref, sse, sse2, sse3, ssse3, sse4.1, sse4.2, popcnt, lzcnt, tsc, tscinvbit, avx, avx2, aes, erms, clmul, bmi1, bmi2, adx, avx512f, avx512dq, avx512cd, avx512bw, avx512vl, sha, fma, vzeroupper, avx512_vpopcntdq, avx512_vpclmulqdq, avx512_vaes, avx512_vnni, clflush, clflushopt, avx512_vbmi2, avx512_vbmi, rdtscp, rdpid, fsrm, gfni, avx512_bitalg, f16c, pku, avx512_ifma

Memory: 4k page, system-wide physical 3901M (443M free)
TotalPageFile size 15677M (AvailPageFile size 579M)
current process WorkingSet (physical memory assigned to process): 54M, peak: 54M
current process commit charge ("private bytes"): 141M, peak: 141M

vm_info: Java HotSpot(TM) 64-Bit Server VM (20.0.2+9-78) for windows-amd64 JRE (20.0.2+9-78), built on 2023-06-14T10:08:48Z by "mach5one" with MS VC++ 17.1 (VS2022)

END.
